problem_instance_file_name: anna.col
cmd_line: mpirun -n 32 MPI/mpi.py ../instances/anna.col ../results/2h_All_OK_8n_4t-n_32cpu --cpusPerTask 32
solver_version: v1.0.1
number_of_vertices: 138
number_of_edges: 986
time_limit_sec: 9900
number_of_worker_processes: 32
number_of_cores_per_worker: 32
wall_time_sec: 6
is_within_time_limit: True
number_of_colors: 11
max_clique_size: 11
1 0
2 0
3 0
4 1
5 0
6 5
7 2
8 1
9 1
10 1
11 2
12 1
13 2
14 0
15 1
16 2
17 0
18 0
19 4
20 6
21 2
22 1
23 1
24 0
25 1
26 4
27 1
28 2
29 1
30 0
31 1
32 0
33 7
34 1
35 1
36 1
37 0
38 0
39 1
40 1
41 1
42 0
43 1
44 1
45 4
46 2
47 0
48 0
49 0
50 1
51 4
52 2
53 1
54 0
55 1
56 0
57 2
58 1
59 2
60 0
61 0
62 2
63 1
64 3
65 0
66 0
67 1
68 1
69 1
70 1
71 0
72 4
73 5
74 3
75 1
76 5
77 3
78 1
79 3
80 2
81 9
82 1
83 6
84 1
85 8
86 0
87 1
88 1
89 2
90 2
91 10
92 4
93 0
94 4
95 2
96 2
97 1
98 0
99 8
100 3
101 6
102 0
103 3
104 3
105 1
106 0
107 1
108 6
109 0
110 0
111 0
112 0
113 1
114 1
115 3
116 6
117 1
118 3
119 0
120 1
121 1
122 0
123 2
124 1
125 0
126 0
127 2
128 0
129 0
130 4
131 1
132 2
133 2
134 0
135 4
136 7
137 2
138 5
