problem_instance_file_name: david.col
cmd_line: mpirun -n 32 MPI/mpi.py ../instances/david.col ../results/2h_All_OK_8n_4t-n_32cpu --cpusPerTask 32
solver_version: v1.0.1
number_of_vertices: 87
number_of_edges: 812
time_limit_sec: 9900
number_of_worker_processes: 32
number_of_cores_per_worker: 32
wall_time_sec: 4
is_within_time_limit: True
number_of_colors: 11
max_clique_size: 11
1 3
2 2
3 1
4 6
5 1
6 1
7 7
8 1
9 1
10 1
11 4
12 4
13 3
14 2
15 1
16 6
17 2
18 1
19 1
20 1
21 3
22 2
23 4
24 2
25 1
26 1
27 4
28 1
29 7
30 2
31 2
32 8
33 6
34 5
35 6
36 1
37 5
38 1
39 1
40 5
41 1
42 5
43 6
44 1
45 6
46 7
47 2
48 1
49 3
50 7
51 3
52 6
53 7
54 4
55 10
56 1
57 2
58 4
59 4
60 0
61 2
62 1
63 1
64 1
65 1
66 4
67 1
68 2
69 5
70 1
71 2
72 5
73 8
74 9
75 1
76 3
77 3
78 2
79 5
80 5
81 8
82 1
83 0
84 9
85 2
86 1
87 3
