problem_instance_file_name: inithx.i.3.col
cmd_line: mpirun -n 32 MPI/mpi.py ../instances/inithx.i.3.col ../results/2h_All_OK_8n_4t-n_32cpu --cpusPerTask 32
solver_version: v1.0.1
number_of_vertices: 621
number_of_edges: 27938
time_limit_sec: 9900
number_of_worker_processes: 32
number_of_cores_per_worker: 32
wall_time_sec: 78
is_within_time_limit: True
number_of_colors: 31
max_clique_size: 31
1 0
2 1
3 2
4 27
5 26
6 25
7 24
8 23
9 22
10 17
11 10
12 8
13 9
14 11
15 12
16 7
17 0
18 22
19 21
20 20
21 19
22 18
23 9
24 8
25 2
26 1
27 11
28 12
29 14
30 15
31 16
32 17
33 6
34 27
35 7
36 7
37 7
38 14
39 7
40 24
41 25
42 3
43 3
44 4
45 7
46 7
47 10
48 5
49 7
50 10
51 23
52 10
53 24
54 7
55 25
56 13
57 26
58 26
59 7
60 10
61 23
62 7
63 3
64 3
65 3
66 3
67 3
68 3
69 3
70 3
71 3
72 3
73 3
74 3
75 3
76 4
77 5
78 13
79 18
80 20
81 3
82 4
83 5
84 4
85 4
86 4
87 5
88 4
89 4
90 4
91 0
92 6
93 15
94 16
95 19
96 16
97 6
98 5
99 0
100 13
101 0
102 0
103 0
104 23
105 24
106 25
107 26
108 14
109 19
110 21
111 19
112 27
113 0
114 0
115 0
116 26
117 0
118 0
119 21
120 28
121 28
122 28
123 29
124 28
125 30
126 0
127 28
128 29
129 28
130 0
131 15
132 15
133 16
134 16
135 15
136 15
137 6
138 16
139 15
140 21
141 19
142 14
143 14
144 15
145 14
146 14
147 15
148 14
149 6
150 15
151 14
152 6
153 14
154 15
155 14
156 14
157 15
158 14
159 14
160 15
161 14
162 14
163 15
164 14
165 7
166 14
167 14
168 15
169 14
170 15
171 15
172 14
173 0
174 10
175 13
176 0
177 0
178 24
179 23
180 24
181 25
182 14
183 16
184 25
185 14
186 28
187 15
188 14
189 15
190 29
191 29
192 28
193 28
194 29
195 16
196 16
197 25
198 29
199 25
200 16
201 14
202 25
203 0
204 0
205 23
206 0
207 25
208 26
209 25
210 24
211 24
212 24
213 25
214 25
215 26
216 26
217 27
218 27
219 0
220 0
221 28
222 10
223 14
224 7
225 15
226 14
227 15
228 14
229 7
230 7
231 7
232 7
233 14
234 15
235 14
236 7
237 10
238 14
239 15
240 10
241 0
242 13
243 23
244 16
245 20
246 28
247 20
248 20
249 28
250 20
251 28
252 16
253 16
254 16
255 20
256 20
257 20
258 16
259 16
260 0
261 23
262 7
263 7
264 10
265 7
266 0
267 7
268 10
269 23
270 10
271 23
272 24
273 25
274 23
275 24
276 26
277 25
278 26
279 23
280 23
281 23
282 23
283 24
284 23
285 26
286 27
287 26
288 25
289 25
290 26
291 27
292 0
293 27
294 14
295 28
296 28
297 0
298 28
299 14
300 0
301 14
302 15
303 7
304 7
305 16
306 15
307 14
308 14
309 14
310 15
311 14
312 14
313 14
314 14
315 7
316 15
317 7
318 10
319 14
320 15
321 14
322 7
323 10
324 7
325 7
326 14
327 14
328 15
329 7
330 14
331 14
332 15
333 14
334 7
335 15
336 14
337 7
338 7
339 7
340 7
341 7
342 7
343 0
344 10
345 4
346 3
347 5
348 4
349 16
350 15
351 14
352 6
353 7
354 23
355 13
356 10
357 6
358 5
359 4
360 3
361 3
362 4
363 3
364 5
365 5
366 0
367 6
368 6
369 7
370 0
371 6
372 0
373 0
374 10
375 0
376 5
377 0
378 6
379 0
380 3
381 0
382 5
383 7
384 7
385 7
386 7
387 10
388 7
389 13
390 10
391 13
392 7
393 7
394 7
395 7
396 10
397 7
398 0
399 14
400 13
401 23
402 13
403 10
404 10
405 10
406 13
407 13
408 23
409 23
410 24
411 24
412 25
413 25
414 26
415 26
416 27
417 27
418 0
419 28
420 15
421 19
422 16
423 20
424 20
425 16
426 21
427 21
428 20
429 19
430 19
431 20
432 21
433 20
434 21
435 16
436 16
437 16
438 16
439 19
440 20
441 21
442 20
443 20
444 19
445 20
446 19
447 15
448 20
449 15
450 15
451 15
452 0
453 28
454 7
455 10
456 10
457 7
458 10
459 7
460 13
461 23
462 14
463 15
464 10
465 13
466 23
467 13
468 10
469 10
470 7
471 7
472 10
473 16
474 19
475 16
476 16
477 15
478 10
479 10
480 15
481 16
482 19
483 16
484 14
485 14
486 7
487 13
488 0
489 0
490 24
491 23
492 14
493 24
494 24
495 25
496 0
497 0
498 23
499 25
500 26
501 25
502 24
503 24
504 24
505 25
506 25
507 26
508 26
509 27
510 27
511 0
512 15
513 16
514 19
515 16
516 16
517 15
518 0
519 28
520 7
521 10
522 23
523 7
524 24
525 23
526 24
527 7
528 14
529 7
530 15
531 7
532 14
533 15
534 14
535 15
536 14
537 0
538 7
539 0
540 26
541 27
542 26
543 25
544 25
545 26
546 25
547 26
548 27
549 27
550 0
551 14
552 0
553 28
554 24
555 0
556 24
557 26
558 24
559 24
560 25
561 0
562 27
563 28
564 27
565 23
566 23
567 27
568 28
569 27
570 26
571 26
572 10
573 23
574 0
575 10
576 27
577 10
578 14
579 0
580 27
581 10
582 10
583 0
584 14
585 14
586 10
587 10
588 0
589 0
590 0
591 13
592 0
593 0
594 24
595 23
596 24
597 25
598 0
599 0
600 23
601 14
602 25
603 26
604 25
605 24
606 24
607 25
608 26
609 0
610 26
611 27
612 27
613 28
614 15
615 16
616 15
617 15
618 16
619 15
620 0
621 28
