problem_instance_file_name: le450_5b.col
cmd_line: mpirun -n 32 MPI/mpi.py ../instances/le450_5b.col ../results/2h_All_OK_8n_4t-n_32cpu --cpusPerTask 32
solver_version: v1.0.1
number_of_vertices: 450
number_of_edges: 11468
time_limit_sec: 9900
number_of_worker_processes: 32
number_of_cores_per_worker: 32
wall_time_sec: 9925
is_within_time_limit: False
number_of_colors: 6
max_clique_size: 5
1 3
2 5
3 4
4 0
5 2
6 3
7 1
8 4
9 0
10 2
11 3
12 3
13 4
14 4
15 2
16 1
17 5
18 4
19 0
20 2
21 5
22 3
23 4
24 0
25 2
26 1
27 4
28 1
29 0
30 2
31 5
32 1
33 4
34 0
35 2
36 1
37 3
38 4
39 0
40 2
41 1
42 5
43 4
44 0
45 2
46 1
47 5
48 4
49 0
50 2
51 1
52 3
53 4
54 0
55 1
56 1
57 1
58 4
59 0
60 2
61 5
62 3
63 4
64 0
65 2
66 3
67 3
68 4
69 0
70 2
71 3
72 1
73 4
74 0
75 2
76 5
77 3
78 4
79 0
80 2
81 3
82 1
83 0
84 0
85 2
86 3
87 3
88 5
89 0
90 2
91 3
92 1
93 4
94 0
95 2
96 3
97 1
98 4
99 0
100 2
101 3
102 3
103 4
104 4
105 2
106 3
107 1
108 4
109 0
110 2
111 3
112 3
113 4
114 0
115 2
116 3
117 1
118 1
119 0
120 2
121 3
122 1
123 4
124 0
125 2
126 3
127 3
128 4
129 0
130 2
131 1
132 5
133 4
134 0
135 2
136 5
137 4
138 4
139 0
140 2
141 1
142 3
143 4
144 0
145 2
146 1
147 1
148 4
149 0
150 2
151 1
152 3
153 4
154 0
155 2
156 1
157 3
158 4
159 0
160 2
161 1
162 5
163 4
164 0
165 2
166 1
167 3
168 4
169 0
170 2
171 5
172 1
173 4
174 0
175 2
176 5
177 3
178 4
179 0
180 2
181 3
182 5
183 4
184 0
185 2
186 1
187 5
188 4
189 0
190 2
191 1
192 3
193 5
194 4
195 2
196 3
197 1
198 0
199 0
200 2
201 3
202 3
203 4
204 0
205 2
206 3
207 1
208 1
209 0
210 2
211 3
212 1
213 4
214 0
215 2
216 3
217 3
218 4
219 0
220 1
221 3
222 5
223 4
224 0
225 2
226 3
227 5
228 4
229 0
230 2
231 3
232 3
233 4
234 0
235 2
236 3
237 1
238 4
239 0
240 2
241 1
242 3
243 4
244 0
245 2
246 1
247 3
248 4
249 0
250 2
251 1
252 4
253 4
254 0
255 2
256 1
257 3
258 4
259 0
260 2
261 1
262 1
263 4
264 0
265 2
266 5
267 3
268 4
269 0
270 2
271 5
272 5
273 4
274 0
275 2
276 1
277 5
278 4
279 0
280 2
281 1
282 3
283 4
284 4
285 2
286 5
287 5
288 4
289 0
290 2
291 3
292 3
293 4
294 0
295 2
296 3
297 1
298 1
299 0
300 2
301 5
302 1
303 4
304 0
305 2
306 1
307 3
308 0
309 0
310 2
311 3
312 5
313 1
314 0
315 2
316 3
317 5
318 4
319 0
320 2
321 3
322 3
323 4
324 0
325 2
326 3
327 1
328 4
329 0
330 2
331 3
332 3
333 4
334 0
335 2
336 3
337 3
338 4
339 0
340 2
341 3
342 1
343 4
344 0
345 2
346 3
347 3
348 4
349 0
350 2
351 3
352 1
353 4
354 0
355 2
356 1
357 3
358 4
359 0
360 2
361 5
362 5
363 4
364 0
365 2
366 1
367 5
368 4
369 0
370 2
371 1
372 3
373 4
374 4
375 2
376 1
377 5
378 4
379 0
380 2
381 5
382 3
383 4
384 0
385 2
386 1
387 3
388 1
389 0
390 2
391 1
392 1
393 4
394 0
395 2
396 5
397 3
398 4
399 0
400 2
401 5
402 5
403 4
404 0
405 2
406 3
407 5
408 4
409 0
410 2
411 1
412 3
413 1
414 0
415 2
416 1
417 1
418 1
419 0
420 2
421 3
422 3
423 0
424 0
425 2
426 3
427 3
428 4
429 0
430 2
431 3
432 1
433 4
434 0
435 2
436 3
437 3
438 4
439 0
440 2
441 3
442 1
443 4
444 0
445 1
446 3
447 3
448 4
449 0
450 2
