problem_instance_file_name: myciel7.col
cmd_line: mpirun -n 32 MPI/mpi.py ../instances/myciel7.col ../results/2h_All_OK_8n_4t-n_32cpu --cpusPerTask 32
solver_version: v1.0.1
number_of_vertices: 191
number_of_edges: 4720
time_limit_sec: 9900
number_of_worker_processes: 32
number_of_cores_per_worker: 32
wall_time_sec: 9913
is_within_time_limit: False
number_of_colors: 8
max_clique_size: 2
1 1
2 0
3 2
4 0
5 4
6 1
7 3
8 1
9 3
10 1
11 0
12 4
13 0
14 2
15 0
16 4
17 3
18 3
19 3
20 3
21 3
22 0
23 1
24 1
25 5
26 2
27 2
28 4
29 1
30 3
31 1
32 3
33 1
34 2
35 2
36 5
37 2
38 2
39 4
40 3
41 3
42 3
43 3
44 3
45 2
46 1
47 0
48 4
49 0
50 2
51 0
52 4
53 3
54 3
55 3
56 3
57 3
58 0
59 4
60 0
61 2
62 0
63 4
64 3
65 3
66 3
67 3
68 3
69 0
70 6
71 2
72 5
73 2
74 2
75 4
76 2
77 3
78 2
79 2
80 3
81 2
82 2
83 3
84 2
85 2
86 4
87 2
88 3
89 2
90 2
91 3
92 2
93 7
94 0
95 1
96 1
97 5
98 2
99 5
100 4
101 1
102 3
103 1
104 3
105 1
106 4
107 4
108 5
109 2
110 5
111 4
112 3
113 3
114 3
115 3
116 3
117 4
118 1
119 1
120 5
121 2
122 2
123 4
124 1
125 3
126 1
127 2
128 1
129 2
130 2
131 5
132 2
133 2
134 4
135 2
136 3
137 2
138 2
139 3
140 2
141 1
142 6
143 4
144 5
145 2
146 5
147 4
148 3
149 3
150 3
151 3
152 3
153 2
154 4
155 3
156 2
157 2
158 4
159 3
160 3
161 3
162 3
163 3
164 2
165 6
166 2
167 5
168 2
169 2
170 4
171 2
172 3
173 2
174 2
175 3
176 2
177 2
178 3
179 2
180 2
181 4
182 2
183 3
184 2
185 2
186 3
187 2
188 5
189 6
190 1
191 0
