problem_instance_file_name: myciel5.col
cmd_line: mpirun -n 32 MPI/mpi.py ../instances/myciel5.col ../results/2h_All_OK_8n_4t-n_32cpu --cpusPerTask 32
solver_version: v1.0.1
number_of_vertices: 47
number_of_edges: 472
time_limit_sec: 9900
number_of_worker_processes: 32
number_of_cores_per_worker: 32
wall_time_sec: 9908
is_within_time_limit: False
number_of_colors: 6
max_clique_size: 2
1 2
2 0
3 3
4 0
5 2
6 1
7 1
8 1
9 1
10 1
11 2
12 3
13 0
14 3
15 0
16 5
17 1
18 1
19 1
20 1
21 1
22 0
23 2
24 2
25 0
26 3
27 0
28 2
29 3
30 4
31 3
32 4
33 4
34 0
35 3
36 0
37 3
38 0
39 4
40 3
41 0
42 3
43 0
44 4
45 0
46 2
47 1
