problem_instance_file_name: queen11_11.col
cmd_line: mpirun -n 32 MPI/mpi.py ../instances/queen11_11.col ../results/2h_All_OK_8n_4t-n_32cpu --cpusPerTask 32
solver_version: v1.0.1
number_of_vertices: 121
number_of_edges: 3960
time_limit_sec: 9900
number_of_worker_processes: 32
number_of_cores_per_worker: 32
wall_time_sec: 9905
is_within_time_limit: False
number_of_colors: 13
max_clique_size: 11
1 5
2 9
3 10
4 4
5 6
6 1
7 8
8 3
9 0
10 7
11 2
12 2
13 1
14 11
15 3
16 12
17 5
18 7
19 6
20 8
21 4
22 9
23 12
24 7
25 4
26 6
27 0
28 8
29 11
30 2
31 3
32 5
33 1
34 0
35 5
36 8
37 2
38 1
39 7
40 3
41 9
42 6
43 10
44 4
45 8
46 11
47 6
48 0
49 3
50 4
51 1
52 10
53 2
54 9
55 5
56 3
57 4
58 12
59 10
60 9
61 0
62 2
63 5
64 7
65 1
66 8
67 10
68 2
69 9
70 1
71 8
72 11
73 6
74 12
75 4
76 0
77 3
78 6
79 8
80 0
81 12
82 4
83 9
84 10
85 7
86 5
87 2
88 11
89 4
90 10
91 5
92 8
93 11
94 2
95 0
96 1
97 9
98 3
99 6
100 11
101 6
102 1
103 7
104 5
105 3
106 9
107 4
108 12
109 8
110 0
111 7
112 0
113 3
114 11
115 2
116 12
117 5
118 8
119 1
120 6
121 10
