problem_instance_file_name: queen12_12.col
cmd_line: mpirun -n 32 MPI/mpi.py ../instances/queen12_12.col ../results/2h_All_OK_8n_4t-n_32cpu --cpusPerTask 32
solver_version: v1.0.1
number_of_vertices: 144
number_of_edges: 5192
time_limit_sec: 9900
number_of_worker_processes: 32
number_of_cores_per_worker: 32
wall_time_sec: 9912
is_within_time_limit: False
number_of_colors: 14
max_clique_size: 12
1 1
2 9
3 7
4 8
5 6
6 2
7 10
8 11
9 3
10 13
11 5
12 4
13 7
14 11
15 4
16 2
17 1
18 9
19 5
20 13
21 0
22 8
23 6
24 10
25 13
26 6
27 12
28 0
29 3
30 10
31 8
32 1
33 4
34 2
35 9
36 7
37 0
38 8
39 3
40 5
41 7
42 4
43 6
44 10
45 9
46 1
47 12
48 11
49 10
50 7
51 6
52 1
53 9
54 12
55 11
56 0
57 13
58 3
59 2
60 5
61 5
62 1
63 2
64 10
65 4
66 0
67 3
68 6
69 11
70 7
71 8
72 9
73 4
74 13
75 11
76 3
77 2
78 8
79 7
80 5
81 12
82 9
83 1
84 0
85 8
86 12
87 10
88 6
89 5
90 3
91 9
92 4
93 1
94 0
95 7
96 2
97 6
98 5
99 9
100 7
101 12
102 1
103 0
104 2
105 8
106 11
107 10
108 3
109 2
110 3
111 1
112 11
113 0
114 5
115 4
116 12
117 10
118 6
119 13
120 8
121 12
122 10
123 0
124 4
125 13
126 11
127 2
128 8
129 7
130 5
131 3
132 6
133 11
134 2
135 8
136 9
137 10
138 7
139 1
140 3
141 6
142 4
143 0
144 13
