problem_instance_file_name: queen8_8.col
cmd_line: mpirun -n 32 MPI/mpi.py ../instances/queen8_8.col ../results/2h_All_OK_8n_4t-n_32cpu --cpusPerTask 32
solver_version: v1.0.1
number_of_vertices: 64
number_of_edges: 1456
time_limit_sec: 9900
number_of_worker_processes: 32
number_of_cores_per_worker: 32
wall_time_sec: 9903
is_within_time_limit: False
number_of_colors: 9
max_clique_size: 8
1 3
2 6
3 7
4 8
5 0
6 2
7 5
8 4
9 8
10 2
11 5
12 4
13 7
14 3
15 6
16 1
17 4
18 1
19 6
20 3
21 2
22 0
23 7
24 5
25 7
26 5
27 4
28 0
29 1
30 6
31 3
32 2
33 2
34 0
35 8
36 7
37 5
38 4
39 1
40 6
41 1
42 4
43 3
44 2
45 6
46 7
47 8
48 0
49 6
50 8
51 0
52 1
53 3
54 5
55 4
56 7
57 5
58 3
59 2
60 6
61 4
62 1
63 0
64 8
