problem_instance_file_name: queen14_14.col
cmd_line: mpirun -n 32 MPI/mpi.py ../instances/queen14_14.col ../results/2h_All_OK_8n_4t-n_32cpu --cpusPerTask 32
solver_version: v1.0.1
number_of_vertices: 196
number_of_edges: 8372
time_limit_sec: 9900
number_of_worker_processes: 32
number_of_cores_per_worker: 32
wall_time_sec: 9912
is_within_time_limit: False
number_of_colors: 17
max_clique_size: 14
1 16
2 6
3 10
4 5
5 8
6 11
7 7
8 14
9 15
10 2
11 9
12 4
13 12
14 3
15 1
16 11
17 9
18 0
19 2
20 14
21 16
22 6
23 10
24 12
25 5
26 3
27 13
28 15
29 14
30 4
31 13
32 7
33 15
34 0
35 1
36 12
37 5
38 16
39 10
40 11
41 6
42 8
43 2
44 3
45 5
46 10
47 4
48 12
49 6
50 11
51 1
52 8
53 0
54 9
55 7
56 13
57 5
58 0
59 11
60 13
61 9
62 8
63 3
64 7
65 6
66 14
67 1
68 12
69 4
70 10
71 9
72 13
73 12
74 16
75 14
76 2
77 11
78 4
79 8
80 10
81 3
82 0
83 1
84 7
85 12
86 1
87 8
88 4
89 10
90 3
91 0
92 2
93 13
94 11
95 7
96 6
97 9
98 5
99 8
100 10
101 15
102 1
103 6
104 7
105 9
106 3
107 0
108 5
109 4
110 13
111 2
112 11
113 7
114 5
115 6
116 14
117 16
118 10
119 8
120 15
121 12
122 3
123 2
124 1
125 0
126 4
127 13
128 16
129 0
130 15
131 5
132 4
133 14
134 9
135 7
136 1
137 12
138 8
139 3
140 2
141 15
142 8
143 1
144 12
145 7
146 13
147 2
148 5
149 4
150 0
151 6
152 10
153 11
154 9
155 10
156 9
157 4
158 2
159 1
160 16
161 12
162 0
163 3
164 15
165 11
166 7
167 5
168 6
169 11
170 15
171 16
172 6
173 3
174 9
175 5
176 10
177 14
178 7
179 13
180 2
181 8
182 1
183 6
184 12
185 2
186 11
187 0
188 15
189 4
190 1
191 16
192 9
193 8
194 5
195 10
196 14
