problem_instance_file_name: queen13_13.col
cmd_line: mpirun -n 32 MPI/mpi.py ../instances/queen13_13.col ../results/2h_All_OK_8n_4t-n_32cpu --cpusPerTask 32
solver_version: v1.0.1
number_of_vertices: 169
number_of_edges: 6656
time_limit_sec: 9900
number_of_worker_processes: 32
number_of_cores_per_worker: 32
wall_time_sec: 9907
is_within_time_limit: False
number_of_colors: 15
max_clique_size: 13
1 4
2 9
3 7
4 0
5 10
6 6
7 1
8 12
9 3
10 13
11 2
12 11
13 14
14 0
15 2
16 11
17 1
18 8
19 14
20 13
21 7
22 9
23 4
24 10
25 5
26 6
27 5
28 6
29 3
30 2
31 13
32 4
33 12
34 14
35 0
36 1
37 9
38 8
39 10
40 14
41 8
42 1
43 7
44 3
45 2
46 6
47 9
48 12
49 11
50 4
51 13
52 0
53 11
54 12
55 4
56 9
57 14
58 7
59 10
60 5
61 8
62 0
63 3
64 6
65 1
66 9
67 10
68 0
69 13
70 5
71 12
72 4
73 6
74 1
75 2
76 8
77 14
78 3
79 6
80 1
81 8
82 4
83 11
84 3
85 0
86 10
87 14
88 7
89 13
90 2
91 5
92 10
93 0
94 12
95 6
96 2
97 1
98 11
99 8
100 5
101 3
102 14
103 7
104 9
105 1
106 11
107 5
108 8
109 12
110 9
111 7
112 2
113 10
114 6
115 0
116 3
117 4
118 8
119 14
120 6
121 10
122 7
123 5
124 3
125 0
126 4
127 9
128 1
129 12
130 2
131 3
132 7
133 13
134 5
135 4
136 10
137 9
138 1
139 2
140 8
141 6
142 0
143 11
144 13
145 4
146 2
147 12
148 9
149 11
150 5
151 3
152 6
153 10
154 7
155 1
156 8
157 2
158 3
159 9
160 11
161 6
162 0
163 8
164 4
165 7
166 5
167 12
168 10
169 13
