problem_instance_file_name: queen8_12.col
cmd_line: mpirun -n 32 MPI/mpi.py ../instances/queen8_12.col ../results/2h_All_OK_8n_4t-n_32cpu --cpusPerTask 32
solver_version: v1.0.1
number_of_vertices: 96
number_of_edges: 2736
time_limit_sec: 9900
number_of_worker_processes: 32
number_of_cores_per_worker: 32
wall_time_sec: 13
is_within_time_limit: True
number_of_colors: 12
max_clique_size: 12
1 5
2 0
3 6
4 9
5 10
6 4
7 2
8 3
9 7
10 11
11 1
12 8
13 4
14 3
15 8
16 2
17 1
18 6
19 9
20 11
21 0
22 5
23 10
24 7
25 11
26 7
27 4
28 3
29 5
30 0
31 8
32 2
33 10
34 9
35 6
36 1
37 6
38 5
39 2
40 8
41 4
42 9
43 7
44 0
45 1
46 3
47 11
48 10
49 7
50 9
51 10
52 11
53 6
54 1
55 3
56 5
57 2
58 8
59 0
60 4
61 10
62 11
63 5
64 0
65 8
66 2
67 6
68 4
69 3
70 1
71 7
72 9
73 0
74 2
75 1
76 4
77 7
78 3
79 11
80 9
81 8
82 10
83 5
84 6
85 1
86 4
87 9
88 6
89 11
90 8
91 10
92 7
93 5
94 0
95 2
96 3
