problem_instance_file_name: queen10_10.col
cmd_line: mpirun -n 32 MPI/mpi.py ../instances/queen10_10.col ../results/2h_All_OK_8n_4t-n_32cpu --cpusPerTask 32
solver_version: v1.0.1
number_of_vertices: 100
number_of_edges: 2940
time_limit_sec: 9900
number_of_worker_processes: 32
number_of_cores_per_worker: 32
wall_time_sec: 9908
is_within_time_limit: False
number_of_colors: 12
max_clique_size: 10
1 11
2 5
3 7
4 8
5 0
6 1
7 4
8 10
9 6
10 9
11 0
12 9
13 4
14 3
15 2
16 10
17 6
18 7
19 1
20 11
21 5
22 3
23 1
24 10
25 11
26 4
27 9
28 0
29 8
30 6
31 6
32 8
33 11
34 0
35 7
36 5
37 3
38 1
39 2
40 10
41 2
42 4
43 9
44 1
45 8
46 6
47 0
48 5
49 3
50 7
51 3
52 6
53 8
54 2
55 4
56 7
57 1
58 9
59 0
60 5
61 7
62 0
63 10
64 5
65 6
66 8
67 2
68 3
69 4
70 1
71 9
72 1
73 2
74 4
75 3
76 0
77 5
78 6
79 11
80 8
81 4
82 7
83 3
84 11
85 1
86 9
87 10
88 2
89 5
90 0
91 8
92 2
93 0
94 6
95 10
96 11
97 7
98 4
99 9
100 3
