problem_instance_file_name: queen9_9.col
cmd_line: mpirun -n 32 MPI/mpi.py ../instances/queen9_9.col ../results/2h_All_OK_8n_4t-n_32cpu --cpusPerTask 32
solver_version: v1.0.1
number_of_vertices: 81
number_of_edges: 2112
time_limit_sec: 9900
number_of_worker_processes: 32
number_of_cores_per_worker: 32
wall_time_sec: 9906
is_within_time_limit: False
number_of_colors: 10
max_clique_size: 9
1 5
2 1
3 6
4 8
5 7
6 4
7 0
8 3
9 2
10 8
11 4
12 2
13 1
14 3
15 6
16 7
17 5
18 0
19 1
20 7
21 3
22 0
23 5
24 2
25 9
26 6
27 8
28 6
29 0
30 5
31 7
32 4
33 8
34 1
35 2
36 3
37 9
38 2
39 8
40 6
41 0
42 5
43 3
44 7
45 4
46 7
47 3
48 1
49 4
50 2
51 9
52 6
53 0
54 5
55 4
56 5
57 7
58 3
59 6
60 1
61 2
62 8
63 9
64 0
65 6
66 9
67 5
68 8
69 3
70 4
71 1
72 7
73 3
74 8
75 0
76 2
77 1
78 7
79 5
80 9
81 6
