problem_instance_file_name: queen15_15.col
cmd_line: mpirun -n 32 MPI/mpi.py ../instances/queen15_15.col ../results/2h_All_OK_8n_4t-n_32cpu --cpusPerTask 32
solver_version: v1.0.1
number_of_vertices: 225
number_of_edges: 10360
time_limit_sec: 9900
number_of_worker_processes: 32
number_of_cores_per_worker: 32
wall_time_sec: 9910
is_within_time_limit: False
number_of_colors: 18
max_clique_size: 15
1 16
2 8
3 9
4 7
5 0
6 15
7 5
8 14
9 4
10 12
11 3
12 13
13 11
14 1
15 6
16 3
17 1
18 15
19 8
20 13
21 9
22 2
23 16
24 11
25 5
26 10
27 6
28 0
29 14
30 4
31 2
32 17
33 5
34 12
35 4
36 0
37 11
38 1
39 15
40 6
41 16
42 8
43 9
44 7
45 10
46 4
47 3
48 8
49 15
50 10
51 1
52 9
53 6
54 0
55 7
56 2
57 12
58 13
59 11
60 5
61 1
62 9
63 7
64 13
65 12
66 5
67 16
68 2
69 8
70 11
71 4
72 3
73 17
74 6
75 0
76 11
77 14
78 6
79 0
80 7
81 8
82 3
83 5
84 10
85 1
86 12
87 2
88 4
89 13
90 9
91 10
92 15
93 3
94 2
95 1
96 12
97 17
98 7
99 13
100 8
101 5
102 9
103 6
104 0
105 11
106 12
107 2
108 4
109 11
110 8
111 13
112 6
113 0
114 9
115 3
116 1
117 14
118 5
119 10
120 7
121 5
122 6
123 17
124 16
125 2
126 3
127 15
128 10
129 14
130 0
131 11
132 4
133 12
134 8
135 1
136 8
137 13
138 1
139 14
140 17
141 10
142 0
143 12
144 16
145 4
146 6
147 7
148 15
149 2
150 3
151 14
152 4
153 0
154 9
155 16
156 6
157 7
158 11
159 5
160 2
161 13
162 1
163 10
164 12
165 15
166 7
167 10
168 12
169 3
170 5
171 4
172 13
173 8
174 1
175 14
176 9
177 11
178 2
179 17
180 16
181 9
182 16
183 11
184 1
185 15
186 2
187 12
188 3
189 17
190 10
191 8
192 0
193 7
194 4
195 14
196 15
197 5
198 2
199 6
200 14
201 16
202 8
203 9
204 12
205 13
206 7
207 10
208 1
209 3
210 17
211 17
212 11
213 13
214 10
215 3
216 7
217 1
218 4
219 6
220 9
221 0
222 5
223 16
224 15
225 2
