problem_instance_file_name: queen5_5.col
cmd_line: mpirun -n 32 MPI/mpi.py ../instances/queen5_5.col ../results/2h_All_OK_8n_4t-n_32cpu --cpusPerTask 32
solver_version: v1.0.1
number_of_vertices: 25
number_of_edges: 320
time_limit_sec: 9900
number_of_worker_processes: 32
number_of_cores_per_worker: 32
wall_time_sec: 2
is_within_time_limit: True
number_of_colors: 5
max_clique_size: 5
1 2
2 4
3 0
4 3
5 1
6 0
7 3
8 1
9 2
10 4
11 1
12 2
13 4
14 0
15 3
16 4
17 0
18 3
19 1
20 2
21 3
22 1
23 2
24 4
25 0
