problem_instance_file_name: queen7_7.col
cmd_line: mpirun -n 32 MPI/mpi.py ../instances/queen7_7.col ../results/2h_All_OK_8n_4t-n_32cpu --cpusPerTask 32
solver_version: v1.0.1
number_of_vertices: 49
number_of_edges: 952
time_limit_sec: 9900
number_of_worker_processes: 32
number_of_cores_per_worker: 32
wall_time_sec: 18
is_within_time_limit: True
number_of_colors: 7
max_clique_size: 7
1 3
2 0
3 6
4 4
5 2
6 5
7 1
8 2
9 5
10 1
11 3
12 0
13 6
14 4
15 0
16 6
17 4
18 2
19 5
20 1
21 3
22 5
23 1
24 3
25 0
26 6
27 4
28 2
29 6
30 4
31 2
32 5
33 1
34 3
35 0
36 1
37 3
38 0
39 6
40 4
41 2
42 5
43 4
44 2
45 5
46 1
47 3
48 0
49 6
