problem_instance_file_name: queen6_6.col
cmd_line: mpirun -n 32 MPI/mpi.py ../instances/queen6_6.col ../results/2h_All_OK_8n_4t-n_32cpu --cpusPerTask 32
solver_version: v1.0.1
number_of_vertices: 36
number_of_edges: 580
time_limit_sec: 9900
number_of_worker_processes: 32
number_of_cores_per_worker: 32
wall_time_sec: 9901
is_within_time_limit: False
number_of_colors: 7
max_clique_size: 6
1 3
2 6
3 1
4 0
5 2
6 5
7 1
8 4
9 2
10 3
11 6
12 0
13 2
14 5
15 0
16 1
17 4
18 3
19 6
20 1
21 4
22 5
23 0
24 2
25 5
26 3
27 6
28 2
29 1
30 4
31 0
32 2
33 5
34 4
35 3
36 6
