problem_instance_file_name: school1.col
cmd_line: mpirun -n 32 MPI/mpi.py ../instances/school1.col ../results/2h_All_OK_8n_4t-n_32cpu --cpusPerTask 32
solver_version: v1.0.1
number_of_vertices: 385
number_of_edges: 38190
time_limit_sec: 9900
number_of_worker_processes: 32
number_of_cores_per_worker: 32
wall_time_sec: 1986
is_within_time_limit: True
number_of_colors: 14
max_clique_size: 14
1 4
2 1
3 6
4 7
5 3
6 2
7 11
8 4
9 13
10 9
11 12
12 10
13 1
14 5
15 4
16 0
17 13
18 6
19 9
20 0
21 13
22 8
23 11
24 7
25 3
26 4
27 8
28 6
29 5
30 4
31 13
32 0
33 11
34 10
35 6
36 9
37 7
38 0
39 13
40 2
41 3
42 12
43 10
44 3
45 3
46 11
47 5
48 4
49 3
50 6
51 5
52 4
53 0
54 13
55 12
56 1
57 4
58 9
59 12
60 8
61 7
62 0
63 13
64 11
65 1
66 2
67 10
68 5
69 4
70 10
71 5
72 11
73 1
74 2
75 9
76 12
77 8
78 7
79 0
80 9
81 12
82 8
83 7
84 0
85 9
86 2
87 10
88 5
89 11
90 1
91 2
92 10
93 5
94 11
95 1
96 2
97 7
98 0
99 1
100 13
101 9
102 12
103 8
104 0
105 4
106 3
107 6
108 12
109 8
110 1
111 2
112 9
113 11
114 7
115 10
116 7
117 10
118 7
119 10
120 6
121 9
122 12
123 7
124 2
125 1
126 10
127 4
128 3
129 13
130 0
131 5
132 0
133 5
134 0
135 5
136 1
137 1
138 0
139 5
140 5
141 2
142 5
143 3
144 11
145 1
146 6
147 9
148 13
149 12
150 10
151 0
152 2
153 12
154 0
155 13
156 13
157 10
158 5
159 4
160 1
161 3
162 0
163 12
164 8
165 10
166 9
167 6
168 4
169 7
170 0
171 13
172 5
173 4
174 3
175 11
176 0
177 6
178 11
179 1
180 7
181 12
182 10
183 2
184 1
185 1
186 8
187 5
188 0
189 5
190 10
191 11
192 13
193 1
194 0
195 13
196 6
197 4
198 6
199 6
200 3
201 11
202 3
203 0
204 9
205 12
206 11
207 1
208 5
209 4
210 3
211 11
212 12
213 8
214 4
215 1
216 0
217 7
218 12
219 8
220 7
221 2
222 10
223 5
224 7
225 0
226 8
227 1
228 9
229 4
230 2
231 9
232 11
233 8
234 2
235 4
236 0
237 4
238 13
239 4
240 13
241 0
242 12
243 13
244 6
245 9
246 8
247 10
248 5
249 4
250 2
251 7
252 0
253 13
254 3
255 1
256 6
257 12
258 8
259 3
260 1
261 2
262 5
263 4
264 0
265 13
266 6
267 10
268 8
269 5
270 4
271 10
272 3
273 1
274 2
275 7
276 0
277 7
278 3
279 1
280 2
281 7
282 0
283 13
284 1
285 1
286 6
287 12
288 8
289 10
290 5
291 9
292 5
293 0
294 6
295 8
296 12
297 4
298 3
299 1
300 7
301 13
302 6
303 9
304 4
305 2
306 13
307 8
308 5
309 5
310 3
311 11
312 1
313 1
314 0
315 0
316 0
317 1
318 10
319 4
320 3
321 11
322 12
323 6
324 9
325 7
326 2
327 6
328 7
329 2
330 10
331 6
332 3
333 11
334 1
335 3
336 11
337 1
338 0
339 6
340 7
341 9
342 12
343 8
344 9
345 12
346 8
347 6
348 9
349 12
350 3
351 2
352 11
353 9
354 3
355 8
356 10
357 5
358 11
359 1
360 2
361 7
362 0
363 13
364 6
365 9
366 12
367 10
368 5
369 4
370 3
371 11
372 1
373 7
374 0
375 13
376 8
377 8
378 4
379 6
380 10
381 5
382 3
383 0
384 2
385 2
