##################################

MANUAL NOTE (Ale):
I forgot to change the Complement LB calculation is branch 2.
If that was fixed, all the lines below starting with "2 Complement" would have the same values as those starting with "1 Complement"
The correct Complement LB is 2.01 (3 if round up), still < chromatic number = 8


###################################

1 Complement LB = 2.0105263157894737 ; Clique LB = 2
2 Complement LB = 95 ; Clique LB = 2
1 Complement LB = 2.0105263157894737 ; Clique LB = 2
2 Complement LB = 95 ; Clique LB = 2
1 Complement LB = 2.0105263157894737 ; Clique LB = 2
2 Complement LB = 95 ; Clique LB = 2
1 Complement LB = 2.0105263157894737 ; Clique LB = 2
2 Complement LB = 95 ; Clique LB = 2
1 Complement LB = 2.0105263157894737 ; Clique LB = 2
2 Complement LB = 95 ; Clique LB = 2
1 Complement LB = 2.0105263157894737 ; Clique LB = 2
2 Complement LB = 95 ; Clique LB = 2
1 Complement LB = 2.0105263157894737 ; Clique LB = 2
2 Complement LB = 95 ; Clique LB = 2
1 Complement LB = 2.0105263157894737 ; Clique LB = 2
2 Complement LB = 95 ; Clique LB = 2
2 Complement LB = 95 ; Clique LB = 2
1 Complement LB = 2.0105263157894737 ; Clique LB = 2
2 Complement LB = 95 ; Clique LB = 2
2 Complement LB = 95 ; Clique LB = 2
1 Complement LB = 2.0105263157894737 ; Clique LB = 2
2 Complement LB = 95 ; Clique LB = 2
2 Complement LB = 95 ; Clique LB = 2
1 Complement LB = 2.0105263157894737 ; Clique LB = 2
2 Complement LB = 95 ; Clique LB = 2
2 Complement LB = 95 ; Clique LB = 2
1 Complement LB = 2.0105263157894737 ; Clique LB = 2
2 Complement LB = 95 ; Clique LB = 2
1 Complement LB = 2.0105263157894737 ; Clique LB = 2
2 Complement LB = 95 ; Clique LB = 2
2 Complement LB = 95 ; Clique LB = 2
1 Complement LB = 2.0105263157894737 ; Clique LB = 2
2 Complement LB = 95 ; Clique LB = 2
1 Complement LB = 2.0105263157894737 ; Clique LB = 2
2 Complement LB = 95 ; Clique LB = 2
2 Complement LB = 95 ; Clique LB = 2
1 Complement LB = 2.0105263157894737 ; Clique LB = 2
2 Complement LB = 95 ; Clique LB = 2
1 Complement LB = 2.0105263157894737 ; Clique LB = 2
2 Complement LB = 95 ; Clique LB = 2
1 Complement LB = 2.0105263157894737 ; Clique LB = 2
2 Complement LB = 95 ; Clique LB = 2
2 Complement LB = 95 ; Clique LB = 2
2 Complement LB = 95 ; Clique LB = 2
1 Complement LB = 2.0105263157894737 ; Clique LB = 2
2 Complement LB = 95 ; Clique LB = 2
1 Complement LB = 2.0105263157894737 ; Clique LB = 2
2 Complement LB = 95 ; Clique LB = 2
1 Complement LB = 2.0105263157894737 ; Clique LB = 2
2 Complement LB = 95 ; Clique LB = 2
1 Complement LB = 2.0105263157894737 ; Clique LB = 2
2 Complement LB = 95 ; Clique LB = 2
2 Complement LB = 95 ; Clique LB = 2
2 Complement LB = 95 ; Clique LB = 2
1 Complement LB = 2.0105263157894737 ; Clique LB = 2
2 Complement LB = 95 ; Clique LB = 2
2 Complement LB = 95 ; Clique LB = 2
1 Complement LB = 2.0105263157894737 ; Clique LB = 2
2 Complement LB = 95 ; Clique LB = 2
2 Complement LB = 95 ; Clique LB = 2
1 Complement LB = 2.0105263157894737 ; Clique LB = 2
2 Complement LB = 95 ; Clique LB = 2
2 Complement LB = 95 ; Clique LB = 2
2 Complement LB = 95 ; Clique LB = 2
2 Complement LB = 95 ; Clique LB = 2
2 Complement LB = 95 ; Clique LB = 2
1 Complement LB = 2.0105263157894737 ; Clique LB = 2
2 Complement LB = 95 ; Clique LB = 2
2 Complement LB = 95 ; Clique LB = 2
2 Complement LB = 95 ; Clique LB = 2
1 Complement LB = 2.0105263157894737 ; Clique LB = 2
2 Complement LB = 95 ; Clique LB = 2
1 Complement LB = 2.0105263157894737 ; Clique LB = 2
2 Complement LB = 95 ; Clique LB = 2
1 Complement LB = 2.0105263157894737 ; Clique LB = 2
2 Complement LB = 95 ; Clique LB = 2
1 Complement LB = 2.0105263157894737 ; Clique LB = 2
2 Complement LB = 95 ; Clique LB = 2
1 Complement LB = 2.0105263157894737 ; Clique LB = 2
2 Complement LB = 95 ; Clique LB = 2
1 Complement LB = 2.0105263157894737 ; Clique LB = 2
2 Complement LB = 95 ; Clique LB = 2
1 Complement LB = 2.0105263157894737 ; Clique LB = 2
2 Complement LB = 95 ; Clique LB = 2
1 Complement LB = 2.0105263157894737 ; Clique LB = 2
2 Complement LB = 95 ; Clique LB = 2
1 Complement LB = 2.0105263157894737 ; Clique LB = 2
2 Complement LB = 95 ; Clique LB = 2
1 Complement LB = 2.0105263157894737 ; Clique LB = 2
2 Complement LB = 95 ; Clique LB = 2
1 Complement LB = 2.0105263157894737 ; Clique LB = 2
2 Complement LB = 95 ; Clique LB = 2
2 Complement LB = 95 ; Clique LB = 2
2 Complement LB = 95 ; Clique LB = 2
1 Complement LB = 2.0105263157894737 ; Clique LB = 2
2 Complement LB = 95 ; Clique LB = 2
1 Complement LB = 2.0105263157894737 ; Clique LB = 2
2 Complement LB = 95 ; Clique LB = 2
1 Complement LB = 2.0105263157894737 ; Clique LB = 2
2 Complement LB = 95 ; Clique LB = 2
1 Complement LB = 2.0105263157894737 ; Clique LB = 2
2 Complement LB = 95 ; Clique LB = 2
1 Complement LB = 2.0105263157894737 ; Clique LB = 2
2 Complement LB = 95 ; Clique LB = 2
1 Complement LB = 2.0105263157894737 ; Clique LB = 2
2 Complement LB = 95 ; Clique LB = 2
1 Complement LB = 2.0105263157894737 ; Clique LB = 2
2 Complement LB = 95 ; Clique LB = 2
2 Complement LB = 95 ; Clique LB = 2
1 Complement LB = 2.0105263157894737 ; Clique LB = 2
2 Complement LB = 95 ; Clique LB = 2
2 Complement LB = 95 ; Clique LB = 2
1 Complement LB = 2.0105263157894737 ; Clique LB = 2
2 Complement LB = 95 ; Clique LB = 2
2 Complement LB = 95 ; Clique LB = 2
2 Complement LB = 95 ; Clique LB = 2
2 Complement LB = 95 ; Clique LB = 2
1 Complement LB = 2.0105263157894737 ; Clique LB = 2
2 Complement LB = 95 ; Clique LB = 2
1 Complement LB = 2.0105263157894737 ; Clique LB = 2
2 Complement LB = 95 ; Clique LB = 2
2 Complement LB = 95 ; Clique LB = 2
1 Complement LB = 2.0105263157894737 ; Clique LB = 2
2 Complement LB = 95 ; Clique LB = 2
2 Complement LB = 95 ; Clique LB = 2
1 Complement LB = 2.0105263157894737 ; Clique LB = 2
2 Complement LB = 95 ; Clique LB = 2
1 Complement LB = 2.0105263157894737 ; Clique LB = 2
2 Complement LB = 95 ; Clique LB = 2
1 Complement LB = 2.0105263157894737 ; Clique LB = 2
2 Complement LB = 95 ; Clique LB = 2
2 Complement LB = 95 ; Clique LB = 2
1 Complement LB = 2.0105263157894737 ; Clique LB = 2
2 Complement LB = 95 ; Clique LB = 2
1 Complement LB = 2.0105263157894737 ; Clique LB = 2
2 Complement LB = 95 ; Clique LB = 2
2 Complement LB = 95 ; Clique LB = 2
1 Complement LB = 2.0105263157894737 ; Clique LB = 2
2 Complement LB = 95 ; Clique LB = 2
1 Complement LB = 2.0105263157894737 ; Clique LB = 2
2 Complement LB = 95 ; Clique LB = 2
2 Complement LB = 95 ; Clique LB = 2
1 Complement LB = 2.0105263157894737 ; Clique LB = 2
2 Complement LB = 95 ; Clique LB = 2
2 Complement LB = 95 ; Clique LB = 2
1 Complement LB = 2.0105263157894737 ; Clique LB = 2
2 Complement LB = 95 ; Clique LB = 2
1 Complement LB = 2.0105263157894737 ; Clique LB = 2
2 Complement LB = 95 ; Clique LB = 2
1 Complement LB = 2.0105263157894737 ; Clique LB = 2
2 Complement LB = 95 ; Clique LB = 2
2 Complement LB = 95 ; Clique LB = 2
2 Complement LB = 95 ; Clique LB = 2
2 Complement LB = 95 ; Clique LB = 2
1 Complement LB = 2.0105263157894737 ; Clique LB = 2
2 Complement LB = 95 ; Clique LB = 2
2 Complement LB = 95 ; Clique LB = 2
2 Complement LB = 95 ; Clique LB = 2
1 Complement LB = 2.0105263157894737 ; Clique LB = 2
2 Complement LB = 95 ; Clique LB = 2
2 Complement LB = 95 ; Clique LB = 2
1 Complement LB = 2.0105263157894737 ; Clique LB = 2
2 Complement LB = 95 ; Clique LB = 2
1 Complement LB = 2.0105263157894737 ; Clique LB = 2
2 Complement LB = 95 ; Clique LB = 2
1 Complement LB = 2.0105263157894737 ; Clique LB = 2
2 Complement LB = 95 ; Clique LB = 2
1 Complement LB = 2.0105263157894737 ; Clique LB = 2
2 Complement LB = 95 ; Clique LB = 2
1 Complement LB = 2.0105263157894737 ; Clique LB = 2
2 Complement LB = 95 ; Clique LB = 2
2 Complement LB = 95 ; Clique LB = 2
2 Complement LB = 95 ; Clique LB = 2
2 Complement LB = 95 ; Clique LB = 2
1 Complement LB = 2.0105263157894737 ; Clique LB = 2
2 Complement LB = 95 ; Clique LB = 2
1 Complement LB = 2.0105263157894737 ; Clique LB = 2
2 Complement LB = 95 ; Clique LB = 2
2 Complement LB = 95 ; Clique LB = 2
2 Complement LB = 95 ; Clique LB = 2
1 Complement LB = 2.0105263157894737 ; Clique LB = 2
2 Complement LB = 95 ; Clique LB = 2
1 Complement LB = 2.0105263157894737 ; Clique LB = 2
2 Complement LB = 95 ; Clique LB = 2
2 Complement LB = 95 ; Clique LB = 2
1 Complement LB = 2.0105263157894737 ; Clique LB = 2
2 Complement LB = 95 ; Clique LB = 2
2 Complement LB = 95 ; Clique LB = 2
2 Complement LB = 95 ; Clique LB = 2
1 Complement LB = 2.0105263157894737 ; Clique LB = 2
2 Complement LB = 95 ; Clique LB = 2
2 Complement LB = 95 ; Clique LB = 2
1 Complement LB = 2.0105263157894737 ; Clique LB = 2
2 Complement LB = 95 ; Clique LB = 2
2 Complement LB = 95 ; Clique LB = 2
2 Complement LB = 95 ; Clique LB = 2
2 Complement LB = 95 ; Clique LB = 2
1 Complement LB = 2.0105263157894737 ; Clique LB = 2
2 Complement LB = 95 ; Clique LB = 2
1 Complement LB = 2.0105263157894737 ; Clique LB = 2
2 Complement LB = 95 ; Clique LB = 2
1 Complement LB = 2.0105263157894737 ; Clique LB = 2
2 Complement LB = 95 ; Clique LB = 2
2 Complement LB = 95 ; Clique LB = 2
1 Complement LB = 2.0105263157894737 ; Clique LB = 2
2 Complement LB = 95 ; Clique LB = 2
2 Complement LB = 95 ; Clique LB = 2
2 Complement LB = 95 ; Clique LB = 2
2 Complement LB = 95 ; Clique LB = 2
1 Complement LB = 2.0105263157894737 ; Clique LB = 2
2 Complement LB = 95 ; Clique LB = 2
2 Complement LB = 95 ; Clique LB = 2
1 Complement LB = 2.0105263157894737 ; Clique LB = 2
2 Complement LB = 95 ; Clique LB = 2
1 Complement LB = 2.0105263157894737 ; Clique LB = 2
2 Complement LB = 95 ; Clique LB = 2
1 Complement LB = 2.0105263157894737 ; Clique LB = 2
2 Complement LB = 95 ; Clique LB = 2
2 Complement LB = 95 ; Clique LB = 2
1 Complement LB = 2.0105263157894737 ; Clique LB = 2
2 Complement LB = 95 ; Clique LB = 2
1 Complement LB = 2.0105263157894737 ; Clique LB = 2
2 Complement LB = 95 ; Clique LB = 2
2 Complement LB = 95 ; Clique LB = 2
1 Complement LB = 2.0105263157894737 ; Clique LB = 2
2 Complement LB = 95 ; Clique LB = 2
2 Complement LB = 95 ; Clique LB = 2
1 Complement LB = 2.0105263157894737 ; Clique LB = 2
2 Complement LB = 95 ; Clique LB = 2
1 Complement LB = 2.0105263157894737 ; Clique LB = 2
2 Complement LB = 95 ; Clique LB = 2
2 Complement LB = 95 ; Clique LB = 2
1 Complement LB = 2.0105263157894737 ; Clique LB = 2
2 Complement LB = 95 ; Clique LB = 2
1 Complement LB = 2.0105263157894737 ; Clique LB = 2
2 Complement LB = 95 ; Clique LB = 2
2 Complement LB = 95 ; Clique LB = 2
1 Complement LB = 2.0105263157894737 ; Clique LB = 2
2 Complement LB = 95 ; Clique LB = 2
1 Complement LB = 2.0105263157894737 ; Clique LB = 2
2 Complement LB = 95 ; Clique LB = 2
1 Complement LB = 2.0105263157894737 ; Clique LB = 2
2 Complement LB = 95 ; Clique LB = 2
1 Complement LB = 2.0105263157894737 ; Clique LB = 2
1 Complement LB = 2.0105263157894737 ; Clique LB = 2
2 Complement LB = 95 ; Clique LB = 2
2 Complement LB = 95 ; Clique LB = 2
1 Complement LB = 2.0105263157894737 ; Clique LB = 2
2 Complement LB = 95 ; Clique LB = 2
2 Complement LB = 95 ; Clique LB = 2
1 Complement LB = 2.0105263157894737 ; Clique LB = 2
2 Complement LB = 95 ; Clique LB = 2
1 Complement LB = 2.0105263157894737 ; Clique LB = 2
2 Complement LB = 95 ; Clique LB = 2
1 Complement LB = 2.0105263157894737 ; Clique LB = 2
2 Complement LB = 95 ; Clique LB = 2
2 Complement LB = 95 ; Clique LB = 2
1 Complement LB = 2.0105263157894737 ; Clique LB = 2
2 Complement LB = 95 ; Clique LB = 2
1 Complement LB = 2.0105263157894737 ; Clique LB = 2
2 Complement LB = 95 ; Clique LB = 2
2 Complement LB = 95 ; Clique LB = 2
1 Complement LB = 2.0105263157894737 ; Clique LB = 2
2 Complement LB = 95 ; Clique LB = 2
1 Complement LB = 2.0105263157894737 ; Clique LB = 2
2 Complement LB = 95 ; Clique LB = 2
1 Complement LB = 2.0105263157894737 ; Clique LB = 2
2 Complement LB = 95 ; Clique LB = 2
1 Complement LB = 2.0105263157894737 ; Clique LB = 2
2 Complement LB = 95 ; Clique LB = 2
1 Complement LB = 2.0105263157894737 ; Clique LB = 2
2 Complement LB = 95 ; Clique LB = 2
1 Complement LB = 2.0105263157894737 ; Clique LB = 2
2 Complement LB = 95 ; Clique LB = 2
2 Complement LB = 95 ; Clique LB = 2
2 Complement LB = 95 ; Clique LB = 2
1 Complement LB = 2.0105263157894737 ; Clique LB = 2
2 Complement LB = 95 ; Clique LB = 2
2 Complement LB = 95 ; Clique LB = 2
1 Complement LB = 2.0105263157894737 ; Clique LB = 2
2 Complement LB = 95 ; Clique LB = 2
1 Complement LB = 2.0105263157894737 ; Clique LB = 2
2 Complement LB = 95 ; Clique LB = 2
1 Complement LB = 2.0105263157894737 ; Clique LB = 2
2 Complement LB = 95 ; Clique LB = 2
2 Complement LB = 95 ; Clique LB = 2
2 Complement LB = 95 ; Clique LB = 2
1 Complement LB = 2.0105263157894737 ; Clique LB = 2
2 Complement LB = 95 ; Clique LB = 2
1 Complement LB = 2.0105263157894737 ; Clique LB = 2
2 Complement LB = 95 ; Clique LB = 2
2 Complement LB = 95 ; Clique LB = 2
1 Complement LB = 2.0105263157894737 ; Clique LB = 2
2 Complement LB = 95 ; Clique LB = 2
1 Complement LB = 2.0105263157894737 ; Clique LB = 2
2 Complement LB = 95 ; Clique LB = 2
2 Complement LB = 95 ; Clique LB = 2
2 Complement LB = 95 ; Clique LB = 2
1 Complement LB = 2.0105263157894737 ; Clique LB = 2
2 Complement LB = 95 ; Clique LB = 2
2 Complement LB = 95 ; Clique LB = 2
1 Complement LB = 2.0105263157894737 ; Clique LB = 2
2 Complement LB = 95 ; Clique LB = 2
1 Complement LB = 2.0105263157894737 ; Clique LB = 2
2 Complement LB = 95 ; Clique LB = 2
1 Complement LB = 2.0105263157894737 ; Clique LB = 2
2 Complement LB = 95 ; Clique LB = 2
2 Complement LB = 95 ; Clique LB = 2
2 Complement LB = 95 ; Clique LB = 2
2 Complement LB = 95 ; Clique LB = 2
2 Complement LB = 95 ; Clique LB = 2
2 Complement LB = 95 ; Clique LB = 2
2 Complement LB = 95 ; Clique LB = 2
1 Complement LB = 2.0105263157894737 ; Clique LB = 2
2 Complement LB = 95 ; Clique LB = 2
2 Complement LB = 95 ; Clique LB = 2
2 Complement LB = 95 ; Clique LB = 2
1 Complement LB = 2.0105263157894737 ; Clique LB = 2
2 Complement LB = 95 ; Clique LB = 2
2 Complement LB = 95 ; Clique LB = 2
1 Complement LB = 2.0105263157894737 ; Clique LB = 2
2 Complement LB = 95 ; Clique LB = 2
2 Complement LB = 95 ; Clique LB = 2
2 Complement LB = 95 ; Clique LB = 2
1 Complement LB = 2.0105263157894737 ; Clique LB = 2
2 Complement LB = 95 ; Clique LB = 2
2 Complement LB = 95 ; Clique LB = 2
1 Complement LB = 2.0105263157894737 ; Clique LB = 2
2 Complement LB = 95 ; Clique LB = 2
1 Complement LB = 2.0105263157894737 ; Clique LB = 2
2 Complement LB = 95 ; Clique LB = 2
2 Complement LB = 95 ; Clique LB = 2
1 Complement LB = 2.0105263157894737 ; Clique LB = 2
2 Complement LB = 95 ; Clique LB = 2
1 Complement LB = 2.0105263157894737 ; Clique LB = 2
2 Complement LB = 95 ; Clique LB = 2
2 Complement LB = 95 ; Clique LB = 2
1 Complement LB = 2.0105263157894737 ; Clique LB = 2
2 Complement LB = 95 ; Clique LB = 2
2 Complement LB = 95 ; Clique LB = 2
2 Complement LB = 95 ; Clique LB = 2
1 Complement LB = 2.0105263157894737 ; Clique LB = 2
2 Complement LB = 95 ; Clique LB = 2
1 Complement LB = 2.0105263157894737 ; Clique LB = 2
2 Complement LB = 95 ; Clique LB = 2
1 Complement LB = 2.0105263157894737 ; Clique LB = 2
2 Complement LB = 95 ; Clique LB = 2
2 Complement LB = 95 ; Clique LB = 2
1 Complement LB = 2.0105263157894737 ; Clique LB = 2
2 Complement LB = 95 ; Clique LB = 2
1 Complement LB = 2.0105263157894737 ; Clique LB = 2
2 Complement LB = 95 ; Clique LB = 2
1 Complement LB = 2.0105263157894737 ; Clique LB = 2
2 Complement LB = 95 ; Clique LB = 2
1 Complement LB = 2.0105263157894737 ; Clique LB = 2
2 Complement LB = 95 ; Clique LB = 2
1 Complement LB = 2.0105263157894737 ; Clique LB = 2
2 Complement LB = 95 ; Clique LB = 2
1 Complement LB = 2.0105263157894737 ; Clique LB = 2
2 Complement LB = 95 ; Clique LB = 2
1 Complement LB = 2.0105263157894737 ; Clique LB = 2
2 Complement LB = 95 ; Clique LB = 2
2 Complement LB = 95 ; Clique LB = 2
1 Complement LB = 2.0105263157894737 ; Clique LB = 2
2 Complement LB = 95 ; Clique LB = 2
2 Complement LB = 95 ; Clique LB = 2
1 Complement LB = 2.0105263157894737 ; Clique LB = 2
2 Complement LB = 95 ; Clique LB = 2
2 Complement LB = 95 ; Clique LB = 2
2 Complement LB = 95 ; Clique LB = 2
1 Complement LB = 2.0105263157894737 ; Clique LB = 2
2 Complement LB = 95 ; Clique LB = 2
2 Complement LB = 95 ; Clique LB = 2
1 Complement LB = 2.0105263157894737 ; Clique LB = 2
2 Complement LB = 95 ; Clique LB = 2
2 Complement LB = 95 ; Clique LB = 2
1 Complement LB = 2.0105263157894737 ; Clique LB = 2
2 Complement LB = 95 ; Clique LB = 2
2 Complement LB = 95 ; Clique LB = 2
1 Complement LB = 2.0105263157894737 ; Clique LB = 2
2 Complement LB = 95 ; Clique LB = 2
1 Complement LB = 2.0105263157894737 ; Clique LB = 2
2 Complement LB = 95 ; Clique LB = 2
2 Complement LB = 95 ; Clique LB = 2
1 Complement LB = 2.0105263157894737 ; Clique LB = 2
2 Complement LB = 95 ; Clique LB = 2
1 Complement LB = 2.0105263157894737 ; Clique LB = 2
2 Complement LB = 95 ; Clique LB = 2
2 Complement LB = 95 ; Clique LB = 2
2 Complement LB = 95 ; Clique LB = 2
1 Complement LB = 2.0105263157894737 ; Clique LB = 2
2 Complement LB = 95 ; Clique LB = 2
1 Complement LB = 2.0105263157894737 ; Clique LB = 2
2 Complement LB = 95 ; Clique LB = 2
1 Complement LB = 2.0105263157894737 ; Clique LB = 2
2 Complement LB = 95 ; Clique LB = 2
1 Complement LB = 2.0105263157894737 ; Clique LB = 2
2 Complement LB = 95 ; Clique LB = 2
2 Complement LB = 95 ; Clique LB = 2
1 Complement LB = 2.0105263157894737 ; Clique LB = 2
2 Complement LB = 95 ; Clique LB = 2
2 Complement LB = 95 ; Clique LB = 2
1 Complement LB = 2.0105263157894737 ; Clique LB = 2
2 Complement LB = 95 ; Clique LB = 2
2 Complement LB = 95 ; Clique LB = 2
2 Complement LB = 95 ; Clique LB = 2
1 Complement LB = 2.0105263157894737 ; Clique LB = 2
2 Complement LB = 95 ; Clique LB = 2
2 Complement LB = 95 ; Clique LB = 2
1 Complement LB = 2.0105263157894737 ; Clique LB = 2
2 Complement LB = 95 ; Clique LB = 2
1 Complement LB = 2.0105263157894737 ; Clique LB = 2
2 Complement LB = 95 ; Clique LB = 2
2 Complement LB = 95 ; Clique LB = 2
2 Complement LB = 95 ; Clique LB = 2
1 Complement LB = 2.0105263157894737 ; Clique LB = 2
2 Complement LB = 95 ; Clique LB = 2
1 Complement LB = 2.0105263157894737 ; Clique LB = 2
2 Complement LB = 95 ; Clique LB = 2
1 Complement LB = 2.0105263157894737 ; Clique LB = 2
2 Complement LB = 95 ; Clique LB = 2
2 Complement LB = 95 ; Clique LB = 2
1 Complement LB = 2.0105263157894737 ; Clique LB = 2
2 Complement LB = 95 ; Clique LB = 2
1 Complement LB = 2.0105263157894737 ; Clique LB = 2
2 Complement LB = 95 ; Clique LB = 2
2 Complement LB = 95 ; Clique LB = 2
1 Complement LB = 2.0105263157894737 ; Clique LB = 2
2 Complement LB = 95 ; Clique LB = 2
2 Complement LB = 95 ; Clique LB = 2
1 Complement LB = 2.0105263157894737 ; Clique LB = 2
2 Complement LB = 95 ; Clique LB = 2
2 Complement LB = 95 ; Clique LB = 2
2 Complement LB = 95 ; Clique LB = 2
1 Complement LB = 2.0105263157894737 ; Clique LB = 2
2 Complement LB = 95 ; Clique LB = 2
2 Complement LB = 95 ; Clique LB = 2
1 Complement LB = 2.0105263157894737 ; Clique LB = 2
2 Complement LB = 95 ; Clique LB = 2
2 Complement LB = 95 ; Clique LB = 2
2 Complement LB = 95 ; Clique LB = 2
2 Complement LB = 95 ; Clique LB = 2
1 Complement LB = 2.0105263157894737 ; Clique LB = 2
2 Complement LB = 95 ; Clique LB = 2
2 Complement LB = 95 ; Clique LB = 2
2 Complement LB = 95 ; Clique LB = 2
1 Complement LB = 2.0105263157894737 ; Clique LB = 2
2 Complement LB = 95 ; Clique LB = 2
2 Complement LB = 95 ; Clique LB = 2
1 Complement LB = 2.0105263157894737 ; Clique LB = 2
2 Complement LB = 95 ; Clique LB = 2
2 Complement LB = 95 ; Clique LB = 2
2 Complement LB = 95 ; Clique LB = 2
2 Complement LB = 95 ; Clique LB = 2
1 Complement LB = 2.0105263157894737 ; Clique LB = 2
2 Complement LB = 95 ; Clique LB = 2
1 Complement LB = 2.0105263157894737 ; Clique LB = 2
2 Complement LB = 95 ; Clique LB = 2
1 Complement LB = 2.0105263157894737 ; Clique LB = 2
2 Complement LB = 95 ; Clique LB = 2
1 Complement LB = 2.0105263157894737 ; Clique LB = 2
2 Complement LB = 95 ; Clique LB = 2
2 Complement LB = 95 ; Clique LB = 2
MPI size = 8
Starting at: 11:38:24

Solving ../instances/myciel7.col...
Starting (UB, LB) = (8, 2)
Coloring time = 0m 1.421s
Clique time = 0m 5.647s
Chromatic number for ../instances/myciel7.col: 8
MaxClique found = 2
Time: 166m 33s
Is Valid? TRUE.
TIMED OUT.

