MPI size = 32
Starting at: 22:21:18

Solving ../instances/queen11_11.col...
Starting (UB, LB) = (15, 11)
Coloring time = 0m 1.001s
Clique time = 0m 0.953s
Slave 30 improved UB = 14 Time = 0m 44.899s
Slave 30 improved UB = 13 Time = 8m 2.715s
Chromatic number for ../instances/queen11_11.col: 13
MaxClique found = 11
Time: 166m 53s
Is Valid? TRUE.
TIMED OUT.

MPI size = 128
Starting at: 22:26:52

Solving ../instances/queen11_11.col...
Starting (UB, LB) = (15, 11)
Coloring time = 0m 1.001s
Clique time = 0m 1.079s
Slave 1 improved UB = 14 Time = 0m 20.783s
Slave 17 improved UB = 13 Time = 3m 5.300s
Chromatic number for ../instances/queen11_11.col: 13
MaxClique found = 11
Time: 166m 53s
Is Valid? TRUE.
TIMED OUT.

