Traceback (most recent call last):
  File "/ceph/hpc/home/ruzzaa/MPI BB py/mpi.py", line 340, in <module>
    main()
  File "/ceph/hpc/home/ruzzaa/MPI BB py/mpi.py", line 336, in main
    solve_instance_parallel(instance, time_limit)
  File "/ceph/hpc/home/ruzzaa/MPI BB py/mpi.py", line 277, in solve_instance_parallel
    chromatic_number, maxCliqueSize, best_coloring = branch_and_bound_parallel(graph, time_limit)
                                                     ^^^^^^^^^^^^^^^^^^^^^^^^^^^^^^^^^^^^^^^^^^^^
  File "/ceph/hpc/home/ruzzaa/MPI BB py/mpi.py", line 266, in branch_and_bound_parallel
    slave_branch_and_bound(graph)
  File "/ceph/hpc/home/ruzzaa/MPI BB py/mpi.py", line 236, in slave_branch_and_bound
    for child in branch_node(graph, node):
TypeError: 'NoneType' object is not iterable
Traceback (most recent call last):
  File "/ceph/hpc/home/ruzzaa/MPI BB py/mpi.py", line 340, in <module>
    main()
  File "/ceph/hpc/home/ruzzaa/MPI BB py/mpi.py", line 336, in main
    solve_instance_parallel(instance, time_limit)
  File "/ceph/hpc/home/ruzzaa/MPI BB py/mpi.py", line 277, in solve_instance_parallel
    chromatic_number, maxCliqueSize, best_coloring = branch_and_bound_parallel(graph, time_limit)
                                                     ^^^^^^^^^^^^^^^^^^^^^^^^^^^^^^^^^^^^^^^^^^^^
  File "/ceph/hpc/home/ruzzaa/MPI BB py/mpi.py", line 266, in branch_and_bound_parallel
    slave_branch_and_bound(graph)
  File "/ceph/hpc/home/ruzzaa/MPI BB py/mpi.py", line 236, in slave_branch_and_bound
    for child in branch_node(graph, node):
TypeError: 'NoneType' object is not iterable
Traceback (most recent call last):
  File "/ceph/hpc/home/ruzzaa/MPI BB py/mpi.py", line 340, in <module>
    main()
  File "/ceph/hpc/home/ruzzaa/MPI BB py/mpi.py", line 336, in main
    solve_instance_parallel(instance, time_limit)
  File "/ceph/hpc/home/ruzzaa/MPI BB py/mpi.py", line 277, in solve_instance_parallel
    chromatic_number, maxCliqueSize, best_coloring = branch_and_bound_parallel(graph, time_limit)
                                                     ^^^^^^^^^^^^^^^^^^^^^^^^^^^^^^^^^^^^^^^^^^^^
  File "/ceph/hpc/home/ruzzaa/MPI BB py/mpi.py", line 266, in branch_and_bound_parallel
    slave_branch_and_bound(graph)
  File "/ceph/hpc/home/ruzzaa/MPI BB py/mpi.py", line 236, in slave_branch_and_bound
    for child in branch_node(graph, node):
TypeError: 'NoneType' object is not iterable
Traceback (most recent call last):
  File "/ceph/hpc/home/ruzzaa/MPI BB py/mpi.py", line 340, in <module>
    main()
  File "/ceph/hpc/home/ruzzaa/MPI BB py/mpi.py", line 336, in main
    solve_instance_parallel(instance, time_limit)
  File "/ceph/hpc/home/ruzzaa/MPI BB py/mpi.py", line 277, in solve_instance_parallel
    chromatic_number, maxCliqueSize, best_coloring = branch_and_bound_parallel(graph, time_limit)
                                                     ^^^^^^^^^^^^^^^^^^^^^^^^^^^^^^^^^^^^^^^^^^^^
  File "/ceph/hpc/home/ruzzaa/MPI BB py/mpi.py", line 266, in branch_and_bound_parallel
    slave_branch_and_bound(graph)
  File "/ceph/hpc/home/ruzzaa/MPI BB py/mpi.py", line 236, in slave_branch_and_bound
    for child in branch_node(graph, node):
TypeError: 'NoneType' object is not iterable
Traceback (most recent call last):
  File "/ceph/hpc/home/ruzzaa/MPI BB py/mpi.py", line 340, in <module>
    main()
  File "/ceph/hpc/home/ruzzaa/MPI BB py/mpi.py", line 336, in main
    solve_instance_parallel(instance, time_limit)
  File "/ceph/hpc/home/ruzzaa/MPI BB py/mpi.py", line 277, in solve_instance_parallel
    chromatic_number, maxCliqueSize, best_coloring = branch_and_bound_parallel(graph, time_limit)
                                                     ^^^^^^^^^^^^^^^^^^^^^^^^^^^^^^^^^^^^^^^^^^^^
  File "/ceph/hpc/home/ruzzaa/MPI BB py/mpi.py", line 266, in branch_and_bound_parallel
    slave_branch_and_bound(graph)
  File "/ceph/hpc/home/ruzzaa/MPI BB py/mpi.py", line 236, in slave_branch_and_bound
    for child in branch_node(graph, node):
TypeError: 'NoneType' object is not iterable
Traceback (most recent call last):
  File "/ceph/hpc/home/ruzzaa/MPI BB py/mpi.py", line 340, in <module>
    main()
  File "/ceph/hpc/home/ruzzaa/MPI BB py/mpi.py", line 336, in main
    solve_instance_parallel(instance, time_limit)
  File "/ceph/hpc/home/ruzzaa/MPI BB py/mpi.py", line 277, in solve_instance_parallel
    chromatic_number, maxCliqueSize, best_coloring = branch_and_bound_parallel(graph, time_limit)
                                                     ^^^^^^^^^^^^^^^^^^^^^^^^^^^^^^^^^^^^^^^^^^^^
  File "/ceph/hpc/home/ruzzaa/MPI BB py/mpi.py", line 266, in branch_and_bound_parallel
    slave_branch_and_bound(graph)
  File "/ceph/hpc/home/ruzzaa/MPI BB py/mpi.py", line 236, in slave_branch_and_bound
    for child in branch_node(graph, node):
TypeError: 'NoneType' object is not iterable
Traceback (most recent call last):
  File "/ceph/hpc/home/ruzzaa/MPI BB py/mpi.py", line 340, in <module>
    main()
  File "/ceph/hpc/home/ruzzaa/MPI BB py/mpi.py", line 336, in main
    solve_instance_parallel(instance, time_limit)
  File "/ceph/hpc/home/ruzzaa/MPI BB py/mpi.py", line 277, in solve_instance_parallel
    chromatic_number, maxCliqueSize, best_coloring = branch_and_bound_parallel(graph, time_limit)
                                                     ^^^^^^^^^^^^^^^^^^^^^^^^^^^^^^^^^^^^^^^^^^^^
  File "/ceph/hpc/home/ruzzaa/MPI BB py/mpi.py", line 266, in branch_and_bound_parallel
    slave_branch_and_bound(graph)
  File "/ceph/hpc/home/ruzzaa/MPI BB py/mpi.py", line 236, in slave_branch_and_bound
    for child in branch_node(graph, node):
TypeError: 'NoneType' object is not iterable
Traceback (most recent call last):
  File "/ceph/hpc/home/ruzzaa/MPI BB py/mpi.py", line 340, in <module>
    main()
  File "/ceph/hpc/home/ruzzaa/MPI BB py/mpi.py", line 336, in main
    solve_instance_parallel(instance, time_limit)
  File "/ceph/hpc/home/ruzzaa/MPI BB py/mpi.py", line 277, in solve_instance_parallel
    chromatic_number, maxCliqueSize, best_coloring = branch_and_bound_parallel(graph, time_limit)
                                                     ^^^^^^^^^^^^^^^^^^^^^^^^^^^^^^^^^^^^^^^^^^^^
  File "/ceph/hpc/home/ruzzaa/MPI BB py/mpi.py", line 266, in branch_and_bound_parallel
    slave_branch_and_bound(graph)
  File "/ceph/hpc/home/ruzzaa/MPI BB py/mpi.py", line 236, in slave_branch_and_bound
    for child in branch_node(graph, node):
TypeError: 'NoneType' object is not iterable
Traceback (most recent call last):
  File "/ceph/hpc/home/ruzzaa/MPI BB py/mpi.py", line 340, in <module>
    main()
  File "/ceph/hpc/home/ruzzaa/MPI BB py/mpi.py", line 336, in main
    solve_instance_parallel(instance, time_limit)
  File "/ceph/hpc/home/ruzzaa/MPI BB py/mpi.py", line 277, in solve_instance_parallel
    chromatic_number, maxCliqueSize, best_coloring = branch_and_bound_parallel(graph, time_limit)
                                                     ^^^^^^^^^^^^^^^^^^^^^^^^^^^^^^^^^^^^^^^^^^^^
  File "/ceph/hpc/home/ruzzaa/MPI BB py/mpi.py", line 266, in branch_and_bound_parallel
    slave_branch_and_bound(graph)
  File "/ceph/hpc/home/ruzzaa/MPI BB py/mpi.py", line 236, in slave_branch_and_bound
    for child in branch_node(graph, node):
TypeError: 'NoneType' object is not iterable
Traceback (most recent call last):
  File "/ceph/hpc/home/ruzzaa/MPI BB py/mpi.py", line 340, in <module>
    main()
  File "/ceph/hpc/home/ruzzaa/MPI BB py/mpi.py", line 336, in main
    solve_instance_parallel(instance, time_limit)
  File "/ceph/hpc/home/ruzzaa/MPI BB py/mpi.py", line 277, in solve_instance_parallel
    chromatic_number, maxCliqueSize, best_coloring = branch_and_bound_parallel(graph, time_limit)
                                                     ^^^^^^^^^^^^^^^^^^^^^^^^^^^^^^^^^^^^^^^^^^^^
  File "/ceph/hpc/home/ruzzaa/MPI BB py/mpi.py", line 266, in branch_and_bound_parallel
    slave_branch_and_bound(graph)
  File "/ceph/hpc/home/ruzzaa/MPI BB py/mpi.py", line 236, in slave_branch_and_bound
    for child in branch_node(graph, node):
TypeError: 'NoneType' object is not iterable
Traceback (most recent call last):
  File "/ceph/hpc/home/ruzzaa/MPI BB py/mpi.py", line 340, in <module>
    main()
  File "/ceph/hpc/home/ruzzaa/MPI BB py/mpi.py", line 336, in main
    solve_instance_parallel(instance, time_limit)
  File "/ceph/hpc/home/ruzzaa/MPI BB py/mpi.py", line 277, in solve_instance_parallel
    chromatic_number, maxCliqueSize, best_coloring = branch_and_bound_parallel(graph, time_limit)
                                                     ^^^^^^^^^^^^^^^^^^^^^^^^^^^^^^^^^^^^^^^^^^^^
  File "/ceph/hpc/home/ruzzaa/MPI BB py/mpi.py", line 266, in branch_and_bound_parallel
    slave_branch_and_bound(graph)
  File "/ceph/hpc/home/ruzzaa/MPI BB py/mpi.py", line 236, in slave_branch_and_bound
    for child in branch_node(graph, node):
TypeError: 'NoneType' object is not iterable
Traceback (most recent call last):
  File "/ceph/hpc/home/ruzzaa/MPI BB py/mpi.py", line 340, in <module>
    main()
  File "/ceph/hpc/home/ruzzaa/MPI BB py/mpi.py", line 336, in main
    solve_instance_parallel(instance, time_limit)
  File "/ceph/hpc/home/ruzzaa/MPI BB py/mpi.py", line 277, in solve_instance_parallel
    chromatic_number, maxCliqueSize, best_coloring = branch_and_bound_parallel(graph, time_limit)
                                                     ^^^^^^^^^^^^^^^^^^^^^^^^^^^^^^^^^^^^^^^^^^^^
  File "/ceph/hpc/home/ruzzaa/MPI BB py/mpi.py", line 266, in branch_and_bound_parallel
    slave_branch_and_bound(graph)
  File "/ceph/hpc/home/ruzzaa/MPI BB py/mpi.py", line 236, in slave_branch_and_bound
    for child in branch_node(graph, node):
TypeError: 'NoneType' object is not iterable
Traceback (most recent call last):
  File "/ceph/hpc/home/ruzzaa/MPI BB py/mpi.py", line 340, in <module>
    main()
  File "/ceph/hpc/home/ruzzaa/MPI BB py/mpi.py", line 336, in main
    solve_instance_parallel(instance, time_limit)
  File "/ceph/hpc/home/ruzzaa/MPI BB py/mpi.py", line 277, in solve_instance_parallel
    chromatic_number, maxCliqueSize, best_coloring = branch_and_bound_parallel(graph, time_limit)
                                                     ^^^^^^^^^^^^^^^^^^^^^^^^^^^^^^^^^^^^^^^^^^^^
  File "/ceph/hpc/home/ruzzaa/MPI BB py/mpi.py", line 266, in branch_and_bound_parallel
    slave_branch_and_bound(graph)
  File "/ceph/hpc/home/ruzzaa/MPI BB py/mpi.py", line 236, in slave_branch_and_bound
    for child in branch_node(graph, node):
TypeError: 'NoneType' object is not iterable
Traceback (most recent call last):
  File "/ceph/hpc/home/ruzzaa/MPI BB py/mpi.py", line 340, in <module>
    main()
  File "/ceph/hpc/home/ruzzaa/MPI BB py/mpi.py", line 336, in main
    solve_instance_parallel(instance, time_limit)
  File "/ceph/hpc/home/ruzzaa/MPI BB py/mpi.py", line 277, in solve_instance_parallel
    chromatic_number, maxCliqueSize, best_coloring = branch_and_bound_parallel(graph, time_limit)
                                                     ^^^^^^^^^^^^^^^^^^^^^^^^^^^^^^^^^^^^^^^^^^^^
  File "/ceph/hpc/home/ruzzaa/MPI BB py/mpi.py", line 266, in branch_and_bound_parallel
    slave_branch_and_bound(graph)
  File "/ceph/hpc/home/ruzzaa/MPI BB py/mpi.py", line 236, in slave_branch_and_bound
    for child in branch_node(graph, node):
TypeError: 'NoneType' object is not iterable
Traceback (most recent call last):
  File "/ceph/hpc/home/ruzzaa/MPI BB py/mpi.py", line 340, in <module>
    main()
  File "/ceph/hpc/home/ruzzaa/MPI BB py/mpi.py", line 336, in main
    solve_instance_parallel(instance, time_limit)
  File "/ceph/hpc/home/ruzzaa/MPI BB py/mpi.py", line 277, in solve_instance_parallel
    chromatic_number, maxCliqueSize, best_coloring = branch_and_bound_parallel(graph, time_limit)
                                                     ^^^^^^^^^^^^^^^^^^^^^^^^^^^^^^^^^^^^^^^^^^^^
  File "/ceph/hpc/home/ruzzaa/MPI BB py/mpi.py", line 266, in branch_and_bound_parallel
    slave_branch_and_bound(graph)
  File "/ceph/hpc/home/ruzzaa/MPI BB py/mpi.py", line 236, in slave_branch_and_bound
    for child in branch_node(graph, node):
TypeError: 'NoneType' object is not iterable
Traceback (most recent call last):
  File "/ceph/hpc/home/ruzzaa/MPI BB py/mpi.py", line 340, in <module>
    main()
  File "/ceph/hpc/home/ruzzaa/MPI BB py/mpi.py", line 336, in main
    solve_instance_parallel(instance, time_limit)
  File "/ceph/hpc/home/ruzzaa/MPI BB py/mpi.py", line 277, in solve_instance_parallel
    chromatic_number, maxCliqueSize, best_coloring = branch_and_bound_parallel(graph, time_limit)
                                                     ^^^^^^^^^^^^^^^^^^^^^^^^^^^^^^^^^^^^^^^^^^^^
  File "/ceph/hpc/home/ruzzaa/MPI BB py/mpi.py", line 266, in branch_and_bound_parallel
    slave_branch_and_bound(graph)
  File "/ceph/hpc/home/ruzzaa/MPI BB py/mpi.py", line 236, in slave_branch_and_bound
    for child in branch_node(graph, node):
TypeError: 'NoneType' object is not iterable
Traceback (most recent call last):
  File "/ceph/hpc/home/ruzzaa/MPI BB py/mpi.py", line 340, in <module>
    main()
  File "/ceph/hpc/home/ruzzaa/MPI BB py/mpi.py", line 336, in main
    solve_instance_parallel(instance, time_limit)
  File "/ceph/hpc/home/ruzzaa/MPI BB py/mpi.py", line 277, in solve_instance_parallel
    chromatic_number, maxCliqueSize, best_coloring = branch_and_bound_parallel(graph, time_limit)
                                                     ^^^^^^^^^^^^^^^^^^^^^^^^^^^^^^^^^^^^^^^^^^^^
  File "/ceph/hpc/home/ruzzaa/MPI BB py/mpi.py", line 266, in branch_and_bound_parallel
    slave_branch_and_bound(graph)
  File "/ceph/hpc/home/ruzzaa/MPI BB py/mpi.py", line 236, in slave_branch_and_bound
    for child in branch_node(graph, node):
TypeError: 'NoneType' object is not iterable
Traceback (most recent call last):
  File "/ceph/hpc/home/ruzzaa/MPI BB py/mpi.py", line 340, in <module>
    main()
  File "/ceph/hpc/home/ruzzaa/MPI BB py/mpi.py", line 336, in main
    solve_instance_parallel(instance, time_limit)
  File "/ceph/hpc/home/ruzzaa/MPI BB py/mpi.py", line 277, in solve_instance_parallel
    chromatic_number, maxCliqueSize, best_coloring = branch_and_bound_parallel(graph, time_limit)
                                                     ^^^^^^^^^^^^^^^^^^^^^^^^^^^^^^^^^^^^^^^^^^^^
  File "/ceph/hpc/home/ruzzaa/MPI BB py/mpi.py", line 266, in branch_and_bound_parallel
    slave_branch_and_bound(graph)
  File "/ceph/hpc/home/ruzzaa/MPI BB py/mpi.py", line 236, in slave_branch_and_bound
    for child in branch_node(graph, node):
TypeError: 'NoneType' object is not iterable
Traceback (most recent call last):
  File "/ceph/hpc/home/ruzzaa/MPI BB py/mpi.py", line 340, in <module>
    main()
  File "/ceph/hpc/home/ruzzaa/MPI BB py/mpi.py", line 336, in main
    solve_instance_parallel(instance, time_limit)
  File "/ceph/hpc/home/ruzzaa/MPI BB py/mpi.py", line 277, in solve_instance_parallel
    chromatic_number, maxCliqueSize, best_coloring = branch_and_bound_parallel(graph, time_limit)
                                                     ^^^^^^^^^^^^^^^^^^^^^^^^^^^^^^^^^^^^^^^^^^^^
  File "/ceph/hpc/home/ruzzaa/MPI BB py/mpi.py", line 266, in branch_and_bound_parallel
    slave_branch_and_bound(graph)
  File "/ceph/hpc/home/ruzzaa/MPI BB py/mpi.py", line 236, in slave_branch_and_bound
    for child in branch_node(graph, node):
TypeError: 'NoneType' object is not iterable
Traceback (most recent call last):
  File "/ceph/hpc/home/ruzzaa/MPI BB py/mpi.py", line 340, in <module>
    main()
  File "/ceph/hpc/home/ruzzaa/MPI BB py/mpi.py", line 336, in main
    solve_instance_parallel(instance, time_limit)
  File "/ceph/hpc/home/ruzzaa/MPI BB py/mpi.py", line 277, in solve_instance_parallel
    chromatic_number, maxCliqueSize, best_coloring = branch_and_bound_parallel(graph, time_limit)
                                                     ^^^^^^^^^^^^^^^^^^^^^^^^^^^^^^^^^^^^^^^^^^^^
  File "/ceph/hpc/home/ruzzaa/MPI BB py/mpi.py", line 266, in branch_and_bound_parallel
    slave_branch_and_bound(graph)
  File "/ceph/hpc/home/ruzzaa/MPI BB py/mpi.py", line 236, in slave_branch_and_bound
    for child in branch_node(graph, node):
TypeError: 'NoneType' object is not iterable
Traceback (most recent call last):
  File "/ceph/hpc/home/ruzzaa/MPI BB py/mpi.py", line 340, in <module>
    main()
  File "/ceph/hpc/home/ruzzaa/MPI BB py/mpi.py", line 336, in main
    solve_instance_parallel(instance, time_limit)
  File "/ceph/hpc/home/ruzzaa/MPI BB py/mpi.py", line 277, in solve_instance_parallel
    chromatic_number, maxCliqueSize, best_coloring = branch_and_bound_parallel(graph, time_limit)
                                                     ^^^^^^^^^^^^^^^^^^^^^^^^^^^^^^^^^^^^^^^^^^^^
  File "/ceph/hpc/home/ruzzaa/MPI BB py/mpi.py", line 266, in branch_and_bound_parallel
    slave_branch_and_bound(graph)
  File "/ceph/hpc/home/ruzzaa/MPI BB py/mpi.py", line 236, in slave_branch_and_bound
    for child in branch_node(graph, node):
TypeError: 'NoneType' object is not iterable
Traceback (most recent call last):
  File "/ceph/hpc/home/ruzzaa/MPI BB py/mpi.py", line 340, in <module>
    main()
  File "/ceph/hpc/home/ruzzaa/MPI BB py/mpi.py", line 336, in main
    solve_instance_parallel(instance, time_limit)
  File "/ceph/hpc/home/ruzzaa/MPI BB py/mpi.py", line 277, in solve_instance_parallel
    chromatic_number, maxCliqueSize, best_coloring = branch_and_bound_parallel(graph, time_limit)
                                                     ^^^^^^^^^^^^^^^^^^^^^^^^^^^^^^^^^^^^^^^^^^^^
  File "/ceph/hpc/home/ruzzaa/MPI BB py/mpi.py", line 266, in branch_and_bound_parallel
    slave_branch_and_bound(graph)
  File "/ceph/hpc/home/ruzzaa/MPI BB py/mpi.py", line 236, in slave_branch_and_bound
    for child in branch_node(graph, node):
TypeError: 'NoneType' object is not iterable
Traceback (most recent call last):
  File "/ceph/hpc/home/ruzzaa/MPI BB py/mpi.py", line 340, in <module>
    main()
  File "/ceph/hpc/home/ruzzaa/MPI BB py/mpi.py", line 336, in main
    solve_instance_parallel(instance, time_limit)
  File "/ceph/hpc/home/ruzzaa/MPI BB py/mpi.py", line 277, in solve_instance_parallel
    chromatic_number, maxCliqueSize, best_coloring = branch_and_bound_parallel(graph, time_limit)
                                                     ^^^^^^^^^^^^^^^^^^^^^^^^^^^^^^^^^^^^^^^^^^^^
  File "/ceph/hpc/home/ruzzaa/MPI BB py/mpi.py", line 266, in branch_and_bound_parallel
    slave_branch_and_bound(graph)
  File "/ceph/hpc/home/ruzzaa/MPI BB py/mpi.py", line 236, in slave_branch_and_bound
    for child in branch_node(graph, node):
TypeError: 'NoneType' object is not iterable
Traceback (most recent call last):
  File "/ceph/hpc/home/ruzzaa/MPI BB py/mpi.py", line 340, in <module>
    main()
  File "/ceph/hpc/home/ruzzaa/MPI BB py/mpi.py", line 336, in main
    solve_instance_parallel(instance, time_limit)
  File "/ceph/hpc/home/ruzzaa/MPI BB py/mpi.py", line 277, in solve_instance_parallel
    chromatic_number, maxCliqueSize, best_coloring = branch_and_bound_parallel(graph, time_limit)
                                                     ^^^^^^^^^^^^^^^^^^^^^^^^^^^^^^^^^^^^^^^^^^^^
  File "/ceph/hpc/home/ruzzaa/MPI BB py/mpi.py", line 266, in branch_and_bound_parallel
    slave_branch_and_bound(graph)
  File "/ceph/hpc/home/ruzzaa/MPI BB py/mpi.py", line 236, in slave_branch_and_bound
    for child in branch_node(graph, node):
TypeError: 'NoneType' object is not iterable
Traceback (most recent call last):
  File "/ceph/hpc/home/ruzzaa/MPI BB py/mpi.py", line 340, in <module>
    main()
  File "/ceph/hpc/home/ruzzaa/MPI BB py/mpi.py", line 336, in main
    solve_instance_parallel(instance, time_limit)
  File "/ceph/hpc/home/ruzzaa/MPI BB py/mpi.py", line 277, in solve_instance_parallel
    chromatic_number, maxCliqueSize, best_coloring = branch_and_bound_parallel(graph, time_limit)
                                                     ^^^^^^^^^^^^^^^^^^^^^^^^^^^^^^^^^^^^^^^^^^^^
  File "/ceph/hpc/home/ruzzaa/MPI BB py/mpi.py", line 266, in branch_and_bound_parallel
    slave_branch_and_bound(graph)
  File "/ceph/hpc/home/ruzzaa/MPI BB py/mpi.py", line 236, in slave_branch_and_bound
    for child in branch_node(graph, node):
TypeError: 'NoneType' object is not iterable
Traceback (most recent call last):
  File "/ceph/hpc/home/ruzzaa/MPI BB py/mpi.py", line 340, in <module>
    main()
  File "/ceph/hpc/home/ruzzaa/MPI BB py/mpi.py", line 336, in main
    solve_instance_parallel(instance, time_limit)
  File "/ceph/hpc/home/ruzzaa/MPI BB py/mpi.py", line 277, in solve_instance_parallel
    chromatic_number, maxCliqueSize, best_coloring = branch_and_bound_parallel(graph, time_limit)
                                                     ^^^^^^^^^^^^^^^^^^^^^^^^^^^^^^^^^^^^^^^^^^^^
  File "/ceph/hpc/home/ruzzaa/MPI BB py/mpi.py", line 266, in branch_and_bound_parallel
    slave_branch_and_bound(graph)
  File "/ceph/hpc/home/ruzzaa/MPI BB py/mpi.py", line 236, in slave_branch_and_bound
    for child in branch_node(graph, node):
TypeError: 'NoneType' object is not iterable
Traceback (most recent call last):
  File "/ceph/hpc/home/ruzzaa/MPI BB py/mpi.py", line 340, in <module>
    main()
  File "/ceph/hpc/home/ruzzaa/MPI BB py/mpi.py", line 336, in main
    solve_instance_parallel(instance, time_limit)
  File "/ceph/hpc/home/ruzzaa/MPI BB py/mpi.py", line 277, in solve_instance_parallel
    chromatic_number, maxCliqueSize, best_coloring = branch_and_bound_parallel(graph, time_limit)
                                                     ^^^^^^^^^^^^^^^^^^^^^^^^^^^^^^^^^^^^^^^^^^^^
  File "/ceph/hpc/home/ruzzaa/MPI BB py/mpi.py", line 266, in branch_and_bound_parallel
    slave_branch_and_bound(graph)
  File "/ceph/hpc/home/ruzzaa/MPI BB py/mpi.py", line 236, in slave_branch_and_bound
    for child in branch_node(graph, node):
TypeError: 'NoneType' object is not iterable
Traceback (most recent call last):
  File "/ceph/hpc/home/ruzzaa/MPI BB py/mpi.py", line 340, in <module>
    main()
  File "/ceph/hpc/home/ruzzaa/MPI BB py/mpi.py", line 336, in main
    solve_instance_parallel(instance, time_limit)
  File "/ceph/hpc/home/ruzzaa/MPI BB py/mpi.py", line 277, in solve_instance_parallel
    chromatic_number, maxCliqueSize, best_coloring = branch_and_bound_parallel(graph, time_limit)
                                                     ^^^^^^^^^^^^^^^^^^^^^^^^^^^^^^^^^^^^^^^^^^^^
  File "/ceph/hpc/home/ruzzaa/MPI BB py/mpi.py", line 266, in branch_and_bound_parallel
    slave_branch_and_bound(graph)
  File "/ceph/hpc/home/ruzzaa/MPI BB py/mpi.py", line 236, in slave_branch_and_bound
    for child in branch_node(graph, node):
TypeError: 'NoneType' object is not iterable
Traceback (most recent call last):
  File "/ceph/hpc/home/ruzzaa/MPI BB py/mpi.py", line 340, in <module>
    main()
  File "/ceph/hpc/home/ruzzaa/MPI BB py/mpi.py", line 336, in main
    solve_instance_parallel(instance, time_limit)
  File "/ceph/hpc/home/ruzzaa/MPI BB py/mpi.py", line 277, in solve_instance_parallel
    chromatic_number, maxCliqueSize, best_coloring = branch_and_bound_parallel(graph, time_limit)
                                                     ^^^^^^^^^^^^^^^^^^^^^^^^^^^^^^^^^^^^^^^^^^^^
  File "/ceph/hpc/home/ruzzaa/MPI BB py/mpi.py", line 266, in branch_and_bound_parallel
    slave_branch_and_bound(graph)
  File "/ceph/hpc/home/ruzzaa/MPI BB py/mpi.py", line 236, in slave_branch_and_bound
    for child in branch_node(graph, node):
TypeError: 'NoneType' object is not iterable
Traceback (most recent call last):
  File "/ceph/hpc/home/ruzzaa/MPI BB py/mpi.py", line 340, in <module>
    main()
  File "/ceph/hpc/home/ruzzaa/MPI BB py/mpi.py", line 336, in main
    solve_instance_parallel(instance, time_limit)
  File "/ceph/hpc/home/ruzzaa/MPI BB py/mpi.py", line 277, in solve_instance_parallel
    chromatic_number, maxCliqueSize, best_coloring = branch_and_bound_parallel(graph, time_limit)
                                                     ^^^^^^^^^^^^^^^^^^^^^^^^^^^^^^^^^^^^^^^^^^^^
  File "/ceph/hpc/home/ruzzaa/MPI BB py/mpi.py", line 266, in branch_and_bound_parallel
    slave_branch_and_bound(graph)
  File "/ceph/hpc/home/ruzzaa/MPI BB py/mpi.py", line 236, in slave_branch_and_bound
    for child in branch_node(graph, node):
TypeError: 'NoneType' object is not iterable
Traceback (most recent call last):
  File "/ceph/hpc/home/ruzzaa/MPI BB py/mpi.py", line 340, in <module>
    main()
  File "/ceph/hpc/home/ruzzaa/MPI BB py/mpi.py", line 336, in main
    solve_instance_parallel(instance, time_limit)
  File "/ceph/hpc/home/ruzzaa/MPI BB py/mpi.py", line 277, in solve_instance_parallel
    chromatic_number, maxCliqueSize, best_coloring = branch_and_bound_parallel(graph, time_limit)
                                                     ^^^^^^^^^^^^^^^^^^^^^^^^^^^^^^^^^^^^^^^^^^^^
  File "/ceph/hpc/home/ruzzaa/MPI BB py/mpi.py", line 266, in branch_and_bound_parallel
    slave_branch_and_bound(graph)
  File "/ceph/hpc/home/ruzzaa/MPI BB py/mpi.py", line 236, in slave_branch_and_bound
    for child in branch_node(graph, node):
TypeError: 'NoneType' object is not iterable
slurmstepd: error: *** STEP 52370455.0 ON cn0754 CANCELLED AT 2025-02-18T15:30:42 DUE TO TIME LIMIT ***
