problem_instance_file_name: games120.col
cmd_line: mpirun -n 8 MPI_BacktrackingDSatur_DLS games120.col
solver_version: v1.0.1
number_of_vertices: 120
number_of_edges: 1276
time_limit_sec: 9900
number_of_worker_processes: 8
number_of_cores_per_worker: 32
wall_time_sec: 6
is_within_time_limit: True
number_of_colors: 9
max_clique_size: 9
1 2
2 3
3 6
4 2
5 5
6 0
7 2
8 6
9 0
10 0
11 1
12 3
13 2
14 3
15 3
16 3
17 3
18 0
19 4
20 3
21 7
22 5
23 0
24 4
25 3
26 0
27 2
28 0
29 2
30 0
31 1
32 1
33 2
34 1
35 5
36 4
37 4
38 1
39 1
40 7
41 4
42 8
43 6
44 2
45 3
46 1
47 4
48 1
49 1
50 7
51 3
52 0
53 4
54 5
55 6
56 2
57 5
58 2
59 2
60 5
61 3
62 0
63 5
64 1
65 0
66 0
67 1
68 1
69 5
70 4
71 3
72 4
73 2
74 4
75 5
76 3
77 1
78 8
79 2
80 6
81 5
82 2
83 8
84 4
85 0
86 5
87 7
88 0
89 1
90 3
91 7
92 2
93 3
94 1
95 1
96 4
97 1
98 2
99 6
100 1
101 4
102 7
103 4
104 0
105 0
106 0
107 0
108 5
109 5
110 5
111 0
112 6
113 0
114 3
115 7
116 3
117 2
118 6
119 6
120 4
