problem_instance_file_name: homer.col
cmd_line: mpirun -n 8 MPI_BacktrackingDSatur_DLS homer.col
solver_version: v1.0.1
number_of_vertices: 561
number_of_edges: 3256
time_limit_sec: 9900
number_of_worker_processes: 8
number_of_cores_per_worker: 32
wall_time_sec: 20
is_within_time_limit: True
number_of_colors: 13
max_clique_size: 13
1 3
2 5
3 0
4 1
5 0
6 0
7 0
8 1
9 1
10 2
11 2
12 0
13 0
14 0
15 2
16 0
17 2
18 0
19 1
20 0
21 0
22 0
23 0
24 1
25 0
26 0
27 0
28 1
29 1
30 2
31 0
32 3
33 0
34 8
35 4
36 1
37 0
38 1
39 1
40 5
41 0
42 1
43 0
44 8
45 0
46 2
47 0
48 0
49 5
50 1
51 1
52 1
53 7
54 0
55 0
56 0
57 1
58 1
59 0
60 2
61 5
62 2
63 0
64 3
65 0
66 3
67 2
68 2
69 6
70 0
71 1
72 1
73 0
74 2
75 0
76 4
77 1
78 6
79 0
80 0
81 0
82 1
83 3
84 1
85 1
86 2
87 0
88 2
89 0
90 0
91 0
92 0
93 0
94 0
95 4
96 2
97 1
98 1
99 0
100 0
101 0
102 0
103 0
104 0
105 0
106 0
107 0
108 2
109 0
110 0
111 0
112 0
113 0
114 1
115 3
116 0
117 5
118 0
119 5
120 0
121 0
122 0
123 6
124 0
125 0
126 0
127 0
128 0
129 0
130 0
131 0
132 0
133 0
134 0
135 8
136 0
137 2
138 0
139 1
140 1
141 0
142 1
143 1
144 0
145 0
146 1
147 1
148 1
149 1
150 3
151 0
152 2
153 0
154 7
155 4
156 0
157 0
158 1
159 1
160 2
161 3
162 1
163 1
164 6
165 6
166 0
167 0
168 2
169 1
170 3
171 9
172 1
173 0
174 1
175 1
176 2
177 2
178 7
179 1
180 0
181 1
182 1
183 3
184 0
185 1
186 2
187 1
188 1
189 9
190 0
191 0
192 3
193 0
194 2
195 0
196 5
197 1
198 0
199 1
200 0
201 0
202 3
203 8
204 4
205 0
206 0
207 0
208 0
209 0
210 0
211 2
212 1
213 0
214 0
215 1
216 0
217 0
218 3
219 1
220 0
221 0
222 1
223 0
224 0
225 0
226 0
227 2
228 0
229 0
230 0
231 1
232 0
233 0
234 2
235 0
236 0
237 0
238 0
239 2
240 3
241 0
242 0
243 0
244 1
245 0
246 3
247 1
248 0
249 1
250 0
251 1
252 0
253 2
254 0
255 2
256 0
257 0
258 0
259 4
260 1
261 0
262 3
263 0
264 4
265 0
266 0
267 3
268 1
269 0
270 0
271 0
272 1
273 0
274 3
275 0
276 0
277 5
278 0
279 0
280 2
281 1
282 0
283 0
284 0
285 2
286 1
287 0
288 0
289 0
290 0
291 2
292 3
293 0
294 0
295 1
296 0
297 7
298 0
299 0
300 0
301 0
302 0
303 1
304 0
305 0
306 0
307 0
308 1
309 0
310 0
311 0
312 1
313 2
314 10
315 1
316 2
317 4
318 0
319 0
320 2
321 1
322 0
323 0
324 0
325 0
326 0
327 1
328 0
329 0
330 1
331 1
332 2
333 0
334 0
335 9
336 8
337 0
338 0
339 1
340 1
341 0
342 0
343 0
344 0
345 1
346 0
347 1
348 5
349 7
350 1
351 0
352 0
353 11
354 1
355 0
356 3
357 4
358 1
359 1
360 0
361 6
362 1
363 3
364 0
365 2
366 0
367 4
368 5
369 7
370 0
371 1
372 1
373 0
374 1
375 0
376 0
377 0
378 3
379 0
380 7
381 12
382 0
383 0
384 2
385 5
386 1
387 6
388 0
389 0
390 1
391 4
392 2
393 1
394 1
395 0
396 3
397 4
398 0
399 0
400 9
401 0
402 0
403 0
404 0
405 2
406 0
407 1
408 8
409 0
410 7
411 2
412 0
413 1
414 0
415 4
416 5
417 0
418 1
419 1
420 0
421 0
422 3
423 0
424 2
425 6
426 4
427 3
428 1
429 1
430 0
431 0
432 0
433 4
434 0
435 0
436 0
437 0
438 0
439 0
440 0
441 1
442 0
443 3
444 1
445 3
446 0
447 1
448 2
449 0
450 1
451 3
452 0
453 1
454 0
455 0
456 1
457 0
458 0
459 0
460 0
461 0
462 0
463 0
464 0
465 1
466 0
467 0
468 2
469 0
470 0
471 2
472 2
473 0
474 0
475 0
476 1
477 1
478 1
479 5
480 1
481 0
482 1
483 2
484 0
485 10
486 0
487 0
488 1
489 1
490 0
491 7
492 7
493 1
494 0
495 1
496 0
497 2
498 1
499 0
500 1
501 1
502 7
503 1
504 1
505 0
506 0
507 2
508 4
509 0
510 9
511 3
512 0
513 0
514 0
515 0
516 1
517 0
518 1
519 1
520 0
521 2
522 0
523 0
524 1
525 0
526 6
527 2
528 5
529 0
530 1
531 0
532 1
533 1
534 0
535 1
536 0
537 0
538 1
539 0
540 0
541 3
542 6
543 0
544 1
545 8
546 1
547 0
548 3
549 4
550 0
551 2
552 0
553 4
554 7
555 8
556 1
557 1
558 5
559 0
560 9
561 0
