problem_instance_file_name: miles250.col
cmd_line: mpirun -n 8 MPI_BacktrackingDSatur_DLS miles250.col
solver_version: v1.0.1
number_of_vertices: 128
number_of_edges: 774
time_limit_sec: 9900
number_of_worker_processes: 8
number_of_cores_per_worker: 32
wall_time_sec: 7
is_within_time_limit: True
number_of_colors: 8
max_clique_size: 8
1 2
2 2
3 1
4 1
5 0
6 4
7 0
8 2
9 5
10 7
11 2
12 1
13 2
14 1
15 0
16 0
17 0
18 2
19 3
20 0
21 0
22 4
23 2
24 2
25 4
26 5
27 2
28 1
29 1
30 5
31 0
32 2
33 1
34 0
35 0
36 3
37 0
38 6
39 2
40 3
41 0
42 0
43 1
44 2
45 1
46 3
47 1
48 1
49 1
50 1
51 0
52 4
53 1
54 2
55 0
56 1
57 4
58 6
59 1
60 0
61 0
62 0
63 2
64 0
65 0
66 6
67 1
68 3
69 2
70 1
71 1
72 0
73 4
74 1
75 1
76 4
77 3
78 1
79 0
80 1
81 3
82 2
83 0
84 1
85 3
86 5
87 1
88 1
89 3
90 2
91 5
92 2
93 0
94 5
95 2
96 0
97 2
98 1
99 2
100 0
101 2
102 3
103 3
104 3
105 0
106 3
107 0
108 1
109 0
110 3
111 3
112 0
113 4
114 3
115 3
116 3
117 3
118 1
119 1
120 1
121 1
122 2
123 0
124 4
125 3
126 5
127 4
128 0
