problem_instance_file_name: miles1500.col
cmd_line: mpirun -n 8 MPI_BacktrackingDSatur_DLS miles1500.col
solver_version: v1.0.1
number_of_vertices: 128
number_of_edges: 10396
time_limit_sec: 9900
number_of_worker_processes: 8
number_of_cores_per_worker: 32
wall_time_sec: 47
is_within_time_limit: True
number_of_colors: 73
max_clique_size: 73
1 13
2 55
3 3
4 13
5 19
6 63
7 42
8 14
9 7
10 56
11 15
12 52
13 65
14 53
15 8
16 49
17 23
18 16
19 27
20 59
21 9
22 8
23 43
24 61
25 68
26 17
27 3
28 28
29 0
30 62
31 46
32 45
33 48
34 34
35 32
36 11
37 28
38 72
39 5
40 18
41 69
42 5
43 15
44 53
45 50
46 70
47 30
48 14
49 11
50 10
51 37
52 30
53 39
54 1
55 34
56 6
57 35
58 47
59 12
60 9
61 7
62 19
63 4
64 32
65 51
66 36
67 33
68 20
69 52
70 37
71 51
72 50
73 21
74 6
75 49
76 22
77 2
78 16
79 0
80 7
81 6
82 13
83 54
84 66
85 22
86 4
87 31
88 23
89 64
90 8
91 24
92 25
93 57
94 46
95 5
96 60
97 43
98 39
99 31
100 26
101 29
102 17
103 47
104 20
105 9
106 8
107 40
108 1
109 4
110 2
111 67
112 5
113 58
114 10
115 44
116 71
117 11
118 17
119 42
120 44
121 33
122 38
123 41
124 21
125 18
126 45
127 48
128 12
