problem_instance_file_name: myciel5.col
cmd_line: mpirun -n 8 MPI_BacktrackingDSatur_DLS myciel5.col
solver_version: v1.0.1
number_of_vertices: 47
number_of_edges: 472
time_limit_sec: 9900
number_of_worker_processes: 8
number_of_cores_per_worker: 32
wall_time_sec: 9917
is_within_time_limit: False
number_of_colors: 6
max_clique_size: 2
1 4
2 1
3 0
4 0
5 4
6 4
7 1
8 0
9 0
10 1
11 3
12 3
13 1
14 3
15 3
16 1
17 4
18 1
19 5
20 1
21 1
22 3
23 0
24 2
25 1
26 2
27 2
28 2
29 2
30 1
31 2
32 2
33 1
34 2
35 2
36 1
37 2
38 2
39 1
40 2
41 1
42 2
43 1
44 1
45 2
46 2
47 0
