problem_instance_file_name: queen7_7.col
cmd_line: mpirun -n 8 MPI_BacktrackingDSatur_DLS queen7_7.col
solver_version: v1.0.1
number_of_vertices: 49
number_of_edges: 952
time_limit_sec: 9900
number_of_worker_processes: 8
number_of_cores_per_worker: 32
wall_time_sec: 17
is_within_time_limit: True
number_of_colors: 9
max_clique_size: 7
1 7
2 3
3 4
4 6
5 2
6 1
7 5
8 4
9 2
10 0
11 1
12 5
13 6
14 3
15 3
16 1
17 5
18 4
19 8
20 0
21 7
22 5
23 6
24 3
25 0
26 1
27 2
28 4
29 8
30 0
31 1
32 2
33 4
34 5
35 6
36 6
37 4
38 7
39 5
40 0
41 3
42 2
43 2
44 5
45 6
46 3
47 7
48 8
49 1
