problem_instance_file_name: queen6_6.col
cmd_line: mpirun -n 8 MPI_BacktrackingDSatur_DLS queen6_6.col
solver_version: v1.0.1
number_of_vertices: 36
number_of_edges: 580
time_limit_sec: 9900
number_of_worker_processes: 8
number_of_cores_per_worker: 32
wall_time_sec: 9904
is_within_time_limit: False
number_of_colors: 8
max_clique_size: 6
1 3
2 0
3 4
4 2
5 1
6 5
7 7
8 6
9 3
10 5
11 0
12 2
13 5
14 4
15 0
16 1
17 6
18 3
19 1
20 2
21 6
22 4
23 5
24 0
25 6
26 3
27 1
28 0
29 2
30 4
31 4
32 5
33 2
34 6
35 3
36 1
