problem_instance_file_name: queen8_8.col
cmd_line: mpirun -n 8 MPI_BacktrackingDSatur_DLS queen8_8.col
solver_version: v1.0.1
number_of_vertices: 64
number_of_edges: 1456
time_limit_sec: 9900
number_of_worker_processes: 8
number_of_cores_per_worker: 32
wall_time_sec: 9910
is_within_time_limit: False
number_of_colors: 10
max_clique_size: 8
1 1
2 4
3 0
4 3
5 5
6 6
7 2
8 8
9 9
10 2
11 6
12 8
13 0
14 7
15 1
16 3
17 5
18 1
19 7
20 9
21 3
22 4
23 8
24 0
25 8
26 3
27 4
28 0
29 7
30 1
31 6
32 2
33 0
34 5
35 1
36 6
37 4
38 3
39 7
40 9
41 7
42 6
43 3
44 2
45 8
46 5
47 0
48 4
49 4
50 0
51 5
52 7
53 6
54 2
55 3
56 1
57 2
58 7
59 9
60 4
61 1
62 0
63 5
64 6
