problem_instance_file_name: queen12_12.col
cmd_line: mpirun -n 8 MPI_BacktrackingDSatur_DLS queen12_12.col
solver_version: v1.0.1
number_of_vertices: 144
number_of_edges: 5192
time_limit_sec: 9900
number_of_worker_processes: 8
number_of_cores_per_worker: 32
wall_time_sec: 9925
is_within_time_limit: False
number_of_colors: 15
max_clique_size: 12
1 14
2 1
3 0
4 8
5 2
6 6
7 9
8 13
9 10
10 11
11 4
12 5
13 9
14 11
15 10
16 12
17 0
18 3
19 5
20 14
21 4
22 2
23 6
24 1
25 10
26 13
27 5
28 14
29 8
30 11
31 4
32 1
33 7
34 0
35 3
36 2
37 5
38 0
39 2
40 13
41 4
42 7
43 6
44 8
45 9
46 12
47 10
48 11
49 11
50 8
51 4
52 1
53 9
54 2
55 10
56 7
57 0
58 3
59 5
60 6
61 13
62 12
63 6
64 5
65 7
66 0
67 3
68 11
69 1
70 10
71 2
72 4
73 7
74 9
75 1
76 0
77 6
78 10
79 2
80 12
81 3
82 4
83 11
84 8
85 0
86 2
87 14
88 3
89 1
90 13
91 8
92 4
93 5
94 6
95 12
96 7
97 6
98 5
99 11
100 2
101 10
102 4
103 1
104 0
105 8
106 7
107 9
108 3
109 3
110 14
111 12
112 4
113 5
114 8
115 7
116 2
117 6
118 1
119 0
120 13
121 12
122 4
123 8
124 6
125 13
126 1
127 0
128 3
129 11
130 5
131 7
132 9
133 8
134 6
135 13
136 7
137 3
138 12
139 11
140 5
141 2
142 9
143 14
144 10
