problem_instance_file_name: queen13_13.col
cmd_line: mpirun -n 8 MPI_BacktrackingDSatur_DLS queen13_13.col
solver_version: v1.0.1
number_of_vertices: 169
number_of_edges: 6656
time_limit_sec: 9900
number_of_worker_processes: 8
number_of_cores_per_worker: 32
wall_time_sec: 9916
is_within_time_limit: False
number_of_colors: 16
max_clique_size: 13
1 4
2 9
3 12
4 2
5 11
6 0
7 7
8 1
9 8
10 6
11 5
12 3
13 13
14 11
15 2
16 5
17 8
18 9
19 4
20 3
21 12
22 10
23 0
24 13
25 6
26 1
27 15
28 1
29 13
30 3
31 0
32 6
33 9
34 5
35 2
36 4
37 11
38 12
39 7
40 10
41 14
42 6
43 1
44 4
45 5
46 11
47 3
48 7
49 8
50 0
51 13
52 2
53 9
54 7
55 8
56 12
57 6
58 2
59 4
60 0
61 1
62 10
63 3
64 11
65 5
66 12
67 10
68 9
69 0
70 3
71 11
72 8
73 7
74 5
75 2
76 1
77 4
78 6
79 2
80 5
81 3
82 4
83 1
84 10
85 0
86 6
87 11
88 7
89 12
90 8
91 9
92 8
93 11
94 1
95 7
96 5
97 9
98 2
99 10
100 13
101 3
102 4
103 0
104 12
105 7
106 0
107 10
108 11
109 2
110 8
111 5
112 4
113 9
114 12
115 6
116 1
117 14
118 13
119 8
120 2
121 5
122 7
123 12
124 6
125 11
126 0
127 14
128 10
129 9
130 3
131 6
132 12
133 15
134 9
135 8
136 3
137 1
138 2
139 4
140 5
141 7
142 14
143 10
144 1
145 4
146 11
147 6
148 12
149 7
150 10
151 8
152 3
153 13
154 9
155 5
156 0
157 3
158 13
159 0
160 14
161 10
162 1
163 12
164 9
165 6
166 11
167 2
168 7
169 8
