problem_instance_file_name: queen15_15.col
cmd_line: mpirun -n 8 MPI_BacktrackingDSatur_DLS queen15_15.col
solver_version: v1.0.1
number_of_vertices: 225
number_of_edges: 10360
time_limit_sec: 9900
number_of_worker_processes: 8
number_of_cores_per_worker: 32
wall_time_sec: 9976
is_within_time_limit: False
number_of_colors: 19
max_clique_size: 15
1 8
2 3
3 0
4 10
5 5
6 2
7 14
8 11
9 9
10 7
11 13
12 12
13 1
14 15
15 4
16 2
17 15
18 17
19 6
20 9
21 1
22 0
23 13
24 4
25 3
26 8
27 16
28 10
29 7
30 14
31 10
32 18
33 9
34 0
35 12
36 8
37 7
38 3
39 17
40 2
41 14
42 1
43 6
44 11
45 5
46 11
47 1
48 16
49 5
50 10
51 14
52 13
53 8
54 6
55 12
56 7
57 15
58 17
59 3
60 9
61 14
62 8
63 4
64 7
65 3
66 9
67 15
68 1
69 13
70 5
71 11
72 0
73 2
74 16
75 10
76 1
77 7
78 13
79 2
80 6
81 11
82 5
83 4
84 3
85 10
86 9
87 8
88 14
89 12
90 0
91 13
92 12
93 18
94 1
95 14
96 3
97 6
98 2
99 5
100 4
101 0
102 7
103 9
104 8
105 11
106 9
107 10
108 14
109 12
110 7
111 5
112 8
113 0
114 1
115 13
116 2
117 11
118 4
119 6
120 3
121 4
122 11
123 6
124 9
125 2
126 0
127 16
128 10
129 14
130 8
131 3
132 5
133 12
134 1
135 7
136 12
137 5
138 10
139 11
140 4
141 13
142 3
143 9
144 0
145 1
146 6
147 2
148 7
149 14
150 8
151 7
152 14
153 3
154 18
155 1
156 6
157 4
158 5
159 15
160 9
161 16
162 13
163 8
164 0
165 17
166 18
167 17
168 11
169 14
170 8
171 12
172 10
173 6
174 2
175 0
176 5
177 4
178 15
179 9
180 16
181 0
182 9
183 8
184 15
185 11
186 4
187 2
188 7
189 10
190 6
191 12
192 17
193 13
194 18
195 1
196 6
197 2
198 5
199 16
200 13
201 7
202 1
203 14
204 8
205 15
206 4
207 3
208 11
209 10
210 12
211 17
212 13
213 7
214 3
215 0
216 10
217 9
218 12
219 16
220 11
221 1
222 14
223 18
224 4
225 2
