problem_instance_file_name: queen10_10.col
cmd_line: mpirun -n 8 MPI_BacktrackingDSatur_DLS queen10_10.col
solver_version: v1.0.1
number_of_vertices: 100
number_of_edges: 2940
time_limit_sec: 9900
number_of_worker_processes: 8
number_of_cores_per_worker: 32
wall_time_sec: 9909
is_within_time_limit: False
number_of_colors: 13
max_clique_size: 10
1 8
2 3
3 7
4 2
5 10
6 9
7 12
8 0
9 6
10 5
11 5
12 12
13 10
14 6
15 4
16 11
17 7
18 1
19 2
20 0
21 10
22 4
23 9
24 11
25 1
26 5
27 2
28 3
29 8
30 7
31 6
32 11
33 2
34 10
35 8
36 4
37 0
38 9
39 5
40 3
41 7
42 5
43 3
44 9
45 0
46 1
47 11
48 6
49 4
50 2
51 12
52 0
53 1
54 5
55 6
56 2
57 9
58 10
59 3
60 8
61 2
62 10
63 11
64 8
65 7
66 3
67 6
68 4
69 0
70 1
71 11
72 8
73 4
74 3
75 2
76 0
77 1
78 5
79 7
80 9
81 3
82 7
83 5
84 0
85 9
86 10
87 4
88 8
89 1
90 6
91 9
92 1
93 8
94 7
95 5
96 6
97 3
98 2
99 10
100 4
