problem_instance_file_name: queen8_12.col
cmd_line: mpirun -n 8 MPI_BacktrackingDSatur_DLS queen8_12.col
solver_version: v1.0.1
number_of_vertices: 96
number_of_edges: 2736
time_limit_sec: 9900
number_of_worker_processes: 8
number_of_cores_per_worker: 32
wall_time_sec: 68
is_within_time_limit: True
number_of_colors: 13
max_clique_size: 12
1 6
2 11
3 5
4 2
5 1
6 12
7 0
8 3
9 7
10 9
11 10
12 4
13 9
14 10
15 1
16 0
17 4
18 6
19 2
20 5
21 8
22 3
23 11
24 7
25 7
26 6
27 4
28 3
29 8
30 0
31 10
32 11
33 2
34 1
35 9
36 5
37 5
38 8
39 11
40 9
41 6
42 1
43 7
44 0
45 3
46 4
47 2
48 10
49 10
50 1
51 3
52 5
53 2
54 4
55 6
56 8
57 11
58 0
59 7
60 9
61 0
62 7
63 9
64 4
65 3
66 8
67 5
68 2
69 1
70 12
71 6
72 11
73 11
74 4
75 0
76 6
77 12
78 2
79 3
80 7
81 9
82 5
83 8
84 1
85 8
86 9
87 12
88 11
89 10
90 5
91 4
92 1
93 0
94 7
95 3
96 2
