problem_instance_file_name: queen9_9.col
cmd_line: mpirun -n 8 MPI_BacktrackingDSatur_DLS queen9_9.col
solver_version: v1.0.1
number_of_vertices: 81
number_of_edges: 2112
time_limit_sec: 9900
number_of_worker_processes: 8
number_of_cores_per_worker: 32
wall_time_sec: 9918
is_within_time_limit: False
number_of_colors: 11
max_clique_size: 9
1 10
2 5
3 6
4 8
5 3
6 2
7 4
8 1
9 7
10 6
11 3
12 7
13 1
14 4
15 0
16 9
17 8
18 2
19 9
20 0
21 4
22 10
23 2
24 3
25 6
26 7
27 1
28 1
29 2
30 8
31 7
32 6
33 5
34 0
35 10
36 3
37 0
38 6
39 3
40 2
41 1
42 4
43 7
44 5
45 8
46 7
47 1
48 0
49 4
50 5
51 8
52 2
53 3
54 6
55 8
56 4
57 2
58 3
59 0
60 1
61 5
62 9
63 10
64 5
65 10
66 1
67 9
68 8
69 6
70 3
71 2
72 0
73 3
74 8
75 5
76 0
77 7
78 10
79 1
80 4
81 9
