problem_instance_file_name: queen11_11.col
cmd_line: mpirun -n 8 MPI_BacktrackingDSatur_DLS queen11_11.col
solver_version: v1.0.1
number_of_vertices: 121
number_of_edges: 3960
time_limit_sec: 9900
number_of_worker_processes: 8
number_of_cores_per_worker: 32
wall_time_sec: 9923
is_within_time_limit: False
number_of_colors: 14
max_clique_size: 11
1 9
2 4
3 2
4 5
5 8
6 7
7 6
8 3
9 11
10 13
11 1
12 0
13 1
14 11
15 13
16 2
17 9
18 8
19 5
20 10
21 6
22 12
23 5
24 7
25 6
26 3
27 0
28 10
29 1
30 9
31 4
32 8
33 2
34 1
35 11
36 12
37 10
38 7
39 3
40 4
41 2
42 6
43 0
44 9
45 2
46 10
47 1
48 6
49 4
50 8
51 9
52 0
53 7
54 5
55 3
56 8
57 5
58 9
59 7
60 1
61 0
62 2
63 11
64 3
65 4
66 10
67 7
68 2
69 10
70 0
71 3
72 4
73 5
74 1
75 8
76 9
77 6
78 4
79 9
80 7
81 11
82 5
83 6
84 10
85 12
86 0
87 1
88 8
89 6
90 12
91 5
92 1
93 9
94 2
95 0
96 8
97 13
98 10
99 4
100 11
101 8
102 3
103 12
104 6
105 1
106 7
107 4
108 5
109 2
110 13
111 12
112 13
113 4
114 8
115 10
116 5
117 3
118 6
119 9
120 11
121 7
