problem_instance_file_name: queen14_14.col
cmd_line: mpirun -n 8 MPI_BacktrackingDSatur_DLS queen14_14.col
solver_version: v1.0.1
number_of_vertices: 196
number_of_edges: 8372
time_limit_sec: 9900
number_of_worker_processes: 8
number_of_cores_per_worker: 32
wall_time_sec: 9946
is_within_time_limit: False
number_of_colors: 18
max_clique_size: 14
1 5
2 0
3 14
4 3
5 2
6 1
7 6
8 10
9 9
10 8
11 11
12 4
13 13
14 7
15 13
16 17
17 1
18 10
19 12
20 5
21 11
22 7
23 4
24 0
25 9
26 15
27 14
28 3
29 9
30 11
31 7
32 13
33 15
34 4
35 1
36 3
37 8
38 2
39 5
40 12
41 6
42 0
43 15
44 8
45 4
46 1
47 9
48 0
49 13
50 6
51 12
52 11
53 3
54 10
55 5
56 2
57 16
58 5
59 12
60 15
61 13
62 2
63 3
64 8
65 14
66 9
67 0
68 11
69 1
70 6
71 8
72 10
73 6
74 4
75 1
76 9
77 5
78 12
79 0
80 13
81 2
82 3
83 7
84 11
85 3
86 7
87 2
88 9
89 10
90 6
91 0
92 11
93 5
94 1
95 4
96 13
97 12
98 8
99 1
100 6
101 11
102 12
103 14
104 3
105 8
106 2
107 16
108 7
109 15
110 9
111 0
112 4
113 12
114 15
115 5
116 0
117 8
118 10
119 7
120 9
121 11
122 4
123 6
124 2
125 3
126 14
127 0
128 1
129 13
130 7
131 6
132 11
133 4
134 5
135 2
136 3
137 10
138 8
139 9
140 12
141 7
142 3
143 10
144 2
145 4
146 13
147 9
148 0
149 1
150 14
151 12
152 6
153 11
154 16
155 11
156 2
157 15
158 16
159 3
160 12
161 10
162 4
163 13
164 6
165 7
166 14
167 8
168 1
169 6
170 16
171 9
172 14
173 0
174 8
175 2
176 1
177 7
178 12
179 13
180 5
181 4
182 15
183 4
184 14
185 8
186 6
187 11
188 7
189 12
190 13
191 3
192 5
193 1
194 0
195 16
196 10
