1 COMPL Indep. number LB = 8 ; Clique LB = 12
2 COMPL Indep. number LB = 8 ; Clique LB = 12
1 COMPL Indep. number LB = 8 ; Clique LB = 12
2 COMPL Indep. number LB = 8 ; Clique LB = 12
1 COMPL Indep. number LB = 8 ; Clique LB = 12
2 COMPL Indep. number LB = 8 ; Clique LB = 12
1 COMPL Indep. number LB = 8 ; Clique LB = 12
2 COMPL Indep. number LB = 8 ; Clique LB = 12
2 COMPL Indep. number LB = 8 ; Clique LB = 12
2 COMPL Indep. number LB = 8 ; Clique LB = 12
1 COMPL Indep. number LB = 8 ; Clique LB = 12
2 COMPL Indep. number LB = 8 ; Clique LB = 12
MPI size = 8
Starting at: 08:09:47

Solving ../instances/queen8_12.col...
Starting (UB, LB) = (13, 12)
Coloring time = 0m 2.703s
Clique time = 0m 3.531s
Slave 1 improved UB = 12 Time = 2m 56.839s
Chromatic number for ../instances/queen8_12.col: 12
Time: 3m 0s
Is Valid? TRUE.

