slurmstepd: error: _get_joules_task: can't get info from slurmd
slurmstepd: error: _get_joules_task: can't get info from slurmd
slurmstepd: error: _get_joules_task: can't get info from slurmd
slurmstepd: error: _get_joules_task: can't get info from slurmd
slurmstepd: error: _get_joules_task: can't get info from slurmd
slurmstepd: error: _get_joules_task: can't get info from slurmd
slurmstepd: error: _get_joules_task: can't get info from slurmd
slurmstepd: error: _get_joules_task: can't get info from slurmd
slurmstepd: error: _get_joules_task: can't get info from slurmd
slurmstepd: error: _get_joules_task: can't get info from slurmd
slurmstepd: error: _get_joules_task: can't get info from slurmd
slurmstepd: error: _get_joules_task: can't get info from slurmd
slurmstepd: error: _get_joules_task: can't get info from slurmd
slurmstepd: error: _get_joules_task: can't get info from slurmd
slurmstepd: error: _get_joules_task: can't get info from slurmd
slurmstepd: error: _get_joules_task: can't get info from slurmd
slurmstepd: error: _get_joules_task: can't get info from slurmd
slurmstepd: error: _get_joules_task: can't get info from slurmd
slurmstepd: error: _get_joules_task: can't get info from slurmd
slurmstepd: error: _get_joules_task: can't get info from slurmd
slurmstepd: error: _get_joules_task: can't get info from slurmd
slurmstepd: error: _get_joules_task: can't get info from slurmd
slurmstepd: error: _get_joules_task: can't get info from slurmd
slurmstepd: error: _get_joules_task: can't get info from slurmd
slurmstepd: error: _get_joules_task: can't get info from slurmd
slurmstepd: error: _get_joules_task: can't get info from slurmd
slurmstepd: error: _get_joules_task: can't get info from slurmd
slurmstepd: error: _get_joules_task: can't get info from slurmd
slurmstepd: error: _get_joules_task: can't get info from slurmd
slurmstepd: error: _get_joules_task: can't get info from slurmd
slurmstepd: error: _get_joules_task: can't get info from slurmd
slurmstepd: error: _get_joules_task: can't get info from slurmd
slurmstepd: error: _get_joules_task: can't get info from slurmd
slurmstepd: error: _get_joules_task: can't get info from slurmd
slurmstepd: error: _get_joules_task: can't get info from slurmd
slurmstepd: error: _get_joules_task: can't get info from slurmd
slurmstepd: error: _get_joules_task: can't get info from slurmd
slurmstepd: error: _get_joules_task: can't get info from slurmd
slurmstepd: error: _get_joules_task: can't get info from slurmd
slurmstepd: error: _get_joules_task: can't get info from slurmd
slurmstepd: error: _get_joules_task: can't get info from slurmd
slurmstepd: error: _get_joules_task: can't get info from slurmd
slurmstepd: error: _get_joules_task: can't get info from slurmd
slurmstepd: error: _get_joules_task: can't get info from slurmd
slurmstepd: error: _get_joules_task: can't get info from slurmd
slurmstepd: error: _get_joules_task: can't get info from slurmd
slurmstepd: error: _get_joules_task: can't get info from slurmd
slurmstepd: error: _get_joules_task: can't get info from slurmd
slurmstepd: error: _get_joules_task: can't get info from slurmd
slurmstepd: error: _get_joules_task: can't get info from slurmd
slurmstepd: error: _get_joules_task: can't get info from slurmd
slurmstepd: error: _get_joules_task: can't get info from slurmd
slurmstepd: error: _get_joules_task: can't get info from slurmd
slurmstepd: error: _get_joules_task: can't get info from slurmd
slurmstepd: error: _get_joules_task: can't get info from slurmd
slurmstepd: error: _get_joules_task: can't get info from slurmd
slurmstepd: error: _get_joules_task: can't get info from slurmd
slurmstepd: error: _get_joules_task: can't get info from slurmd
slurmstepd: error: _get_joules_task: can't get info from slurmd
slurmstepd: error: _get_joules_task: can't get info from slurmd
slurmstepd: error: _get_joules_task: can't get info from slurmd
slurmstepd: error: _get_joules_task: can't get info from slurmd
slurmstepd: error: _get_joules_task: can't get info from slurmd
slurmstepd: error: _get_joules_task: can't get info from slurmd
slurmstepd: error: _get_joules_task: can't get info from slurmd
slurmstepd: error: _get_joules_task: can't get info from slurmd
slurmstepd: error: _get_joules_task: can't get info from slurmd
slurmstepd: error: _get_joules_task: can't get info from slurmd
slurmstepd: error: _get_joules_task: can't get info from slurmd
slurmstepd: error: _get_joules_task: can't get info from slurmd
slurmstepd: error: _get_joules_task: can't get info from slurmd
slurmstepd: error: _get_joules_task: can't get info from slurmd
slurmstepd: error: _get_joules_task: can't get info from slurmd
slurmstepd: error: _get_joules_task: can't get info from slurmd
slurmstepd: error: _get_joules_task: can't get info from slurmd
slurmstepd: error: _get_joules_task: can't get info from slurmd
slurmstepd: error: _get_joules_task: can't get info from slurmd
slurmstepd: error: _get_joules_task: can't get info from slurmd
slurmstepd: error: _get_joules_task: can't get info from slurmd
slurmstepd: error: _get_joules_task: can't get info from slurmd
slurmstepd: error: _get_joules_task: can't get info from slurmd
slurmstepd: error: _get_joules_task: can't get info from slurmd
slurmstepd: error: _get_joules_task: can't get info from slurmd
slurmstepd: error: _get_joules_task: can't get info from slurmd
slurmstepd: error: _get_joules_task: can't get info from slurmd
slurmstepd: error: _get_joules_task: can't get info from slurmd
slurmstepd: error: _get_joules_task: can't get info from slurmd
slurmstepd: error: _get_joules_task: can't get info from slurmd
slurmstepd: error: _get_joules_task: can't get info from slurmd
slurmstepd: error: _get_joules_task: can't get info from slurmd
slurmstepd: error: _get_joules_task: can't get info from slurmd
slurmstepd: error: _get_joules_task: can't get info from slurmd
slurmstepd: error: _get_joules_task: can't get info from slurmd
slurmstepd: error: _get_joules_task: can't get info from slurmd
slurmstepd: error: _get_joules_task: can't get info from slurmd
slurmstepd: error: _get_joules_task: can't get info from slurmd
slurmstepd: error: _get_joules_task: can't get info from slurmd
slurmstepd: error: _get_joules_task: can't get info from slurmd
slurmstepd: error: _get_joules_task: can't get info from slurmd
slurmstepd: error: _get_joules_task: can't get info from slurmd
slurmstepd: error: _get_joules_task: can't get info from slurmd
slurmstepd: error: _get_joules_task: can't get info from slurmd
slurmstepd: error: _get_joules_task: can't get info from slurmd
slurmstepd: error: _get_joules_task: can't get info from slurmd
slurmstepd: error: _get_joules_task: can't get info from slurmd
slurmstepd: error: _get_joules_task: can't get info from slurmd
slurmstepd: error: _get_joules_task: can't get info from slurmd
slurmstepd: error: _get_joules_task: can't get info from slurmd
slurmstepd: error: _get_joules_task: can't get info from slurmd
slurmstepd: error: _get_joules_task: can't get info from slurmd
slurmstepd: error: _get_joules_task: can't get info from slurmd
slurmstepd: error: _get_joules_task: can't get info from slurmd
slurmstepd: error: _get_joules_task: can't get info from slurmd
slurmstepd: error: _get_joules_task: can't get info from slurmd
slurmstepd: error: _get_joules_task: can't get info from slurmd
slurmstepd: error: _get_joules_task: can't get info from slurmd
slurmstepd: error: _get_joules_task: can't get info from slurmd
slurmstepd: error: _get_joules_task: can't get info from slurmd
slurmstepd: error: _get_joules_task: can't get info from slurmd
slurmstepd: error: _get_joules_task: can't get info from slurmd
slurmstepd: error: _get_joules_task: can't get info from slurmd
slurmstepd: error: _get_joules_task: can't get info from slurmd
slurmstepd: error: _get_joules_task: can't get info from slurmd
slurmstepd: error: _get_joules_task: can't get info from slurmd
slurmstepd: error: _get_joules_task: can't get info from slurmd
slurmstepd: error: _get_joules_task: can't get info from slurmd
slurmstepd: error: _get_joules_task: can't get info from slurmd
slurmstepd: error: _get_joules_task: can't get info from slurmd
slurmstepd: error: _get_joules_task: can't get info from slurmd
slurmstepd: error: _get_joules_task: can't get info from slurmd
slurmstepd: error: _get_joules_task: can't get info from slurmd
slurmstepd: error: _get_joules_task: can't get info from slurmd
slurmstepd: error: _get_joules_task: can't get info from slurmd
slurmstepd: error: _get_joules_task: can't get info from slurmd
slurmstepd: error: _get_joules_task: can't get info from slurmd
slurmstepd: error: _get_joules_task: can't get info from slurmd
slurmstepd: error: _get_joules_task: can't get info from slurmd
slurmstepd: error: _get_joules_task: can't get info from slurmd
slurmstepd: error: _get_joules_task: can't get info from slurmd
slurmstepd: error: _get_joules_task: can't get info from slurmd
slurmstepd: error: _get_joules_task: can't get info from slurmd
slurmstepd: error: _get_joules_task: can't get info from slurmd
slurmstepd: error: _get_joules_task: can't get info from slurmd
slurmstepd: error: _get_joules_task: can't get info from slurmd
slurmstepd: error: _get_joules_task: can't get info from slurmd
slurmstepd: error: _get_joules_task: can't get info from slurmd
slurmstepd: error: _get_joules_task: can't get info from slurmd
slurmstepd: error: _get_joules_task: can't get info from slurmd
slurmstepd: error: _get_joules_task: can't get info from slurmd
slurmstepd: error: _get_joules_task: can't get info from slurmd
slurmstepd: error: _get_joules_task: can't get info from slurmd
slurmstepd: error: _get_joules_task: can't get info from slurmd
slurmstepd: error: _get_joules_task: can't get info from slurmd
slurmstepd: error: _get_joules_task: can't get info from slurmd
slurmstepd: error: _get_joules_task: can't get info from slurmd
slurmstepd: error: _get_joules_task: can't get info from slurmd
slurmstepd: error: _get_joules_task: can't get info from slurmd
slurmstepd: error: _get_joules_task: can't get info from slurmd
slurmstepd: error: _get_joules_task: can't get info from slurmd
slurmstepd: error: _get_joules_task: can't get info from slurmd
slurmstepd: error: _get_joules_task: can't get info from slurmd
slurmstepd: error: _get_joules_task: can't get info from slurmd
slurmstepd: error: _get_joules_task: can't get info from slurmd
slurmstepd: error: _get_joules_task: can't get info from slurmd
slurmstepd: error: _get_joules_task: can't get info from slurmd
slurmstepd: error: _get_joules_task: can't get info from slurmd
MPI size = 8
Starting at: 22:41:18

Solving ../instances/queen12_12.col...
Starting (UB, LB) = (15, 12)
Coloring time = 0m 1.215s
Clique time = 0m 3.889s
Slave 5 improved UB = 14 Time = 43m 9.811s
Chromatic number for ../instances/queen12_12.col: 14
MaxClique found = 12
Time: 165m 22s
Is Valid? TRUE.
TIMED OUT.

slurmstepd: error: _get_joules_task: can't get info from slurmd
slurmstepd: error: _get_joules_task: can't get info from slurmd
slurmstepd: error: _get_joules_task: can't get info from slurmd
slurmstepd: error: _get_joules_task: can't get info from slurmd
slurmstepd: error: _get_joules_task: can't get info from slurmd
slurmstepd: error: _get_joules_task: can't get info from slurmd
slurmstepd: error: _get_joules_task: can't get info from slurmd
slurmstepd: error: _get_joules_task: can't get info from slurmd
