slurmstepd: error: _get_joules_task: can't get info from slurmd
slurmstepd: error: _get_joules_task: can't get info from slurmd
slurmstepd: error: _get_joules_task: can't get info from slurmd
slurmstepd: error: _get_joules_task: can't get info from slurmd
slurmstepd: error: _get_joules_task: can't get info from slurmd
slurmstepd: error: _get_joules_task: can't get info from slurmd
slurmstepd: error: _get_joules_task: can't get info from slurmd
slurmstepd: error: _get_joules_task: can't get info from slurmd
slurmstepd: error: _get_joules_task: can't get info from slurmd
slurmstepd: error: _get_joules_task: can't get info from slurmd
slurmstepd: error: _get_joules_task: can't get info from slurmd
slurmstepd: error: _get_joules_task: can't get info from slurmd
slurmstepd: error: _get_joules_task: can't get info from slurmd
slurmstepd: error: _get_joules_task: can't get info from slurmd
slurmstepd: error: _get_joules_task: can't get info from slurmd
slurmstepd: error: _get_joules_task: can't get info from slurmd
slurmstepd: error: _get_joules_task: can't get info from slurmd
slurmstepd: error: _get_joules_task: can't get info from slurmd
slurmstepd: error: _get_joules_task: can't get info from slurmd
slurmstepd: error: _get_joules_task: can't get info from slurmd
slurmstepd: error: _get_joules_task: can't get info from slurmd
slurmstepd: error: _get_joules_task: can't get info from slurmd
slurmstepd: error: _get_joules_task: can't get info from slurmd
slurmstepd: error: _get_joules_task: can't get info from slurmd
slurmstepd: error: _get_joules_task: can't get info from slurmd
slurmstepd: error: _get_joules_task: can't get info from slurmd
slurmstepd: error: _get_joules_task: can't get info from slurmd
slurmstepd: error: _get_joules_task: can't get info from slurmd
slurmstepd: error: _get_joules_task: can't get info from slurmd
slurmstepd: error: _get_joules_task: can't get info from slurmd
slurmstepd: error: _get_joules_task: can't get info from slurmd
slurmstepd: error: _get_joules_task: can't get info from slurmd
slurmstepd: error: _get_joules_task: can't get info from slurmd
slurmstepd: error: _get_joules_task: can't get info from slurmd
slurmstepd: error: _get_joules_task: can't get info from slurmd
slurmstepd: error: _get_joules_task: can't get info from slurmd
slurmstepd: error: _get_joules_task: can't get info from slurmd
slurmstepd: error: _get_joules_task: can't get info from slurmd
slurmstepd: error: _get_joules_task: can't get info from slurmd
slurmstepd: error: _get_joules_task: can't get info from slurmd
slurmstepd: error: _get_joules_task: can't get info from slurmd
slurmstepd: error: _get_joules_task: can't get info from slurmd
slurmstepd: error: _get_joules_task: can't get info from slurmd
slurmstepd: error: _get_joules_task: can't get info from slurmd
slurmstepd: error: _get_joules_task: can't get info from slurmd
slurmstepd: error: _get_joules_task: can't get info from slurmd
slurmstepd: error: _get_joules_task: can't get info from slurmd
slurmstepd: error: _get_joules_task: can't get info from slurmd
slurmstepd: error: _get_joules_task: can't get info from slurmd
slurmstepd: error: _get_joules_task: can't get info from slurmd
slurmstepd: error: _get_joules_task: can't get info from slurmd
slurmstepd: error: _get_joules_task: can't get info from slurmd
slurmstepd: error: _get_joules_task: can't get info from slurmd
slurmstepd: error: _get_joules_task: can't get info from slurmd
slurmstepd: error: _get_joules_task: can't get info from slurmd
slurmstepd: error: _get_joules_task: can't get info from slurmd
slurmstepd: error: _get_joules_task: can't get info from slurmd
slurmstepd: error: _get_joules_task: can't get info from slurmd
slurmstepd: error: _get_joules_task: can't get info from slurmd
slurmstepd: error: _get_joules_task: can't get info from slurmd
slurmstepd: error: _get_joules_task: can't get info from slurmd
slurmstepd: error: _get_joules_task: can't get info from slurmd
slurmstepd: error: _get_joules_task: can't get info from slurmd
slurmstepd: error: _get_joules_task: can't get info from slurmd
slurmstepd: error: _get_joules_task: can't get info from slurmd
slurmstepd: error: _get_joules_task: can't get info from slurmd
slurmstepd: error: _get_joules_task: can't get info from slurmd
slurmstepd: error: _get_joules_task: can't get info from slurmd
slurmstepd: error: _get_joules_task: can't get info from slurmd
slurmstepd: error: _get_joules_task: can't get info from slurmd
slurmstepd: error: _get_joules_task: can't get info from slurmd
slurmstepd: error: _get_joules_task: can't get info from slurmd
slurmstepd: error: _get_joules_task: can't get info from slurmd
slurmstepd: error: _get_joules_task: can't get info from slurmd
slurmstepd: error: _get_joules_task: can't get info from slurmd
slurmstepd: error: _get_joules_task: can't get info from slurmd
slurmstepd: error: _get_joules_task: can't get info from slurmd
slurmstepd: error: _get_joules_task: can't get info from slurmd
slurmstepd: error: _get_joules_task: can't get info from slurmd
slurmstepd: error: _get_joules_task: can't get info from slurmd
slurmstepd: error: _get_joules_task: can't get info from slurmd
slurmstepd: error: _get_joules_task: can't get info from slurmd
slurmstepd: error: _get_joules_task: can't get info from slurmd
slurmstepd: error: _get_joules_task: can't get info from slurmd
slurmstepd: error: _get_joules_task: can't get info from slurmd
slurmstepd: error: _get_joules_task: can't get info from slurmd
slurmstepd: error: _get_joules_task: can't get info from slurmd
slurmstepd: error: _get_joules_task: can't get info from slurmd
slurmstepd: error: _get_joules_task: can't get info from slurmd
slurmstepd: error: _get_joules_task: can't get info from slurmd
slurmstepd: error: _get_joules_task: can't get info from slurmd
slurmstepd: error: _get_joules_task: can't get info from slurmd
slurmstepd: error: _get_joules_task: can't get info from slurmd
slurmstepd: error: _get_joules_task: can't get info from slurmd
slurmstepd: error: _get_joules_task: can't get info from slurmd
slurmstepd: error: _get_joules_task: can't get info from slurmd
slurmstepd: error: _get_joules_task: can't get info from slurmd
slurmstepd: error: _get_joules_task: can't get info from slurmd
slurmstepd: error: _get_joules_task: can't get info from slurmd
slurmstepd: error: _get_joules_task: can't get info from slurmd
slurmstepd: error: _get_joules_task: can't get info from slurmd
slurmstepd: error: _get_joules_task: can't get info from slurmd
slurmstepd: error: _get_joules_task: can't get info from slurmd
slurmstepd: error: _get_joules_task: can't get info from slurmd
slurmstepd: error: _get_joules_task: can't get info from slurmd
slurmstepd: error: _get_joules_task: can't get info from slurmd
slurmstepd: error: _get_joules_task: can't get info from slurmd
slurmstepd: error: _get_joules_task: can't get info from slurmd
slurmstepd: error: _get_joules_task: can't get info from slurmd
slurmstepd: error: _get_joules_task: can't get info from slurmd
slurmstepd: error: _get_joules_task: can't get info from slurmd
slurmstepd: error: _get_joules_task: can't get info from slurmd
slurmstepd: error: _get_joules_task: can't get info from slurmd
slurmstepd: error: _get_joules_task: can't get info from slurmd
slurmstepd: error: _get_joules_task: can't get info from slurmd
slurmstepd: error: _get_joules_task: can't get info from slurmd
slurmstepd: error: _get_joules_task: can't get info from slurmd
slurmstepd: error: _get_joules_task: can't get info from slurmd
slurmstepd: error: _get_joules_task: can't get info from slurmd
slurmstepd: error: _get_joules_task: can't get info from slurmd
slurmstepd: error: _get_joules_task: can't get info from slurmd
slurmstepd: error: _get_joules_task: can't get info from slurmd
slurmstepd: error: _get_joules_task: can't get info from slurmd
slurmstepd: error: _get_joules_task: can't get info from slurmd
slurmstepd: error: _get_joules_task: can't get info from slurmd
slurmstepd: error: _get_joules_task: can't get info from slurmd
slurmstepd: error: _get_joules_task: can't get info from slurmd
slurmstepd: error: _get_joules_task: can't get info from slurmd
slurmstepd: error: _get_joules_task: can't get info from slurmd
slurmstepd: error: _get_joules_task: can't get info from slurmd
slurmstepd: error: _get_joules_task: can't get info from slurmd
slurmstepd: error: _get_joules_task: can't get info from slurmd
slurmstepd: error: _get_joules_task: can't get info from slurmd
slurmstepd: error: _get_joules_task: can't get info from slurmd
slurmstepd: error: _get_joules_task: can't get info from slurmd
slurmstepd: error: _get_joules_task: can't get info from slurmd
slurmstepd: error: _get_joules_task: can't get info from slurmd
slurmstepd: error: _get_joules_task: can't get info from slurmd
slurmstepd: error: _get_joules_task: can't get info from slurmd
slurmstepd: error: _get_joules_task: can't get info from slurmd
slurmstepd: error: _get_joules_task: can't get info from slurmd
slurmstepd: error: _get_joules_task: can't get info from slurmd
slurmstepd: error: _get_joules_task: can't get info from slurmd
slurmstepd: error: _get_joules_task: can't get info from slurmd
slurmstepd: error: _get_joules_task: can't get info from slurmd
slurmstepd: error: _get_joules_task: can't get info from slurmd
slurmstepd: error: _get_joules_task: can't get info from slurmd
slurmstepd: error: _get_joules_task: can't get info from slurmd
slurmstepd: error: _get_joules_task: can't get info from slurmd
slurmstepd: error: _get_joules_task: can't get info from slurmd
slurmstepd: error: _get_joules_task: can't get info from slurmd
slurmstepd: error: _get_joules_task: can't get info from slurmd
slurmstepd: error: _get_joules_task: can't get info from slurmd
slurmstepd: error: _get_joules_task: can't get info from slurmd
slurmstepd: error: _get_joules_task: can't get info from slurmd
slurmstepd: error: _get_joules_task: can't get info from slurmd
slurmstepd: error: _get_joules_task: can't get info from slurmd
slurmstepd: error: _get_joules_task: can't get info from slurmd
slurmstepd: error: _get_joules_task: can't get info from slurmd
slurmstepd: error: _get_joules_task: can't get info from slurmd
slurmstepd: error: _get_joules_task: can't get info from slurmd
slurmstepd: error: _get_joules_task: can't get info from slurmd
slurmstepd: error: _get_joules_task: can't get info from slurmd
slurmstepd: error: _get_joules_task: can't get info from slurmd
slurmstepd: error: _get_joules_task: can't get info from slurmd
slurmstepd: error: _get_joules_task: can't get info from slurmd
MPI size = 8
Starting at: 22:41:17

Solving ../instances/queen11_11.col...
Starting (UB, LB) = (14, 11)
Coloring time = 0m 1.375s
Clique time = 0m 2.986s
Slave 2 improved UB = 13 Time = 0m 4.362s
Chromatic number for ../instances/queen11_11.col: 13
MaxClique found = 11
Time: 165m 24s
Is Valid? TRUE.
TIMED OUT.

slurmstepd: error: _get_joules_task: can't get info from slurmd
slurmstepd: error: _get_joules_task: can't get info from slurmd
slurmstepd: error: _get_joules_task: can't get info from slurmd
slurmstepd: error: _get_joules_task: can't get info from slurmd
slurmstepd: error: _get_joules_task: can't get info from slurmd
slurmstepd: error: _get_joules_task: can't get info from slurmd
slurmstepd: error: _get_joules_task: can't get info from slurmd
slurmstepd: error: _get_joules_task: can't get info from slurmd
