problem_instance_file_name: huck.col
cmd_line: mpirun -n 8 MPI_BacktrackingDSatur_DLS huck.col
solver_version: v1.0.1
number_of_vertices: 74
number_of_edges: 602
time_limit_sec: 10000
number_of_worker_processes: 8
number_of_cores_per_worker: 32
wall_time_sec: 6
is_within_time_limit: True
number_of_colors: 11
max_clique_size: 11
1 3
2 5
3 1
4 1
5 1
6 3
7 0
8 0
9 5
10 4
11 4
12 5
13 5
14 6
15 1
16 1
17 1
18 2
19 7
20 4
21 5
22 4
23 2
24 1
25 6
26 0
27 5
28 0
29 7
30 3
31 4
32 2
33 0
34 6
35 0
36 1
37 0
38 7
39 7
40 8
41 2
42 2
43 0
44 1
45 2
46 6
47 6
48 1
49 2
50 9
51 1
52 3
53 2
54 1
55 0
56 8
57 3
58 2
59 10
60 6
61 0
62 4
63 0
64 8
65 2
66 1
67 7
68 9
69 6
70 1
71 0
72 1
73 4
74 4
