problem_instance_file_name: jean.col
cmd_line: mpirun -n 8 MPI_BacktrackingDSatur_DLS jean.col
solver_version: v1.0.1
number_of_vertices: 80
number_of_edges: 508
time_limit_sec: 10000
number_of_worker_processes: 8
number_of_cores_per_worker: 32
wall_time_sec: 6
is_within_time_limit: True
number_of_colors: 10
max_clique_size: 10
1 0
2 2
3 1
4 2
5 3
6 7
7 5
8 0
9 3
10 1
11 0
12 0
13 0
14 1
15 2
16 0
17 2
18 0
19 6
20 4
21 0
22 5
23 0
24 0
25 2
26 0
27 3
28 2
29 3
30 3
31 1
32 0
33 0
34 0
35 4
36 0
37 0
38 7
39 6
40 4
41 0
42 2
43 1
44 7
45 1
46 3
47 7
48 1
49 0
50 7
51 0
52 0
53 1
54 0
55 5
56 1
57 3
58 6
59 1
60 2
61 1
62 1
63 5
64 3
65 0
66 4
67 1
68 8
69 6
70 1
71 0
72 1
73 7
74 0
75 3
76 0
77 4
78 2
79 9
80 0
