problem_instance_file_name: queen8_8.col
cmd_line: mpirun -n 8 MPI_BacktrackingDSatur_DLS queen8_8.col
solver_version: v1.0.1
number_of_vertices: 64
number_of_edges: 1456
time_limit_sec: 10000
number_of_worker_processes: 8
number_of_cores_per_worker: 32
wall_time_sec: 10009
is_within_time_limit: False
number_of_colors: 10
max_clique_size: 8
1 6
2 8
3 1
4 2
5 7
6 3
7 4
8 0
9 5
10 2
11 4
12 9
13 1
14 6
15 8
16 3
17 9
18 7
19 3
20 6
21 5
22 4
23 1
24 2
25 1
26 4
27 8
28 0
29 9
30 2
31 7
32 5
33 2
34 0
35 7
36 1
37 4
38 5
39 3
40 6
41 7
42 3
43 5
44 8
45 0
46 1
47 2
48 4
49 8
50 6
51 0
52 3
53 2
54 9
55 5
56 1
57 3
58 5
59 9
60 4
61 8
62 0
63 6
64 7
