problem_instance_file_name: queen7_7.col
cmd_line: mpirun -n 8 MPI_BacktrackingDSatur_DLS queen7_7.col
solver_version: v1.0.1
number_of_vertices: 49
number_of_edges: 952
time_limit_sec: 10000
number_of_worker_processes: 8
number_of_cores_per_worker: 32
wall_time_sec: 193
is_within_time_limit: True
number_of_colors: 7
max_clique_size: 7
1 1
2 3
3 4
4 5
5 0
6 2
7 6
8 2
9 6
10 1
11 3
12 4
13 5
14 0
15 5
16 0
17 2
18 6
19 1
20 3
21 4
22 3
23 4
24 5
25 0
26 2
27 6
28 1
29 6
30 1
31 3
32 4
33 5
34 0
35 2
36 0
37 2
38 6
39 1
40 3
41 4
42 5
43 4
44 5
45 0
46 2
47 6
48 1
49 3
