problem_instance_file_name: queen8_12.col
cmd_line: mpirun -n 8 MPI_BacktrackingDSatur_DLS queen8_12.col
solver_version: v1.0.1
number_of_vertices: 96
number_of_edges: 2736
time_limit_sec: 10000
number_of_worker_processes: 8
number_of_cores_per_worker: 32
wall_time_sec: 180
is_within_time_limit: True
number_of_colors: 13
max_clique_size: 12
1 10
2 1
3 5
4 3
5 8
6 7
7 4
8 6
9 0
10 2
11 9
12 12
13 2
14 12
15 0
16 11
17 4
18 3
19 9
20 1
21 7
22 6
23 10
24 8
25 1
26 11
27 7
28 10
29 6
30 0
31 2
32 5
33 8
34 4
35 3
36 9
37 4
38 6
39 9
40 2
41 7
42 8
43 10
44 0
45 3
46 5
47 1
48 11
49 9
50 2
51 10
52 1
53 11
54 6
55 3
56 7
57 4
58 8
59 0
60 5
61 6
62 0
63 11
64 9
65 3
66 1
67 8
68 2
69 5
70 10
71 4
72 7
73 12
74 8
75 4
76 0
77 2
78 5
79 6
80 3
81 1
82 9
83 11
84 10
85 3
86 7
87 1
88 5
89 9
90 11
91 0
92 4
93 2
94 12
95 8
96 6
