problem_instance_file_name: queen6_6.col
cmd_line: mpirun -n 8 MPI_BacktrackingDSatur_DLS queen6_6.col
solver_version: v1.0.1
number_of_vertices: 36
number_of_edges: 580
time_limit_sec: 10000
number_of_worker_processes: 8
number_of_cores_per_worker: 32
wall_time_sec: 10007
is_within_time_limit: False
number_of_colors: 8
max_clique_size: 6
1 3
2 1
3 5
4 0
5 2
6 4
7 5
8 2
9 4
10 1
11 3
12 0
13 1
14 3
15 0
16 5
17 4
18 7
19 2
20 5
21 6
22 7
23 0
24 3
25 4
26 7
27 3
28 2
29 1
30 6
31 0
32 6
33 1
34 4
35 7
36 5
