problem_instance_file_name: queen11_11.col
cmd_line: mpirun -n 8 MPI_BacktrackingDSatur_DLS queen11_11.col
solver_version: v1.0.1
number_of_vertices: 121
number_of_edges: 3960
time_limit_sec: 10000
number_of_worker_processes: 8
number_of_cores_per_worker: 32
wall_time_sec: 10019
is_within_time_limit: False
number_of_colors: 14
max_clique_size: 11
1 5
2 4
3 8
4 3
5 9
6 2
7 13
8 7
9 12
10 0
11 1
12 11
13 10
14 2
15 13
16 12
17 1
18 3
19 0
20 6
21 4
22 5
23 0
24 12
25 1
26 7
27 2
28 8
29 10
30 9
31 3
32 13
33 11
34 8
35 2
36 3
37 4
38 0
39 6
40 7
41 5
42 1
43 9
44 10
45 3
46 0
47 9
48 10
49 7
50 11
51 12
52 6
53 4
54 8
55 2
56 10
57 6
58 4
59 8
60 5
61 0
62 9
63 1
64 2
65 7
66 12
67 7
68 9
69 5
70 1
71 6
72 4
73 2
74 3
75 0
76 11
77 8
78 6
79 1
80 12
81 2
82 11
83 3
84 0
85 8
86 10
87 5
88 4
89 4
90 8
91 11
92 0
93 10
94 5
95 1
96 2
97 9
98 6
99 7
100 2
101 7
102 10
103 5
104 1
105 9
106 6
107 4
108 8
109 3
110 13
111 9
112 3
113 0
114 12
115 4
116 7
117 11
118 10
119 5
120 1
121 6
