NOTE: the nodes in the log may be out of order. Refer to the IDs
      the ID indicates the order of extraction from the queue. 

Root Node: 
Clique (LB = 12) = {0, 1, 2, 3, 4, 5, 6, 7, 8, 9, 10, 11}
Coloring (UB = 13) = [6, 12, 9, 8, 10, 5, 3, 0, 7, 4, 2, 11, 9, 11, 6, 7, 2, 8, 4, 10, 5, 1, 3, 0, 5, 4, 0, 11, 6, 1, 2, 3, 8, 7, 9, 10, 2, 8, 1, 5, 3, 4, 0, 7, 9, 6, 11, 12, 11, 10, 4, 2, 1, 9, 5, 6, 3, 0, 7, 8, 0, 7, 5, 6, 12, 3, 1, 2, 4, 11, 10, 9, 12, 6, 8, 1, 9, 0, 7, 5, 10, 3, 4, 2, 7, 3, 11, 0, 8, 10, 6, 4, 2, 12, 5, 1]

Node 0 branched by imposing 29, 43 have the same color 
Branch 1 child node results: 
Clique (LB = 12) = {48, 49, 50, 51, 52, 53, 54, 55, 56, 57, 58, 59}
Coloring (UB = 17) = [4, 11, 12, 10, 5, 8, 6, 7, 9, 0, 1, 2, 12, 10, 9, 0, 1, 4, 2, 3, 6, 5, 8, 11, 11, 5, 7, 2, 3, 0, 1, 4, 8, 10, 6, 12, 13, 8, 6, 1, 4, 2, 3, 0, 5, 7, 11, 14, 10, 7, 5, 3, 0, 1, 4, 6, 2, 9, 12, 8, 5, 9, 8, 4, 2, 3, 0, 1, 7, 6, 10, 13, 0, 1, 11, 9, 6, 7, 5, 8, 10, 2, 3, 15, 14, 6, 13, 7, 11, 9, 10, 2, 3, 8, 4, 16]

Node 0 branched by imposing vertices 29, 43 have different colors
Branch 2 child node results: 
Clique (LB = 12) = {36, 37, 38, 39, 40, 41, 42, 43, 44, 45, 46, 47}
Coloring (UB = 15) = [10, 3, 1, 4, 6, 7, 8, 9, 5, 0, 2, 11, 11, 6, 8, 0, 5, 3, 2, 4, 1, 9, 7, 10, 12, 10, 7, 2, 4, 0, 1, 5, 3, 6, 11, 13, 9, 11, 6, 5, 1, 2, 3, 0, 4, 7, 10, 8, 14, 12, 9, 3, 0, 4, 5, 1, 2, 8, 6, 7, 8, 13, 4, 6, 2, 1, 0, 3, 7, 5, 9, 14, 0, 14, 3, 8, 7, 5, 4, 6, 9, 2, 12, 1, 5, 7, 12, 10, 3, 8, 9, 2, 11, 13, 14, 4]

Node 1 branched by imposing 29, 52 have the same color 
Branch 1 child node results: 
Clique (LB = 12) = {48, 49, 50, 51, 52, 53, 54, 55, 56, 57, 58, 59}
Coloring (UB = 15) = [1, 7, 13, 12, 8, 6, 5, 3, 9, 11, 2, 4, 10, 3, 11, 7, 1, 4, 2, 6, 5, 8, 12, 0, 11, 9, 12, 2, 3, 0, 1, 4, 7, 6, 5, 8, 14, 5, 7, 6, 4, 2, 3, 0, 1, 9, 11, 13, 13, 8, 9, 5, 0, 1, 4, 2, 6, 3, 10, 7, 9, 10, 6, 3, 2, 5, 0, 1, 4, 7, 8, 12, 2, 1, 4, 0, 6, 3, 7, 5, 8, 10, 9, 11, 12, 11, 10, 1, 5, 8, 6, 9, 3, 0, 7, 2]

Node 1 branched by imposing vertices 29, 52 have different colors
Branch 2 child node results: 
Clique (LB = 12) = {0, 1, 2, 3, 4, 5, 6, 7, 8, 9, 10, 11}
Coloring (UB = 12) = [9, 8, 6, 2, 4, 1, 7, 3, 11, 0, 5, 10, 5, 1, 11, 0, 3, 2, 4, 8, 10, 6, 9, 7, 10, 9, 7, 4, 1, 0, 5, 6, 2, 11, 3, 8, 4, 11, 2, 3, 6, 7, 8, 0, 5, 10, 1, 9, 8, 5, 4, 10, 2, 3, 9, 1, 6, 7, 11, 0, 11, 0, 9, 6, 7, 10, 2, 5, 4, 1, 8, 3, 6, 7, 1, 11, 8, 4, 0, 9, 3, 5, 10, 2, 2, 10, 5, 7, 0, 9, 3, 4, 1, 8, 6, 11]

Node 2 branched by imposing 29, 52 have the same color 
Branch 1 child node results: 
Clique (LB = 12) = {32, 33, 34, 35, 24, 25, 26, 27, 28, 29, 30, 31}
Coloring (UB = 16) = [10, 3, 1, 5, 4, 7, 6, 8, 9, 0, 2, 11, 11, 8, 4, 0, 6, 3, 2, 5, 1, 10, 7, 9, 12, 9, 7, 2, 5, 0, 1, 4, 3, 6, 11, 10, 6, 10, 8, 4, 1, 2, 3, 0, 5, 7, 9, 13, 13, 11, 9, 3, 0, 5, 4, 1, 2, 8, 12, 7, 14, 7, 5, 6, 2, 1, 0, 3, 4, 9, 10, 8, 0, 12, 3, 8, 7, 4, 5, 6, 10, 2, 13, 1, 15, 4, 6, 9, 3, 8, 7, 2, 11, 12, 14, 5]

Node 2 branched by imposing vertices 29, 52 have different colors
Branch 2 child node results: 
Clique (LB = 12) = {48, 49, 50, 51, 52, 53, 54, 55, 56, 57, 58, 59}
Coloring (UB = 15) = [10, 3, 1, 4, 6, 7, 8, 9, 5, 0, 2, 11, 11, 6, 8, 0, 5, 3, 2, 4, 1, 9, 7, 10, 12, 10, 7, 2, 4, 0, 1, 5, 3, 6, 11, 13, 9, 11, 6, 5, 1, 2, 3, 0, 4, 7, 10, 8, 14, 12, 9, 3, 0, 4, 5, 1, 2, 8, 6, 7, 8, 13, 4, 6, 2, 1, 0, 3, 7, 5, 9, 14, 0, 14, 3, 8, 7, 5, 4, 6, 9, 2, 12, 1, 5, 7, 12, 10, 3, 8, 9, 2, 11, 13, 14, 4]

Final results: 
Chromatic number = 12 
Max Clique Size = 12 
Is Optimal? YES 
Best Coloring Found = [6, 11, 5, 2, 1, 12, 0, 3, 7, 9, 10, 4, 9, 10, 1, 0, 4, 6, 2, 5, 8, 3, 11, 7, 7, 6, 4, 3, 8, 0, 10, 11, 2, 1, 9, 5, 5, 8, 11, 9, 6, 1, 7, 0, 3, 4, 2, 10, 10, 1, 3, 5, 2, 4, 6, 8, 11, 0, 7, 9, 0, 7, 9, 4, 3, 8, 5, 2, 1, 12, 6, 11, 11, 4, 0, 6, 12, 2, 3, 7, 9, 5, 8, 1, 8, 9, 12, 11, 10, 5, 4, 1, 0, 7, 3, 2] 
