problem_instance_file_name: jean.col
cmd_line: mpirun -n 5 sequential_DSatur_DLS_DegreeBranching jean
solver_version: v1.0.1
number_of_vertices: 80
number_of_edges: 254
time_limit_sec: 10000
number_of_worker_processes: 5
number_of_cores_per_worker: 6
wall_time_sec: 0
is_within_time_limit: True
number_of_colors: 10
0 0
1 2
2 1
3 2
4 3
5 7
6 5
7 0
8 3
9 1
10 0
11 0
12 0
13 1
14 2
15 0
16 2
17 0
18 6
19 4
20 0
21 5
22 0
23 0
24 2
25 0
26 3
27 2
28 3
29 3
30 1
31 0
32 0
33 0
34 4
35 0
36 0
37 7
38 6
39 4
40 0
41 2
42 1
43 7
44 1
45 3
46 7
47 1
48 0
49 7
50 0
51 0
52 1
53 0
54 5
55 1
56 3
57 6
58 1
59 2
60 1
61 1
62 5
63 3
64 0
65 4
66 1
67 8
68 6
69 1
70 0
71 1
72 7
73 0
74 3
75 0
76 4
77 2
78 9
79 0
