problem_instance_file_name: fpsol2.i.1.col
cmd_line: mpirun -n 8 MPI/mpi.py ../instances/fpsol2.i.1.col ../results/2h_All_OK_2n_4t-n_16cpu --cpusPerTask 16
solver_version: v1.0.1
number_of_vertices: 496
number_of_edges: 23308
time_limit_sec: 9900
number_of_worker_processes: 8
number_of_cores_per_worker: 16
wall_time_sec: 46
is_within_time_limit: True
number_of_colors: 65
max_clique_size: 65
1 0
2 1
3 21
4 22
5 16
6 15
7 14
8 13
9 12
10 11
11 28
12 42
13 30
14 41
15 43
16 44
17 0
18 54
19 53
20 52
21 51
22 50
23 49
24 48
25 47
26 46
27 1
28 41
29 42
30 43
31 44
32 45
33 28
34 0
35 0
36 0
37 0
38 28
39 0
40 0
41 0
42 0
43 36
44 40
45 35
46 39
47 30
48 0
49 0
50 31
51 0
52 0
53 0
54 0
55 26
56 0
57 0
58 0
59 29
60 0
61 0
62 31
63 37
64 17
65 0
66 32
67 30
68 0
69 0
70 0
71 0
72 0
73 0
74 27
75 0
76 20
77 55
78 55
79 26
80 27
81 35
82 40
83 37
84 31
85 32
86 23
87 59
88 61
89 57
90 2
91 3
92 4
93 5
94 6
95 7
96 8
97 9
98 2
99 3
100 4
101 5
102 6
103 7
104 8
105 9
106 10
107 10
108 11
109 0
110 12
111 0
112 0
113 13
114 14
115 0
116 15
117 16
118 0
119 17
120 18
121 19
122 20
123 21
124 22
125 23
126 0
127 0
128 0
129 24
130 25
131 0
132 26
133 0
134 0
135 0
136 33
137 31
138 29
139 0
140 0
141 30
142 0
143 0
144 0
145 34
146 0
147 33
148 0
149 31
150 33
151 34
152 0
153 0
154 0
155 0
156 35
157 0
158 0
159 36
160 37
161 38
162 0
163 17
164 0
165 0
166 39
167 0
168 24
169 0
170 26
171 25
172 26
173 0
174 0
175 0
176 0
177 0
178 0
179 0
180 0
181 0
182 33
183 34
184 0
185 36
186 0
187 0
188 0
189 35
190 35
191 0
192 0
193 0
194 0
195 0
196 0
197 36
198 0
199 0
200 37
201 39
202 0
203 38
204 37
205 0
206 0
207 0
208 0
209 0
210 0
211 0
212 0
213 37
214 40
215 0
216 17
217 0
218 40
219 39
220 38
221 37
222 37
223 38
224 37
225 40
226 55
227 0
228 39
229 0
230 38
231 0
232 37
233 0
234 40
235 0
236 55
237 0
238 38
239 56
240 40
241 55
242 57
243 0
244 18
245 19
246 18
247 0
248 19
249 20
250 19
251 18
252 18
253 0
254 0
255 58
256 0
257 0
258 32
259 55
260 0
261 40
262 32
263 55
264 56
265 40
266 0
267 32
268 0
269 40
270 0
271 55
272 0
273 56
274 0
275 55
276 56
277 57
278 0
279 17
280 18
281 17
282 18
283 17
284 0
285 0
286 58
287 0
288 0
289 0
290 0
291 0
292 0
293 0
294 0
295 0
296 18
297 19
298 0
299 20
300 0
301 0
302 23
303 21
304 0
305 22
306 0
307 0
308 23
309 0
310 17
311 0
312 0
313 23
314 0
315 24
316 0
317 17
318 17
319 0
320 0
321 25
322 0
323 0
324 0
325 29
326 0
327 32
328 34
329 33
330 0
331 37
332 0
333 34
334 0
335 0
336 35
337 0
338 36
339 38
340 40
341 0
342 0
343 39
344 40
345 0
346 0
347 0
348 0
349 0
350 0
351 40
352 0
353 0
354 0
355 40
356 0
357 0
358 40
359 0
360 56
361 0
362 0
363 0
364 59
365 0
366 57
367 0
368 58
369 0
370 0
371 0
372 0
373 0
374 0
375 0
376 0
377 0
378 0
379 57
380 58
381 0
382 0
383 58
384 59
385 0
386 58
387 0
388 59
389 0
390 59
391 60
392 0
393 17
394 18
395 17
396 0
397 0
398 61
399 0
400 0
401 30
402 60
403 0
404 30
405 61
406 0
407 60
408 0
409 61
410 0
411 59
412 62
413 63
414 0
415 64
416 0
417 0
418 0
419 0
420 0
421 64
422 0
423 18
424 0
425 0
426 18
427 0
428 0
429 0
430 0
431 40
432 0
433 56
434 55
435 0
436 57
437 0
438 56
439 0
440 0
441 57
442 0
443 58
444 0
445 59
446 0
447 0
448 0
449 58
450 0
451 58
452 60
453 0
454 17
455 0
456 0
457 61
458 0
459 32
460 29
461 0
462 29
463 33
464 0
465 29
466 0
467 33
468 0
469 33
470 34
471 35
472 0
473 17
474 18
475 17
476 0
477 0
478 36
479 0
480 31
481 0
482 32
483 32
484 33
485 0
486 32
487 0
488 33
489 0
490 33
491 34
492 0
493 17
494 0
495 0
496 35
