problem_instance_file_name: le450_5b.col
cmd_line: mpirun -n 8 MPI/mpi.py ../instances/le450_5b.col ../results/2h_All_OK_2n_4t-n_16cpu --cpusPerTask 16
solver_version: v1.0.1
number_of_vertices: 450
number_of_edges: 11468
time_limit_sec: 9900
number_of_worker_processes: 8
number_of_cores_per_worker: 16
wall_time_sec: 9906
is_within_time_limit: False
number_of_colors: 6
max_clique_size: 5
1 1
2 3
3 4
4 0
5 2
6 1
7 3
8 3
9 0
10 2
11 1
12 3
13 4
14 0
15 2
16 1
17 3
18 3
19 0
20 2
21 2
22 3
23 4
24 0
25 2
26 2
27 1
28 4
29 0
30 2
31 1
32 3
33 3
34 0
35 2
36 1
37 3
38 4
39 0
40 2
41 1
42 3
43 4
44 0
45 2
46 2
47 3
48 4
49 0
50 1
51 2
52 4
53 4
54 0
55 1
56 1
57 4
58 3
59 0
60 2
61 5
62 4
63 4
64 0
65 2
66 5
67 4
68 4
69 5
70 2
71 1
72 4
73 4
74 0
75 2
76 2
77 4
78 4
79 0
80 2
81 1
82 3
83 3
84 0
85 1
86 1
87 3
88 4
89 0
90 1
91 1
92 3
93 4
94 0
95 1
96 1
97 3
98 3
99 0
100 1
101 1
102 3
103 4
104 0
105 2
106 1
107 3
108 3
109 0
110 2
111 2
112 3
113 4
114 0
115 2
116 2
117 1
118 4
119 0
120 2
121 1
122 3
123 3
124 0
125 2
126 1
127 3
128 4
129 0
130 2
131 1
132 3
133 4
134 0
135 2
136 2
137 3
138 4
139 0
140 2
141 2
142 3
143 4
144 0
145 2
146 1
147 3
148 3
149 0
150 2
151 1
152 3
153 4
154 0
155 2
156 1
157 3
158 4
159 0
160 1
161 1
162 5
163 4
164 0
165 1
166 2
167 4
168 4
169 0
170 1
171 1
172 4
173 3
174 0
175 2
176 3
177 4
178 4
179 0
180 2
181 1
182 4
183 4
184 0
185 2
186 1
187 4
188 3
189 0
190 2
191 1
192 5
193 4
194 0
195 2
196 1
197 3
198 3
199 0
200 1
201 2
202 3
203 4
204 0
205 1
206 2
207 1
208 4
209 0
210 1
211 1
212 3
213 3
214 0
215 5
216 1
217 3
218 4
219 0
220 2
221 1
222 3
223 4
224 0
225 2
226 2
227 3
228 4
229 0
230 2
231 2
232 3
233 4
234 0
235 2
236 1
237 3
238 3
239 0
240 2
241 1
242 3
243 4
244 0
245 2
246 1
247 3
248 4
249 0
250 2
251 1
252 3
253 4
254 0
255 2
256 2
257 3
258 4
259 0
260 2
261 1
262 3
263 3
264 0
265 2
266 1
267 3
268 4
269 0
270 2
271 1
272 3
273 4
274 0
275 1
276 1
277 4
278 3
279 0
280 1
281 1
282 4
283 4
284 0
285 5
286 5
287 4
288 3
289 0
290 2
291 2
292 4
293 4
294 0
295 2
296 2
297 1
298 4
299 0
300 2
301 1
302 4
303 3
304 0
305 2
306 1
307 3
308 4
309 0
310 1
311 1
312 3
313 4
314 0
315 1
316 2
317 3
318 4
319 0
320 1
321 2
322 3
323 4
324 0
325 1
326 1
327 3
328 3
329 0
330 2
331 1
332 3
333 4
334 0
335 2
336 1
337 3
338 4
339 0
340 2
341 1
342 3
343 4
344 0
345 2
346 2
347 3
348 4
349 0
350 2
351 1
352 3
353 3
354 0
355 2
356 1
357 3
358 4
359 0
360 2
361 1
362 3
363 4
364 0
365 2
366 1
367 3
368 3
369 0
370 2
371 1
372 3
373 4
374 0
375 2
376 1
377 3
378 3
379 0
380 2
381 2
382 3
383 4
384 0
385 1
386 2
387 1
388 4
389 0
390 1
391 1
392 4
393 3
394 0
395 5
396 1
397 4
398 4
399 0
400 2
401 5
402 4
403 4
404 0
405 2
406 2
407 4
408 4
409 0
410 2
411 2
412 4
413 4
414 0
415 2
416 1
417 5
418 3
419 0
420 2
421 1
422 3
423 4
424 0
425 1
426 1
427 3
428 4
429 0
430 1
431 5
432 3
433 4
434 0
435 1
436 2
437 3
438 4
439 0
440 5
441 1
442 3
443 3
444 0
445 2
446 1
447 3
448 4
449 0
450 2
