problem_instance_file_name: mulsol.i.1.col
cmd_line: mpirun -n 8 MPI/mpi.py ../instances/mulsol.i.1.col ../results/2h_All_OK_2n_4t-n_16cpu --cpusPerTask 16
solver_version: v1.0.1
number_of_vertices: 197
number_of_edges: 7850
time_limit_sec: 9900
number_of_worker_processes: 8
number_of_cores_per_worker: 16
wall_time_sec: 15
is_within_time_limit: True
number_of_colors: 49
max_clique_size: 49
1 0
2 1
3 5
4 31
5 21
6 19
7 17
8 15
9 9
10 11
11 14
12 13
13 10
14 8
15 32
16 12
17 0
18 42
19 41
20 40
21 39
22 38
23 37
24 36
25 35
26 1
27 43
28 44
29 45
30 46
31 47
32 48
33 31
34 30
35 32
36 32
37 32
38 8
39 2
40 3
41 4
42 6
43 7
44 9
45 11
46 12
47 2
48 3
49 4
50 6
51 7
52 16
53 18
54 20
55 22
56 14
57 15
58 0
59 13
60 16
61 0
62 10
63 8
64 17
65 23
66 0
67 24
68 25
69 0
70 0
71 25
72 0
73 31
74 26
75 27
76 0
77 5
78 0
79 0
80 28
81 0
82 0
83 5
84 0
85 18
86 0
87 19
88 20
89 0
90 21
91 21
92 0
93 25
94 0
95 0
96 26
97 0
98 0
99 22
100 0
101 0
102 27
103 0
104 23
105 0
106 0
107 24
108 28
109 30
110 0
111 25
112 26
113 0
114 27
115 0
116 0
117 28
118 29
119 0
120 30
121 29
122 0
123 0
124 0
125 29
126 29
127 29
128 29
129 29
130 29
131 29
132 0
133 0
134 0
135 29
136 29
137 29
138 30
139 29
140 0
141 0
142 32
143 0
144 33
145 29
146 34
147 30
148 34
149 33
150 30
151 29
152 34
153 30
154 29
155 0
156 0
157 33
158 0
159 0
160 29
161 30
162 33
163 30
164 29
165 30
166 29
167 0
168 0
169 33
170 0
171 0
172 0
173 30
174 30
175 0
176 30
177 30
178 30
179 0
180 0
181 33
182 0
183 0
184 8
185 0
186 0
187 5
188 0
189 10
190 0
191 23
192 23
193 0
194 0
195 17
196 0
197 5
