problem_instance_file_name: myciel5.col
cmd_line: mpirun -n 8 MPI/mpi.py ../instances/myciel5.col ../results/2h_All_OK_2n_4t-n_16cpu --cpusPerTask 16
solver_version: v1.0.1
number_of_vertices: 47
number_of_edges: 472
time_limit_sec: 9900
number_of_worker_processes: 8
number_of_cores_per_worker: 16
wall_time_sec: 9902
is_within_time_limit: False
number_of_colors: 6
max_clique_size: 2
1 0
2 4
3 0
4 4
5 2
6 0
7 3
8 0
9 3
10 3
11 2
12 2
13 2
14 5
15 4
16 2
17 3
18 3
19 3
20 3
21 3
22 2
23 0
24 1
25 1
26 1
27 1
28 1
29 1
30 1
31 1
32 1
33 1
34 1
35 1
36 1
37 1
38 1
39 1
40 1
41 1
42 1
43 1
44 1
45 1
46 1
47 0
