problem_instance_file_name: queen11_11.col
cmd_line: mpirun -n 8 MPI/mpi.py ../instances/queen11_11.col ../results/2h_All_OK_2n_4t-n_16cpu --cpusPerTask 16
solver_version: v1.0.1
number_of_vertices: 121
number_of_edges: 3960
time_limit_sec: 9900
number_of_worker_processes: 8
number_of_cores_per_worker: 16
wall_time_sec: 9906
is_within_time_limit: False
number_of_colors: 13
max_clique_size: 11
1 7
2 12
3 4
4 8
5 2
6 5
7 11
8 3
9 1
10 0
11 10
12 6
13 11
14 2
15 10
16 4
17 8
18 0
19 9
20 5
21 3
22 12
23 0
24 4
25 9
26 7
27 3
28 11
29 12
30 10
31 2
32 6
33 5
34 5
35 3
36 0
37 1
38 9
39 6
40 7
41 4
42 8
43 10
44 2
45 11
46 8
47 12
48 2
49 10
50 1
51 5
52 0
53 7
54 4
55 6
56 9
57 5
58 6
59 11
60 12
61 0
62 4
63 2
64 3
65 1
66 7
67 10
68 7
69 8
70 9
71 1
72 3
73 6
74 5
75 11
76 2
77 0
78 4
79 2
80 3
81 6
82 11
83 9
84 8
85 12
86 0
87 7
88 1
89 3
90 6
91 7
92 5
93 0
94 10
95 2
96 1
97 4
98 8
99 9
100 2
101 9
102 1
103 4
104 6
105 7
106 3
107 8
108 10
109 5
110 11
111 8
112 10
113 11
114 0
115 5
116 4
117 1
118 7
119 6
120 9
121 3
