problem_instance_file_name: queen7_7.col
cmd_line: mpirun -n 8 MPI/mpi.py ../instances/queen7_7.col ../results/2h_All_OK_2n_4t-n_16cpu --cpusPerTask 16
solver_version: v1.0.1
number_of_vertices: 49
number_of_edges: 952
time_limit_sec: 9900
number_of_worker_processes: 8
number_of_cores_per_worker: 16
wall_time_sec: 21
is_within_time_limit: True
number_of_colors: 7
max_clique_size: 7
1 4
2 2
3 5
4 1
5 6
6 0
7 3
8 1
9 6
10 0
11 3
12 4
13 2
14 5
15 3
16 4
17 2
18 5
19 1
20 6
21 0
22 5
23 1
24 6
25 0
26 3
27 4
28 2
29 0
30 3
31 4
32 2
33 5
34 1
35 6
36 2
37 5
38 1
39 6
40 0
41 3
42 4
43 6
44 0
45 3
46 4
47 2
48 5
49 1
