problem_instance_file_name: queen6_6.col
cmd_line: mpirun -n 8 MPI/mpi.py ../instances/queen6_6.col ../results/2h_All_OK_2n_4t-n_16cpu --cpusPerTask 16
solver_version: v1.0.1
number_of_vertices: 36
number_of_edges: 580
time_limit_sec: 9900
number_of_worker_processes: 8
number_of_cores_per_worker: 16
wall_time_sec: 9900
is_within_time_limit: False
number_of_colors: 7
max_clique_size: 6
1 1
2 0
3 3
4 5
5 6
6 2
7 5
8 2
9 4
10 1
11 0
12 3
13 4
14 3
15 0
16 6
17 5
18 1
19 6
20 5
21 1
22 4
23 2
24 0
25 2
26 4
27 6
28 0
29 3
30 5
31 3
32 1
33 5
34 2
35 4
36 6
