problem_instance_file_name: queen12_12.col
cmd_line: mpirun -n 8 MPI/mpi.py ../instances/queen12_12.col ../results/2h_All_OK_2n_4t-n_16cpu --cpusPerTask 16
solver_version: v1.0.1
number_of_vertices: 144
number_of_edges: 5192
time_limit_sec: 9900
number_of_worker_processes: 8
number_of_cores_per_worker: 16
wall_time_sec: 9906
is_within_time_limit: False
number_of_colors: 14
max_clique_size: 12
1 12
2 4
3 7
4 13
5 8
6 9
7 5
8 11
9 0
10 6
11 2
12 1
13 3
14 13
15 6
16 0
17 1
18 4
19 2
20 9
21 8
22 7
23 11
24 5
25 2
26 5
27 11
28 3
29 9
30 12
31 13
32 4
33 10
34 0
35 1
36 8
37 7
38 9
39 2
40 10
41 0
42 1
43 3
44 6
45 12
46 13
47 4
48 11
49 4
50 0
51 8
52 1
53 6
54 5
55 12
56 7
57 2
58 11
59 3
60 10
61 10
62 2
63 9
64 4
65 11
66 0
67 8
68 3
69 5
70 1
71 6
72 7
73 6
74 8
75 12
76 2
77 3
78 10
79 7
80 1
81 4
82 9
83 5
84 13
85 13
86 3
87 1
88 11
89 4
90 6
91 9
92 2
93 7
94 8
95 0
96 12
97 11
98 7
99 4
100 5
101 10
102 3
103 0
104 8
105 9
106 2
107 13
108 6
109 0
110 1
111 3
112 9
113 7
114 8
115 11
116 12
117 6
118 5
119 10
120 2
121 5
122 6
123 0
124 12
125 13
126 2
127 1
128 10
129 11
130 4
131 8
132 9
133 9
134 12
135 13
136 6
137 5
138 11
139 4
140 0
141 1
142 10
143 7
144 3
