problem_instance_file_name: queen10_10.col
cmd_line: mpirun -n 8 MPI/mpi.py ../instances/queen10_10.col ../results/2h_All_OK_2n_4t-n_16cpu --cpusPerTask 16
solver_version: v1.0.1
number_of_vertices: 100
number_of_edges: 2940
time_limit_sec: 9900
number_of_worker_processes: 8
number_of_cores_per_worker: 16
wall_time_sec: 9903
is_within_time_limit: False
number_of_colors: 12
max_clique_size: 10
1 6
2 10
3 0
4 9
5 8
6 2
7 1
8 5
9 3
10 11
11 0
12 4
13 6
14 5
15 7
16 3
17 8
18 2
19 9
20 1
21 5
22 2
23 3
24 1
25 9
26 6
27 10
28 4
29 7
30 8
31 11
32 7
33 9
34 2
35 4
36 1
37 3
38 0
39 6
40 5
41 9
42 8
43 4
44 3
45 0
46 7
47 2
48 11
49 1
50 10
51 3
52 6
53 2
54 8
55 1
56 5
57 0
58 7
59 4
60 9
61 7
62 1
63 5
64 0
65 6
66 4
67 9
68 8
69 10
70 2
71 10
72 9
73 8
74 4
75 3
76 0
77 7
78 1
79 5
80 6
81 4
82 5
83 10
84 7
85 2
86 9
87 11
88 6
89 8
90 3
91 2
92 3
93 1
94 6
95 5
96 8
97 4
98 9
99 11
100 7
