problem_instance_file_name: queen13_13.col
cmd_line: mpirun -n 8 MPI/mpi.py ../instances/queen13_13.col ../results/2h_All_OK_2n_4t-n_16cpu --cpusPerTask 16
solver_version: v1.0.1
number_of_vertices: 169
number_of_edges: 6656
time_limit_sec: 9900
number_of_worker_processes: 8
number_of_cores_per_worker: 16
wall_time_sec: 9903
is_within_time_limit: False
number_of_colors: 16
max_clique_size: 13
1 4
2 1
3 7
4 11
5 2
6 8
7 12
8 9
9 0
10 10
11 15
12 5
13 6
14 14
15 5
16 9
17 8
18 0
19 6
20 1
21 4
22 3
23 13
24 2
25 11
26 10
27 11
28 0
29 6
30 7
31 3
32 5
33 10
34 2
35 8
36 12
37 9
38 1
39 4
40 6
41 10
42 5
43 13
44 4
45 1
46 9
47 12
48 11
49 3
50 0
51 14
52 8
53 9
54 11
55 2
56 3
57 12
58 0
59 5
60 8
61 4
62 6
63 10
64 7
65 1
66 12
67 4
68 10
69 5
70 1
71 7
72 6
73 14
74 13
75 15
76 3
77 0
78 2
79 8
80 2
81 11
82 12
83 6
84 10
85 0
86 3
87 9
88 1
89 7
90 4
91 5
92 0
93 9
94 4
95 10
96 7
97 12
98 8
99 1
100 2
101 11
102 6
103 3
104 13
105 3
106 6
107 0
108 14
109 8
110 2
111 7
112 11
113 10
114 5
115 4
116 12
117 9
118 5
119 14
120 1
121 15
122 11
123 3
124 4
125 13
126 12
127 2
128 8
129 6
130 7
131 1
132 3
133 13
134 4
135 5
136 9
137 2
138 0
139 14
140 7
141 11
142 10
143 12
144 15
145 7
146 14
147 2
148 10
149 4
150 3
151 6
152 1
153 0
154 13
155 8
156 11
157 2
158 12
159 8
160 0
161 9
162 13
163 11
164 10
165 5
166 14
167 1
168 15
169 3
