problem_instance_file_name: queen14_14.col
cmd_line: mpirun -n 8 MPI/mpi.py ../instances/queen14_14.col ../results/2h_All_OK_2n_4t-n_16cpu --cpusPerTask 16
solver_version: v1.0.1
number_of_vertices: 196
number_of_edges: 8372
time_limit_sec: 9900
number_of_worker_processes: 8
number_of_cores_per_worker: 16
wall_time_sec: 9902
is_within_time_limit: False
number_of_colors: 17
max_clique_size: 14
1 7
2 1
3 0
4 12
5 8
6 2
7 14
8 4
9 3
10 9
11 6
12 11
13 10
14 13
15 14
16 8
17 7
18 13
19 5
20 1
21 15
22 10
23 11
24 4
25 0
26 2
27 12
28 9
29 6
30 11
31 4
32 14
33 15
34 3
35 9
36 1
37 2
38 13
39 8
40 10
41 7
42 5
43 10
44 15
45 13
46 9
47 12
48 7
49 4
50 0
51 8
52 5
53 2
54 6
55 1
56 3
57 9
58 6
59 12
60 10
61 13
62 5
63 3
64 14
65 7
66 0
67 1
68 15
69 11
70 4
71 3
72 0
73 8
74 4
75 2
76 11
77 10
78 6
79 9
80 12
81 13
82 7
83 5
84 1
85 11
86 13
87 2
88 3
89 7
90 9
91 0
92 8
93 10
94 16
95 5
96 12
97 4
98 6
99 2
100 12
101 6
102 1
103 4
104 13
105 5
106 3
107 0
108 8
109 7
110 14
111 16
112 11
113 0
114 10
115 9
116 5
117 3
118 14
119 11
120 12
121 1
122 2
123 16
124 8
125 13
126 7
127 13
128 5
129 3
130 15
131 1
132 8
133 7
134 2
135 6
136 10
137 11
138 9
139 0
140 16
141 8
142 2
143 1
144 7
145 0
146 4
147 6
148 11
149 5
150 3
151 12
152 13
153 14
154 10
155 1
156 9
157 11
158 2
159 6
160 10
161 8
162 7
163 13
164 14
165 4
166 5
167 3
168 12
169 12
170 3
171 5
172 8
173 14
174 0
175 2
176 9
177 4
178 1
179 10
180 16
181 6
182 15
183 16
184 4
185 10
186 0
187 9
188 6
189 1
190 5
191 12
192 11
193 15
194 3
195 8
196 2
