problem_instance_file_name: queen8_12.col
cmd_line: mpirun -n 8 MPI/mpi.py ../instances/queen8_12.col ../results/2h_All_OK_2n_4t-n_16cpu --cpusPerTask 16
solver_version: v1.0.1
number_of_vertices: 96
number_of_edges: 2736
time_limit_sec: 9900
number_of_worker_processes: 8
number_of_cores_per_worker: 16
wall_time_sec: 58
is_within_time_limit: True
number_of_colors: 12
max_clique_size: 12
1 10
2 3
3 11
4 6
5 9
6 7
7 0
8 4
9 1
10 5
11 2
12 8
13 1
14 0
15 5
16 8
17 10
18 6
19 2
20 9
21 3
22 11
23 4
24 7
25 7
26 2
27 1
28 4
29 5
30 0
31 3
32 11
33 8
34 9
35 10
36 6
37 3
38 10
39 0
40 11
41 1
42 2
43 4
44 7
45 5
46 6
47 8
48 9
49 6
50 9
51 8
52 7
53 4
54 10
55 1
56 2
57 0
58 3
59 5
60 11
61 11
62 1
63 10
64 5
65 8
66 9
67 6
68 3
69 7
70 2
71 0
72 4
73 9
74 8
75 7
76 2
77 6
78 3
79 5
80 0
81 4
82 1
83 11
84 10
85 5
86 11
87 6
88 0
89 7
90 4
91 9
92 8
93 2
94 10
95 3
96 1
