problem_instance_file_name: queen5_5.col
cmd_line: mpirun -n 8 MPI/mpi.py ../instances/queen5_5.col ../results/2h_All_OK_2n_4t-n_16cpu --cpusPerTask 16
solver_version: v1.0.1
number_of_vertices: 25
number_of_edges: 320
time_limit_sec: 9900
number_of_worker_processes: 8
number_of_cores_per_worker: 16
wall_time_sec: 2
is_within_time_limit: True
number_of_colors: 5
max_clique_size: 5
1 4
2 0
3 3
4 1
5 2
6 3
7 1
8 2
9 4
10 0
11 2
12 4
13 0
14 3
15 1
16 0
17 3
18 1
19 2
20 4
21 1
22 2
23 4
24 0
25 3
