problem_instance_file_name: queen8_8.col
cmd_line: mpirun -n 8 MPI/mpi.py ../instances/queen8_8.col ../results/2h_All_OK_2n_4t-n_16cpu --cpusPerTask 16
solver_version: v1.0.1
number_of_vertices: 64
number_of_edges: 1456
time_limit_sec: 9900
number_of_worker_processes: 8
number_of_cores_per_worker: 16
wall_time_sec: 9901
is_within_time_limit: False
number_of_colors: 9
max_clique_size: 8
1 4
2 3
3 2
4 5
5 1
6 0
7 8
8 7
9 0
10 8
11 1
12 3
13 6
14 2
15 5
16 4
17 1
18 4
19 7
20 8
21 5
22 3
23 0
24 2
25 2
26 6
27 5
28 0
29 4
30 1
31 7
32 3
33 5
34 7
35 3
36 1
37 2
38 6
39 4
40 8
41 3
42 1
43 6
44 7
45 8
46 5
47 2
48 0
49 6
50 2
51 8
52 4
53 0
54 7
55 3
56 5
57 8
58 5
59 0
60 2
61 3
62 4
63 6
64 1
