problem_instance_file_name: queen15_15.col
cmd_line: mpirun -n 8 MPI/mpi.py ../instances/queen15_15.col ../results/2h_All_OK_2n_4t-n_16cpu --cpusPerTask 16
solver_version: v1.0.1
number_of_vertices: 225
number_of_edges: 10360
time_limit_sec: 9900
number_of_worker_processes: 8
number_of_cores_per_worker: 16
wall_time_sec: 9904
is_within_time_limit: False
number_of_colors: 18
max_clique_size: 15
1 4
2 17
3 3
4 14
5 9
6 7
7 6
8 13
9 10
10 15
11 11
12 8
13 0
14 2
15 1
16 5
17 10
18 6
19 16
20 15
21 14
22 1
23 11
24 12
25 8
26 17
27 9
28 4
29 3
30 7
31 15
32 9
33 8
34 2
35 13
36 12
37 0
38 6
39 7
40 3
41 16
42 1
43 14
44 17
45 10
46 13
47 0
48 10
49 12
50 8
51 2
52 7
53 5
54 4
55 1
56 14
57 11
58 3
59 6
60 9
61 1
62 16
63 9
64 11
65 7
66 4
67 15
68 10
69 3
70 5
71 13
72 2
73 12
74 8
75 0
76 9
77 3
78 7
79 1
80 2
81 6
82 14
83 8
84 0
85 10
86 12
87 5
88 11
89 13
90 4
91 7
92 5
93 12
94 8
95 4
96 1
97 11
98 15
99 9
100 13
101 2
102 10
103 17
104 0
105 3
106 6
107 8
108 14
109 10
110 12
111 13
112 3
113 0
114 1
115 11
116 4
117 7
118 2
119 9
120 5
121 3
122 1
123 16
124 13
125 14
126 10
127 12
128 4
129 15
130 0
131 5
132 6
133 8
134 11
135 2
136 10
137 13
138 0
139 5
140 11
141 8
142 9
143 7
144 6
145 2
146 3
147 4
148 1
149 12
150 14
151 14
152 2
153 15
154 9
155 6
156 0
157 13
158 3
159 16
160 7
161 1
162 12
163 10
164 5
165 11
166 11
167 12
168 13
169 4
170 10
171 3
172 2
173 9
174 5
175 6
176 0
177 14
178 7
179 1
180 8
181 17
182 6
183 2
184 15
185 16
186 5
187 4
188 1
189 11
190 14
191 8
192 13
193 9
194 10
195 12
196 12
197 7
198 5
199 0
200 1
201 11
202 8
203 14
204 17
205 4
206 6
207 3
208 15
209 16
210 13
211 16
212 11
213 1
214 7
215 3
216 9
217 10
218 2
219 13
220 12
221 15
222 0
223 5
224 14
225 17
