problem_instance_file_name: queen9_9.col
cmd_line: mpirun -n 8 MPI/mpi.py ../instances/queen9_9.col ../results/2h_All_OK_2n_4t-n_16cpu --cpusPerTask 16
solver_version: v1.0.1
number_of_vertices: 81
number_of_edges: 2112
time_limit_sec: 9900
number_of_worker_processes: 8
number_of_cores_per_worker: 16
wall_time_sec: 9900
is_within_time_limit: False
number_of_colors: 10
max_clique_size: 9
1 9
2 0
3 7
4 2
5 1
6 3
7 4
8 6
9 5
10 2
11 3
12 5
13 6
14 7
15 0
16 1
17 9
18 8
19 0
20 1
21 2
22 9
23 8
24 5
25 6
26 4
27 3
28 8
29 5
30 4
31 1
32 3
33 2
34 0
35 7
36 6
37 4
38 6
39 3
40 8
41 0
42 7
43 5
44 1
45 2
46 1
47 7
48 0
49 4
50 5
51 8
52 2
53 3
54 9
55 5
56 4
57 1
58 3
59 2
60 9
61 7
62 8
63 0
64 7
65 8
66 9
67 0
68 4
69 6
70 3
71 5
72 1
73 3
74 2
75 6
76 5
77 9
78 1
79 8
80 0
81 4
