problem_instance_file_name: school1.col
cmd_line: mpirun -n 8 MPI/mpi.py ../instances/school1.col ../results/2h_All_OK_2n_4t-n_16cpu --cpusPerTask 16
solver_version: v1.0.1
number_of_vertices: 385
number_of_edges: 38190
time_limit_sec: 9900
number_of_worker_processes: 8
number_of_cores_per_worker: 16
wall_time_sec: 9931
is_within_time_limit: False
number_of_colors: 15
max_clique_size: 14
1 3
2 4
3 9
4 5
5 1
6 6
7 11
8 3
9 12
10 14
11 10
12 8
13 0
14 13
15 3
16 7
17 12
18 9
19 14
20 7
21 12
22 0
23 11
24 5
25 1
26 3
27 4
28 9
29 13
30 3
31 12
32 7
33 11
34 8
35 9
36 14
37 5
38 7
39 12
40 1
41 1
42 10
43 8
44 1
45 1
46 11
47 13
48 3
49 1
50 9
51 13
52 3
53 7
54 12
55 10
56 2
57 4
58 14
59 10
60 4
61 5
62 7
63 12
64 11
65 2
66 6
67 8
68 13
69 3
70 8
71 13
72 11
73 2
74 6
75 14
76 10
77 4
78 5
79 7
80 14
81 10
82 4
83 5
84 7
85 14
86 0
87 8
88 13
89 11
90 2
91 6
92 8
93 13
94 11
95 2
96 6
97 5
98 7
99 2
100 0
101 14
102 10
103 4
104 0
105 3
106 1
107 9
108 10
109 4
110 2
111 6
112 11
113 14
114 8
115 5
116 8
117 5
118 8
119 5
120 9
121 14
122 10
123 5
124 6
125 2
126 8
127 3
128 1
129 12
130 7
131 13
132 7
133 13
134 7
135 13
136 1
137 0
138 1
139 13
140 8
141 7
142 13
143 1
144 11
145 2
146 9
147 14
148 12
149 10
150 8
151 7
152 6
153 10
154 7
155 12
156 12
157 8
158 13
159 3
160 2
161 1
162 0
163 10
164 4
165 8
166 14
167 9
168 0
169 5
170 7
171 12
172 13
173 3
174 1
175 11
176 7
177 9
178 11
179 2
180 5
181 10
182 8
183 6
184 2
185 1
186 3
187 5
188 0
189 13
190 8
191 11
192 12
193 1
194 0
195 6
196 9
197 3
198 9
199 9
200 1
201 11
202 1
203 7
204 14
205 10
206 11
207 2
208 13
209 3
210 1
211 11
212 10
213 4
214 3
215 2
216 7
217 5
218 10
219 4
220 5
221 6
222 8
223 13
224 5
225 7
226 4
227 2
228 14
229 0
230 6
231 14
232 11
233 4
234 6
235 3
236 0
237 3
238 12
239 3
240 12
241 0
242 10
243 12
244 9
245 14
246 4
247 8
248 13
249 3
250 6
251 5
252 7
253 12
254 1
255 2
256 9
257 10
258 4
259 1
260 2
261 6
262 13
263 3
264 7
265 12
266 9
267 8
268 4
269 13
270 3
271 8
272 1
273 2
274 6
275 5
276 7
277 5
278 1
279 2
280 6
281 5
282 7
283 12
284 0
285 1
286 9
287 10
288 4
289 8
290 13
291 14
292 13
293 7
294 9
295 4
296 10
297 3
298 1
299 2
300 5
301 12
302 9
303 14
304 3
305 6
306 12
307 4
308 13
309 5
310 1
311 11
312 2
313 0
314 2
315 1
316 0
317 2
318 8
319 3
320 1
321 11
322 10
323 9
324 14
325 5
326 6
327 9
328 5
329 6
330 8
331 9
332 1
333 11
334 2
335 1
336 11
337 2
338 7
339 9
340 5
341 14
342 10
343 4
344 14
345 10
346 4
347 9
348 14
349 10
350 1
351 6
352 11
353 14
354 1
355 4
356 8
357 13
358 11
359 2
360 6
361 0
362 0
363 0
364 9
365 14
366 10
367 8
368 13
369 3
370 0
371 11
372 0
373 0
374 0
375 0
376 4
377 4
378 3
379 5
380 8
381 7
382 1
383 2
384 6
385 6
