problem_instance_file_name: zeroin.i.1.col
cmd_line: mpirun -n 8 MPI/mpi.py ../instances/zeroin.i.1.col ../results/2h_All_OK_2n_4t-n_16cpu --cpusPerTask 16
solver_version: v1.0.1
number_of_vertices: 211
number_of_edges: 8200
time_limit_sec: 9900
number_of_worker_processes: 8
number_of_cores_per_worker: 16
wall_time_sec: 16
is_within_time_limit: True
number_of_colors: 49
max_clique_size: 49
1 2
2 3
3 4
4 34
5 33
6 32
7 31
8 26
9 24
10 23
11 5
12 6
13 7
14 8
15 9
16 10
17 2
18 28
19 27
20 26
21 25
22 24
23 23
24 22
25 10
26 9
27 3
28 4
29 5
30 6
31 7
32 8
33 43
34 0
35 0
36 25
37 0
38 0
39 0
40 0
41 27
42 0
43 28
44 0
45 35
46 0
47 27
48 42
49 0
50 0
51 36
52 0
53 0
54 29
55 0
56 45
57 42
58 0
59 37
60 38
61 37
62 39
63 0
64 1
65 11
66 12
67 13
68 14
69 15
70 16
71 0
72 1
73 11
74 12
75 13
76 14
77 15
78 16
79 17
80 17
81 18
82 0
83 18
84 19
85 0
86 19
87 20
88 20
89 0
90 21
91 0
92 22
93 0
94 0
95 25
96 0
97 25
98 0
99 0
100 0
101 0
102 0
103 21
104 0
105 0
106 30
107 0
108 0
109 0
110 0
111 0
112 0
113 38
114 37
115 0
116 0
117 0
118 0
119 0
120 0
121 37
122 0
123 0
124 41
125 0
126 39
127 0
128 0
129 38
130 0
131 0
132 40
133 0
134 37
135 37
136 0
137 0
138 0
139 0
140 38
141 44
142 44
143 0
144 0
145 36
146 36
147 0
148 0
149 38
150 0
151 0
152 0
153 0
154 0
155 0
156 0
157 0
158 0
159 44
160 45
161 44
162 44
163 45
164 42
165 0
166 43
167 0
168 0
169 0
170 0
171 0
172 43
173 0
174 45
175 44
176 44
177 46
178 46
179 44
180 44
181 35
182 35
183 35
184 35
185 0
186 0
187 0
188 0
189 0
190 45
191 43
192 0
193 46
194 0
195 42
196 0
197 47
198 47
199 48
200 47
201 46
202 45
203 45
204 0
205 0
206 43
207 43
208 42
209 0
210 0
211 37
